/nas/student/NicolasKolbenschlag/emotion_uncertainty_bachelorarbeit/MuSe-LSTM-Attention-baseline-model/emotion_recognition/main_uncertainty.py --feature_set bert-4 --emo_dim_set valence --epochs 3 --refresh --n_seeds 1 --seed 314 --attn --rnn_bi --uncertainty_approach quantile_regression --loss tiltedCCC --load_subjectivity_from_file --clip 1
Constructing dataset and data loader ...
Constructing data from scratch ...
Subjectivities deserialized from file.
Samples in partitions: (3132, 62, 64)
Input feature dim: 768.
==================================================
Training model... [seed 314]
tCCC output nodes: tensor([1.0005, 0.9982, 1.0036], grad_fn=<CatBackward>)
tCCC output nodes: tensor([nan, nan, nan], grad_fn=<CatBackward>)
tCCC output nodes: tensor([nan, nan, nan], grad_fn=<CatBackward>)
tCCC output nodes: tensor([nan, nan, nan], grad_fn=<CatBackward>)
tCCC output nodes: tensor([nan, nan, nan])
tCCC output nodes: tensor([nan, nan, nan])
tCCC output nodes: tensor([nan, nan, nan])
tCCC output nodes: tensor([nan, nan, nan])
tCCC output nodes: tensor([nan, nan, nan])
tCCC output nodes: tensor([nan, nan, nan])
tCCC output nodes: tensor([nan, nan, nan])
tCCC output nodes: tensor([nan, nan, nan])
tCCC output nodes: tensor([nan, nan, nan])
tCCC output nodes: tensor([nan, nan, nan])
tCCC output nodes: tensor([nan, nan, nan])
tCCC output nodes: tensor([nan, nan, nan])
tCCC output nodes: tensor([nan, nan, nan])
tCCC output nodes: tensor([nan, nan, nan])
tCCC output nodes: tensor([nan, nan, nan])
tCCC output nodes: tensor([nan, nan, nan])
tCCC output nodes: tensor([nan, nan, nan])
tCCC output nodes: tensor([nan, nan, nan])
tCCC output nodes: tensor([nan, nan, nan])
tCCC output nodes: tensor([nan, nan, nan])
tCCC output nodes: tensor([nan, nan, nan])
tCCC output nodes: tensor([nan, nan, nan])
tCCC output nodes: tensor([nan, nan, nan])
tCCC output nodes: tensor([nan, nan, nan])
tCCC output nodes: tensor([nan, nan, nan])
tCCC output nodes: tensor([nan, nan, nan])
tCCC output nodes: tensor([nan, nan, nan])
tCCC output nodes: tensor([nan, nan, nan])
tCCC output nodes: tensor([nan, nan, nan])
tCCC output nodes: tensor([nan, nan, nan])
tCCC output nodes: tensor([nan, nan, nan])
tCCC output nodes: tensor([nan, nan, nan])
tCCC output nodes: tensor([nan, nan, nan])
tCCC output nodes: tensor([nan, nan, nan])
tCCC output nodes: tensor([nan, nan, nan])
tCCC output nodes: tensor([nan, nan, nan])
tCCC output nodes: tensor([nan, nan, nan])
tCCC output nodes: tensor([nan, nan, nan])
tCCC output nodes: tensor([nan, nan, nan])
tCCC output nodes: tensor([nan, nan, nan])
tCCC output nodes: tensor([nan, nan, nan])
tCCC output nodes: tensor([nan, nan, nan])
tCCC output nodes: tensor([nan, nan, nan])
tCCC output nodes: tensor([nan, nan, nan])
tCCC output nodes: tensor([nan, nan, nan])
tCCC output nodes: tensor([nan, nan, nan])
tCCC output nodes: tensor([nan, nan, nan])
tCCC output nodes: tensor([nan, nan, nan])
tCCC output nodes: tensor([nan, nan, nan])
tCCC output nodes: tensor([nan, nan, nan])
tCCC output nodes: tensor([nan, nan, nan])
tCCC output nodes: tensor([nan, nan, nan])
tCCC output nodes: tensor([nan, nan, nan])
tCCC output nodes: tensor([nan, nan, nan])
tCCC output nodes: tensor([nan, nan, nan])
tCCC output nodes: tensor([nan, nan, nan])
tCCC output nodes: tensor([nan, nan, nan])
tCCC output nodes: tensor([nan, nan, nan])
tCCC output nodes: tensor([nan, nan, nan])
tCCC output nodes: tensor([nan, nan, nan])
tCCC output nodes: tensor([nan, nan, nan])
tCCC output nodes: tensor([nan, nan, nan])
slurmstepd: *** JOB 112253 ON eihw-gpu1 CANCELLED AT 2021-06-16T21:21:05 ***
