MuSe-LSTM-Attention-baseline-model/emotion_recognition/main_uncertainty.py --feature_set bert-4 --emo_dim_set valence --epochs 100 --refresh --n_seeds 5 --seed 314 --predict --attn --rnn_bi --loss ccc
Constructing dataset and data loader ...
Constructing data from scratch ...
Found cached annotator 2 video mapping.
Constructing data from scratch ...
No label preprocessing (min -0.6726, max 1.0).
Found cached annotator 2 video mapping.
Constructing data from scratch ...
No label preprocessing (min -1.0, max 1.0).
Found cached annotator 2 video mapping.
Constructing data from scratch ...
No label preprocessing (min -0.7353, max 0.80704).
Found cached annotator 2 video mapping.
Constructing data from scratch ...
No label preprocessing (min -0.9549, max 1.0).
Found cached annotator 2 video mapping.
Constructing data from scratch ...
No label preprocessing (min -0.9706, max 0.9218999999999999).
Found cached annotator 2 video mapping.
Constructing data from scratch ...
No label preprocessing (min -0.39030000000000004, max 0.4687).
Found cached annotator 2 video mapping.
Constructing data from scratch ...
No label preprocessing (min -0.98725, max 1.0).
Found cached annotator 2 video mapping.
Constructing data from scratch ...
No label preprocessing (min -0.8137000000000001, max 1.0).
Found cached annotator 2 video mapping.
Constructing data from scratch ...
Exception for annotator 9: 9
Found cached annotator 2 video mapping.
Constructing data from scratch ...
Exception for annotator 10: 10
Found cached annotator 2 video mapping.
Constructing data from scratch ...
Exception for annotator 11: 11
Found cached annotator 2 video mapping.
Constructing data from scratch ...
Exception for annotator 12: 12
Found cached annotator 2 video mapping.
Constructing data from scratch ...
Exception for annotator 13: 13
Found cached annotator 2 video mapping.
Constructing data from scratch ...
Exception for annotator 14: 14
Found cached annotator 2 video mapping.
Constructing data from scratch ...
No label preprocessing (min -0.58476, max 1.0).
Found cached annotator 2 video mapping.
Constructing data from scratch ...
Exception for annotator 16: 16
Found cached annotator 2 video mapping.
Constructing data from scratch ...
Exception for annotator 17: 17
Samples in partitions: (3132, 62, 64)
Input feature dim: 768.
==================================================
Training model... [seed 314]
Note: target can not be optimized for 15 consecutive epochs, early stop the training process!
Seed 314 | Best [Val CCC]: 0.4305 [' 0.4305']| Loss: 0.6205 | PCC: 0.4362 ['0.4362'] | RMSE: 0.1673 ['0.1673']
sbUME: 0.690559310698138
pebUME(5): 0.8420496363490655
pebUME(50): 0.7402847344875366
pebUME(200): 0.6538734737179601
pebUME(500): 0.632436177995206
On Test: sbUME 0.6906 | pebUME(5) 0.8420 | pebUME(50) 0.7403 | pebUME(200) 0.6539 | pebUME(500) 0.6324 | Cv 0.5750
On Test: CCC  0.5833 | PCC  0.5937 | RMSE  0.1651
==================================================
Training model... [seed 315]
Note: target can not be optimized for 15 consecutive epochs, early stop the training process!
Seed 315 | Best [Val CCC]: 0.4541 [' 0.4541']| Loss: 0.6135 | PCC: 0.4565 ['0.4565'] | RMSE: 0.1777 ['0.1777']
sbUME: 0.6958680477628587
pebUME(5): 0.8114089964065544
pebUME(50): 0.7506781340962325
pebUME(200): 0.7136089707686789
pebUME(500): 0.6842352432906097
On Test: sbUME 0.6959 | pebUME(5) 0.8114 | pebUME(50) 0.7507 | pebUME(200) 0.7136 | pebUME(500) 0.6842 | Cv 0.5762
On Test: CCC  0.5820 | PCC  0.5928 | RMSE  0.1708
==================================================
Training model... [seed 316]
