/nas/student/NicolasKolbenschlag/emotion_uncertainty_bachelorarbeit/MuSe-LSTM-Attention-baseline-model/emotion_recognition/main_uncertainty.py --feature_set bert-4 --emo_dim_set valence --epochs 1 --refresh --n_seeds 1 --seed 314 --attn --rnn_bi --loss ccc --uncertainty_approach monte_carlo_dropout --attn_dr .5 --out_dr .5 --rnn_n_layers 2 --rnn_dr .5 --measure_uncertainty_globally
Constructing dataset and data loader ...
Constructing data from scratch ...
Found cached annotator 2 video mapping.
Constructing data from scratch ...
No label preprocessing (min -0.6726, max 1.0).
Found cached annotator 2 video mapping.
Constructing data from scratch ...
No label preprocessing (min -1.0, max 1.0).
Found cached annotator 2 video mapping.
Constructing data from scratch ...
No label preprocessing (min -0.7353, max 0.80704).
Found cached annotator 2 video mapping.
Constructing data from scratch ...
No label preprocessing (min -0.9549, max 1.0).
Found cached annotator 2 video mapping.
Constructing data from scratch ...
No label preprocessing (min -0.9706, max 0.9218999999999999).
Found cached annotator 2 video mapping.
Constructing data from scratch ...
No label preprocessing (min -0.39030000000000004, max 0.4687).
Found cached annotator 2 video mapping.
Constructing data from scratch ...
No label preprocessing (min -0.98725, max 1.0).
Found cached annotator 2 video mapping.
Constructing data from scratch ...
No label preprocessing (min -0.8137000000000001, max 1.0).
Found cached annotator 2 video mapping.
Constructing data from scratch ...
Exception for annotator 9: 9
Found cached annotator 2 video mapping.
Constructing data from scratch ...
Exception for annotator 10: 10
Found cached annotator 2 video mapping.
Constructing data from scratch ...
Exception for annotator 11: 11
Found cached annotator 2 video mapping.
Constructing data from scratch ...
Exception for annotator 12: 12
Found cached annotator 2 video mapping.
Constructing data from scratch ...
Exception for annotator 13: 13
Found cached annotator 2 video mapping.
Constructing data from scratch ...
Exception for annotator 14: 14
Found cached annotator 2 video mapping.
Constructing data from scratch ...
No label preprocessing (min -0.58476, max 1.0).
Found cached annotator 2 video mapping.
Constructing data from scratch ...
Exception for annotator 16: 16
Found cached annotator 2 video mapping.
Constructing data from scratch ...
Exception for annotator 17: 17
Samples in partitions: (3132, 62, 64)
Input feature dim: 768.
==================================================
Training model... [seed 314]
Seed 314 | Best [Val CCC]: 0.0243 [' 0.0243']| Loss: 0.9756 | PCC: 0.1523 ['0.1523'] | RMSE: 0.7830 ['0.7830']
--------------------TEST--------------------
[0.84007985 0.78458862 0.78471186 0.8308808  0.75625078 0.75979235
 0.82448016 0.81199697 0.82516735 0.86633476 0.82798857 0.81490281
 0.74748996 0.83292614 0.73151369 0.85532051 0.84047799 0.84261051
 0.87248236 0.78642061 0.86307782 0.84047233 0.75288953 0.80763331
 0.84597802 0.84988304 0.84735111 0.84481914 0.83622337 0.76452683
 0.86401703 0.7397194  0.74465387 0.81111287 0.67850065 0.73938837
 0.76438632 0.74766804 0.48280895 0.5814227  0.63668546 0.62140547
 0.55348891 0.74809225 0.73496126 0.7566725  0.79015446 0.775112
 0.73268067 0.69349784 0.78221776 0.72628044 0.71006959 0.61073283
 0.73429417 0.74706272 0.73225433 0.66722866 0.76575603 0.68213487
 0.66165962 0.72311888]
[-0.0130525   0.32437876  0.04959703  0.08391025  0.3826152   0.01552276
  0.16770744  0.13971439  0.10209735  0.05524743  0.10446028  0.02927979
  0.02357653  0.0369132   0.06175379  0.01752151  0.04637047  0.10108344
  0.14549306  0.17158309  0.08435814  0.01003089  0.13734835  0.21380422
  0.09840287  0.0844828   0.04481249  0.04017502 -0.01202978  0.04896013
  0.13084999  0.04699508  0.1332952   0.1428969   0.19155914  0.24818918
  0.25566846  0.13901533  0.4145926   0.07989263  0.41103888  0.06088544
  0.19382446  0.00105457  0.09919863  0.05652939  0.04447209  0.08153148
  0.10764001  0.04806979  0.12428512  0.24273096  0.17976335  0.04811273
  0.21161598  0.06684908  0.30449116  0.25658992  0.17554843  0.23139746
  0.23430511  0.22782937]
[0.78472031 0.80232698 0.86144345 0.85772513 0.83966596 0.44961238
 0.79001045 0.73225574 0.7874998  0.81565518 0.7825955  0.8173793
 0.80811036 0.7670798  0.76241125 0.75685601 0.81384237 0.72741911
 0.67133662 0.81456856 0.78204524 0.81933659 0.77931474 0.63651582
 0.77352401 0.82880909 0.79155509 0.74696486 0.84702272 0.80893096
 0.74656026 0.71794195 0.68422549 0.84515873 0.69327873 0.8147057
 0.846109   0.79198282 0.80895427 0.70834617 0.77974108 0.71098082
 0.78373301 0.78564742 0.86017489 0.78382256 0.77514178 0.63298488
 0.77784742 0.52188446 0.81490912 0.82748986 0.70980611 0.7912431
 0.50358671 0.8610659  0.70416071 0.83435603 0.82611128 0.74885748
 0.79585272 0.69227685 0.75855257 0.73377285]
Uncalibrated scores and benchmarking with random uncertainty quntification:
GsbUME: [0.5691493922224418], rand. GsbUME: [0.11023553016132026]
GpebUME: [0.7100403577968027], rand. GpebUME: [0.04042040750873049]
true-subjectivity-vs.-prediction-error: [0.14125696135722032]
Calibrated on true subjectivity:
GsbUME: [0.09001115380085481]
GpebUME: [0.07761248834933629]
Calibrated on prediction score:
GsbUME: [0.16954571088187398]
GpebUME: [0.03507703898653054]
--------------------DEVEL--------------------
slurmstepd: *** JOB 111596 ON eihw-gpu4 CANCELLED AT 2021-05-31T11:13:26 ***
slurmstepd: Exceeded step memory limit at some point.
