/nas/student/NicolasKolbenschlag/emotion_uncertainty_bachelorarbeit/MuSe-LSTM-Attention-baseline-model/emotion_recognition/main_uncertainty.py --feature_set bert-4 --emo_dim_set valence --epochs 100 --refresh --n_seeds 2 --seed 314 --attn --rnn_bi --loss ccc --uncertainty_approach monte_carlo_dropout --attn_dr .5 --out_dr .5 --rnn_n_layers 2 --rnn_dr .5 --ume_rolling_scaling_window 200
Constructing dataset and data loader ...
Constructing data from scratch ...
Found cached annotator 2 video mapping.
Constructing data from scratch ...
No label preprocessing (min -0.6726, max 1.0).
Found cached annotator 2 video mapping.
Constructing data from scratch ...
No label preprocessing (min -1.0, max 1.0).
Found cached annotator 2 video mapping.
Constructing data from scratch ...
No label preprocessing (min -0.7353, max 0.80704).
Found cached annotator 2 video mapping.
Constructing data from scratch ...
No label preprocessing (min -0.9549, max 1.0).
Found cached annotator 2 video mapping.
Constructing data from scratch ...
No label preprocessing (min -0.9706, max 0.9218999999999999).
Found cached annotator 2 video mapping.
Constructing data from scratch ...
No label preprocessing (min -0.39030000000000004, max 0.4687).
Found cached annotator 2 video mapping.
Constructing data from scratch ...
No label preprocessing (min -0.98725, max 1.0).
Found cached annotator 2 video mapping.
Constructing data from scratch ...
No label preprocessing (min -0.8137000000000001, max 1.0).
Found cached annotator 2 video mapping.
Constructing data from scratch ...
Exception for annotator 9: 9
Found cached annotator 2 video mapping.
Constructing data from scratch ...
Exception for annotator 10: 10
Found cached annotator 2 video mapping.
Constructing data from scratch ...
Exception for annotator 11: 11
Found cached annotator 2 video mapping.
Constructing data from scratch ...
Exception for annotator 12: 12
Found cached annotator 2 video mapping.
Constructing data from scratch ...
Exception for annotator 13: 13
Found cached annotator 2 video mapping.
Constructing data from scratch ...
Exception for annotator 14: 14
Found cached annotator 2 video mapping.
Constructing data from scratch ...
No label preprocessing (min -0.58476, max 1.0).
Found cached annotator 2 video mapping.
Constructing data from scratch ...
Exception for annotator 16: 16
Found cached annotator 2 video mapping.
Constructing data from scratch ...
Exception for annotator 17: 17
Samples in partitions: (3132, 62, 64)
Input feature dim: 768.
==================================================
Training model... [seed 314]
Note: target can not be optimized for 15 consecutive epochs, early stop the training process!
Seed 314 | Best [Val CCC]: 0.4312 [' 0.4312']| Loss: 0.6175 | PCC: 0.4429 ['0.4429'] | RMSE: 0.1844 ['0.1844']
Should be 1: 1.0
Should be 1: 1.0
Should be 1: 1.0
Should be 1: 1.0
Subjectivity vs. roll.-corr.-coef.: [{3: 0.011599919248286744, 5: 0.021013405092272085, 7: 0.025572622362490183, 10: 0.024953838548167497}]
On Test (uncal.): sbUME 0.2825 | pebUME(3) 0.4175 | pebUME(5) 0.4010 | pebUME(7) 0.4052 | pebUME(10) 0.4154 | Cv 0.3434
On Test (cal.): sbUME 0.4067 | pebUME(3) 0.5558 | pebUME(5) 0.5710 | pebUME(7) 0.5801 | pebUME(10) 0.5912 | Cv 0.0740
On Test: CCC  0.6050 | PCC  0.6196 | RMSE  0.1611
==================================================
Training model... [seed 315]
Note: target can not be optimized for 15 consecutive epochs, early stop the training process!
Seed 315 | Best [Val CCC]: 0.4431 [' 0.4431']| Loss: 0.6209 | PCC: 0.4516 ['0.4516'] | RMSE: 0.1921 ['0.1921']
Should be 1: 1.0
Should be 1: 1.0
Should be 1: 1.0
Should be 1: 1.0
Subjectivity vs. roll.-corr.-coef.: [{3: 0.011902877162236309, 5: 0.018979350210734103, 7: 0.023704981979035394, 10: 0.02461077616215021}]
On Test (uncal.): sbUME 0.2831 | pebUME(3) 0.4199 | pebUME(5) 0.4043 | pebUME(7) 0.4099 | pebUME(10) 0.4191 | Cv 0.3507
On Test (cal.): sbUME 0.3959 | pebUME(3) 0.5519 | pebUME(5) 0.5662 | pebUME(7) 0.5765 | pebUME(10) 0.5882 | Cv 0.0766
On Test: CCC  0.6060 | PCC  0.6181 | RMSE  0.1548
==================================================
On ground-truth labels:	Best	[Val CCC] for seed "315":	 0.4431
On ground-truth labels:		[Test CCC] for seed "315":	 0.6060
----------------------------------------------------------------------------------------------------
Delete model "MuSe-LSTM-Attention-baseline-model/output/model/2021-05-19-09-00_[bert-4]_[valence]_[NOSEG]_[lstm_64_2_True]_[True_1_4]_[0.005_1024_0.5_0.5_0.5]_None_[2_315_None_None].pth".
slurmstepd: Exceeded step memory limit at some point.
slurmstepd: Exceeded job memory limit at some point.
