MuSe-LSTM-Attention-baseline-model/emotion_recognition/main_uncertainty.py --feature_set vggish --emo_dim_set arousal --epochs 100 --refresh --n_seeds 2 --seed 314 --predict --attn --rnn_bi --loss ccc
Constructing dataset and data loader ...
Constructing data from scratch ...
Dumping anno2vid mapping...
Constructing data from scratch ...
No label preprocessing (min -0.6098, max 1.0).
Found cached annotator 2 video mapping.
Constructing data from scratch ...
No label preprocessing (min -0.6961, max 1.0).
Found cached annotator 2 video mapping.
Constructing data from scratch ...
No label preprocessing (min -0.6726, max 0.70778).
Found cached annotator 2 video mapping.
Constructing data from scratch ...
No label preprocessing (min -0.853, max 0.9452999999999999).
Found cached annotator 2 video mapping.
Constructing data from scratch ...
No label preprocessing (min -0.7745, max 1.0).
Found cached annotator 2 video mapping.
Constructing data from scratch ...
No label preprocessing (min -0.39030000000000004, max 0.7343999999999999).
Found cached annotator 2 video mapping.
Constructing data from scratch ...
No label preprocessing (min -1.0, max 1.0).
Found cached annotator 2 video mapping.
Constructing data from scratch ...
No label preprocessing (min -1.0, max 1.0).
Found cached annotator 2 video mapping.
Constructing data from scratch ...
Exception for annotator 9: 9
Found cached annotator 2 video mapping.
Constructing data from scratch ...
Exception for annotator 10: 10
Found cached annotator 2 video mapping.
Constructing data from scratch ...
Exception for annotator 11: 11
Found cached annotator 2 video mapping.
Constructing data from scratch ...
Exception for annotator 12: 12
Found cached annotator 2 video mapping.
Constructing data from scratch ...
Exception for annotator 13: 13
Found cached annotator 2 video mapping.
Constructing data from scratch ...
Exception for annotator 14: 14
Found cached annotator 2 video mapping.
Constructing data from scratch ...
No label preprocessing (min -0.39030000000000004, max 1.0).
Found cached annotator 2 video mapping.
Constructing data from scratch ...
Exception for annotator 16: 16
Found cached annotator 2 video mapping.
Constructing data from scratch ...
Exception for annotator 17: 17
Samples in partitions: (3122, 62, 64)
Input feature dim: 128.
==================================================
Training model... [seed 314]
Note: target can not be optimized for 15 consecutive epochs, early stop the training process!
Seed 314 | Best [Val CCC]: 0.4105 [' 0.4105']| Loss: 0.5887 | PCC: 0.4127 ['0.4127'] | RMSE: 0.1711 ['0.1711']
On Test (uncal.): sbUME 0.2693 | pebUME(3) 0.4076 | pebUME(5) 0.3726 | pebUME(7) 0.3614 | pebUME(10) 0.3533 | Cv 0.5783
On Test (cal.): sbUME 0.1038 | pebUME(3) 0.3713 | pebUME(5) 0.3204 | pebUME(7) 0.3029 | pebUME(10) 0.2888 | Cv 0.0108
On Test: CCC  0.0891 | PCC  0.0928 | RMSE  0.2009
==================================================
Training model... [seed 315]
Note: target can not be optimized for 15 consecutive epochs, early stop the training process!
Seed 315 | Best [Val CCC]: 0.4037 [' 0.4037']| Loss: 0.6121 | PCC: 0.4044 ['0.4044'] | RMSE: 0.1698 ['0.1698']
On Test (uncal.): sbUME 0.2692 | pebUME(3) 0.4103 | pebUME(5) 0.3766 | pebUME(7) 0.3646 | pebUME(10) 0.3553 | Cv 0.5783
On Test (cal.): sbUME 0.1224 | pebUME(3) 0.3754 | pebUME(5) 0.3258 | pebUME(7) 0.3064 | pebUME(10) 0.2898 | Cv 0.0123
On Test: CCC  0.1865 | PCC  0.2080 | RMSE  0.1897
==================================================
On ground-truth labels:	Best	[Val CCC] for seed "314":	 0.4105
On ground-truth labels:		[Test CCC] for seed "314":	 0.0891
----------------------------------------------------------------------------------------------------
Predict val & test videos...
...done.
Delete model "MuSe-LSTM-Attention-baseline-model/output/model/2021-05-12-01-33_[vggish]_[arousal]_[NOSEG]_[lstm_64_1_True]_[True_1_4]_[0.005_1024_0.0_0.0_0.0]_None_[2_314_None_None].pth".
MuSe-LSTM-Attention-baseline-model/emotion_recognition/main_uncertainty.py --feature_set vggish --emo_dim_set arousal --epochs 100 --refresh --n_seeds 2 --seed 314 --predict --attn --rnn_bi --loss ccc --uncertainty_approach monte_carlo_dropout --attn_dr .5 --out_dr .5 --rnn_n_layers 2 --rnn_dr .5
Constructing dataset and data loader ...
Constructing data from scratch ...
Found cached annotator 2 video mapping.
Constructing data from scratch ...
No label preprocessing (min -0.6098, max 1.0).
Found cached annotator 2 video mapping.
Constructing data from scratch ...
No label preprocessing (min -0.6961, max 1.0).
Found cached annotator 2 video mapping.
Constructing data from scratch ...
No label preprocessing (min -0.6726, max 0.70778).
Found cached annotator 2 video mapping.
Constructing data from scratch ...
No label preprocessing (min -0.853, max 0.9452999999999999).
Found cached annotator 2 video mapping.
Constructing data from scratch ...
No label preprocessing (min -0.7745, max 1.0).
Found cached annotator 2 video mapping.
Constructing data from scratch ...
No label preprocessing (min -0.39030000000000004, max 0.7343999999999999).
Found cached annotator 2 video mapping.
Constructing data from scratch ...
No label preprocessing (min -1.0, max 1.0).
Found cached annotator 2 video mapping.
Constructing data from scratch ...
No label preprocessing (min -1.0, max 1.0).
Found cached annotator 2 video mapping.
Constructing data from scratch ...
Exception for annotator 9: 9
Found cached annotator 2 video mapping.
Constructing data from scratch ...
Exception for annotator 10: 10
Found cached annotator 2 video mapping.
Constructing data from scratch ...
Exception for annotator 11: 11
Found cached annotator 2 video mapping.
Constructing data from scratch ...
Exception for annotator 12: 12
Found cached annotator 2 video mapping.
Constructing data from scratch ...
Exception for annotator 13: 13
Found cached annotator 2 video mapping.
Constructing data from scratch ...
Exception for annotator 14: 14
Found cached annotator 2 video mapping.
Constructing data from scratch ...
No label preprocessing (min -0.39030000000000004, max 1.0).
Found cached annotator 2 video mapping.
Constructing data from scratch ...
Exception for annotator 16: 16
Found cached annotator 2 video mapping.
Constructing data from scratch ...
Exception for annotator 17: 17
Samples in partitions: (3122, 62, 64)
Input feature dim: 128.
==================================================
Training model... [seed 314]
Note: target can not be optimized for 15 consecutive epochs, early stop the training process!
Seed 314 | Best [Val CCC]: 0.4143 [' 0.4143']| Loss: 0.5886 | PCC: 0.4144 ['0.4144'] | RMSE: 0.1681 ['0.1681']
On Test (uncal.): sbUME 0.4772 | pebUME(3) 0.4424 | pebUME(5) 0.4275 | pebUME(7) 0.4234 | pebUME(10) 0.4202 | Cv 1.0159
On Test (cal.): sbUME 0.3884 | pebUME(3) 0.4887 | pebUME(5) 0.4826 | pebUME(7) 0.4822 | pebUME(10) 0.4837 | Cv 0.2132
On Test: CCC  0.1817 | PCC  0.2013 | RMSE  0.1936
==================================================
Training model... [seed 315]
slurmstepd: *** JOB 110609 ON eihw-gpu1 CANCELLED AT 2021-05-12T14:04:10 ***
