MuSe-LSTM-Attention-baseline-model/emotion_recognition/main_calibration.py --feature_set bert-4 --emo_dim_set valence --epochs 1 --refresh --n_seeds 1 --seed 314 --predict --attn --rnn_bi --loss ccc --uncertainty_approach monte_carlo_dropout --attn_dr .3 --out_dr .3
Constructing dataset and data loader ...
Constructing data from scratch ...
Found cached annotator 2 video mapping.
Constructing data from scratch ...
No label preprocessing (min -0.6726, max 1.0).
Found cached annotator 2 video mapping.
Constructing data from scratch ...
No label preprocessing (min -1.0, max 1.0).
Found cached annotator 2 video mapping.
Constructing data from scratch ...
No label preprocessing (min -0.7353, max 0.80704).
Found cached annotator 2 video mapping.
Constructing data from scratch ...
No label preprocessing (min -0.9549, max 1.0).
Found cached annotator 2 video mapping.
Constructing data from scratch ...
No label preprocessing (min -0.9706, max 0.9218999999999999).
Found cached annotator 2 video mapping.
Constructing data from scratch ...
No label preprocessing (min -0.39030000000000004, max 0.4687).
Found cached annotator 2 video mapping.
Constructing data from scratch ...
No label preprocessing (min -0.98725, max 1.0).
Found cached annotator 2 video mapping.
Constructing data from scratch ...
No label preprocessing (min -0.8137000000000001, max 1.0).
Found cached annotator 2 video mapping.
Constructing data from scratch ...
Exception for annotator 9: 9
Found cached annotator 2 video mapping.
Constructing data from scratch ...
Exception for annotator 10: 10
Found cached annotator 2 video mapping.
Constructing data from scratch ...
Exception for annotator 11: 11
Found cached annotator 2 video mapping.
Constructing data from scratch ...
Exception for annotator 12: 12
Found cached annotator 2 video mapping.
Constructing data from scratch ...
Exception for annotator 13: 13
Found cached annotator 2 video mapping.
Constructing data from scratch ...
Exception for annotator 14: 14
Found cached annotator 2 video mapping.
Constructing data from scratch ...
No label preprocessing (min -0.58476, max 1.0).
Found cached annotator 2 video mapping.
Constructing data from scratch ...
Exception for annotator 16: 16
Found cached annotator 2 video mapping.
Constructing data from scratch ...
Exception for annotator 17: 17
Samples in partitions: (3122, 62, 64)
Input feature dim: 768.
==================================================
Training model... [seed 314]
Seed 314 | Best [Val CCC]: 0.1594 [' 0.1594']| Loss: 0.8540 | PCC: 0.1640 ['0.1640'] | RMSE: 0.5667 ['0.5667']
Traceback (most recent call last):
  File "MuSe-LSTM-Attention-baseline-model/emotion_recognition/main_calibration.py", line 323, in <module>
    main(params)
  File "MuSe-LSTM-Attention-baseline-model/emotion_recognition/main_calibration.py", line 225, in main
    ence_uncal, ence_cal, cv_uncal, cv_cal = calibration_utilities.evaluate_calibration(model, data_loader["test"], data_loader["devel"], params)
  File "/nas/student/NicolasKolbenschlag/emotion_uncertainty_bachelorarbeit/MuSe-LSTM-Attention-baseline-model/emotion_recognition/calibration_utilities.py", line 229, in evaluate_calibration
    full_means, full_vars, full_labels, full_subjectivities, full_means_val, full_vars_val, full_labels_val, full_subjectivities_val = outputs_mc_dropout(model, test_loader, val_loader, params)
  File "/nas/student/NicolasKolbenschlag/emotion_uncertainty_bachelorarbeit/MuSe-LSTM-Attention-baseline-model/emotion_recognition/calibration_utilities.py", line 150, in outputs_mc_dropout
    full_means, full_vars, full_labels, full_subjectivities = np.row_stack(full_means), np.row_stack(full_vars), np.row_stack(full_labels), np.row_stack(full_subjectivities)
  File "<__array_function__ internals>", line 6, in vstack
  File "/nas/student/NicolasKolbenschlag/emotion_uncertainty_bachelorarbeit/venv/lib/python3.7/site-packages/numpy/core/shape_base.py", line 283, in vstack
    return _nx.concatenate(arrs, 0)
  File "<__array_function__ internals>", line 6, in concatenate
ValueError: all the input array dimensions for the concatenation axis must match exactly, but along dimension 1, the array at index 0 has size 1402 and the array at index 1 has size 1538
