/nas/student/NicolasKolbenschlag/emotion_uncertainty_bachelorarbeit/MuSe-LSTM-Attention-baseline-model/emotion_recognition/main_uncertainty.py --feature_set bert-4 --emo_dim_set valence --epochs 100 --refresh --n_seeds 3 --seed 314 --attn --rnn_bi --loss ccc --uncertainty_approach monte_carlo_dropout --attn_dr .5 --out_dr .5 --rnn_n_layers 2 --rnn_dr .5
Constructing dataset and data loader ...
Constructing data from scratch ...
Found cached annotator 2 video mapping.
Constructing data from scratch ...
No label preprocessing (min -0.6726, max 1.0).
Found cached annotator 2 video mapping.
Constructing data from scratch ...
No label preprocessing (min -1.0, max 1.0).
Found cached annotator 2 video mapping.
Constructing data from scratch ...
No label preprocessing (min -0.7353, max 0.80704).
Found cached annotator 2 video mapping.
Constructing data from scratch ...
No label preprocessing (min -0.9549, max 1.0).
Found cached annotator 2 video mapping.
Constructing data from scratch ...
No label preprocessing (min -0.9706, max 0.9218999999999999).
Found cached annotator 2 video mapping.
Constructing data from scratch ...
No label preprocessing (min -0.39030000000000004, max 0.4687).
Found cached annotator 2 video mapping.
Constructing data from scratch ...
No label preprocessing (min -0.98725, max 1.0).
Found cached annotator 2 video mapping.
Constructing data from scratch ...
No label preprocessing (min -0.8137000000000001, max 1.0).
Found cached annotator 2 video mapping.
Constructing data from scratch ...
Exception for annotator 9: 9
Found cached annotator 2 video mapping.
Constructing data from scratch ...
Exception for annotator 10: 10
Found cached annotator 2 video mapping.
Constructing data from scratch ...
Exception for annotator 11: 11
Found cached annotator 2 video mapping.
Constructing data from scratch ...
Exception for annotator 12: 12
Found cached annotator 2 video mapping.
Constructing data from scratch ...
Exception for annotator 13: 13
Found cached annotator 2 video mapping.
Constructing data from scratch ...
Exception for annotator 14: 14
Found cached annotator 2 video mapping.
Constructing data from scratch ...
No label preprocessing (min -0.58476, max 1.0).
Found cached annotator 2 video mapping.
Constructing data from scratch ...
Exception for annotator 16: 16
Found cached annotator 2 video mapping.
Constructing data from scratch ...
Exception for annotator 17: 17
Samples in partitions: (3132, 62, 64)
Input feature dim: 768.
==================================================
Training model... [seed 314]
Note: target can not be optimized for 15 consecutive epochs, early stop the training process!
Seed 314 | Best [Val CCC]: 0.4312 [' 0.4312']| Loss: 0.6175 | PCC: 0.4429 ['0.4429'] | RMSE: 0.1844 ['0.1844']
UNCALIBRATED
sbUMEs: [{None: 0.3022662055441749, 10: 0.39243760848837644, 200: 0.3288384087392725, 500: 0.32289943831424595}]
pebUMES[{None: {3: 0.4214000516817115, 5: 0.4051086363425442, 7: 0.41008766832287896, 10: 0.42100956349699425}, 10: {3: 0.4120154058758543, 5: 0.40333921073716733, 7: 0.40420150989592, 10: 0.4092281489025043}, 200: {3: 0.36625575708775227, 5: 0.3380606476223553, 7: 0.3355660689226838, 10: 0.3380454536993083}, 500: {3: 0.36394804529637165, 5: 0.3332081162497707, 7: 0.3286979618166535, 10: 0.32960347786438343}}]
Cvs: [{'predicted uncertainty': 0.6971598589905228, 'true subjectivity': 0.4319405705256636, 'true rolling error 3': 5.64007577894676}]
Subjectivity vs. roll.-corr.-coef.: [{3: 0.011599919248286744, 5: 0.021013405092272085, 7: 0.025572622362490183, 10: 0.024953838548167497}]
CALIBRATED on subjectivity:
sbUMEs: [{None: 0.4715787844360556, 10: 0.4604658187386138, 200: 0.4096351960982781, 500: 0.4068877760395939}]
pebUMES[{None: {3: 0.5241865167507223, 5: 0.5412284507742918, 7: 0.5518954043961355, 10: 0.5640219317247369}, 10: {3: 0.520847706365372, 5: 0.519698261444012, 7: 0.518073000476703, 10: 0.5180383233590057}, 200: {3: 0.5242449046644422, 5: 0.5396702672929841, 7: 0.5478218963642872, 10: 0.5574879259936094}, 500: {3: 0.5241849566974276, 5: 0.5405045413917792, 7: 0.549887700313087, 10: 0.5607494812986219}}]
Cvs: [{'predicted uncertainty': 0.33646701410809976, 'true subjectivity': 0.4319405705256636, 'true rolling error 3': 5.64007577894676}]

CALIBRATED on rolling_error_3:
sbUMEs: [{None: 0.24287855463367095, 10: 0.40622338725498935, 200: 0.27681994233523444, 500: 0.26103733486597697}]
pebUMES[{None: {3: 0.38210028312534516, 5: 0.3536549458759092, 7: 0.3516871025277519, 10: 0.35672974258640433}, 10: {3: 0.4474257874059144, 5: 0.4391721391151696, 7: 0.43866414845810303, 10: 0.44107514741523357}, 200: {3: 0.3901927597443617, 5: 0.36671973370138894, 7: 0.3673794477116137, 10: 0.3742316694525835}, 500: {3: 0.3865053744522508, 5: 0.3604972547511231, 7: 0.3598335096760233, 10: 0.3658509061337426}}]
Cvs: [{'predicted uncertainty': 0.4928678946375273, 'true subjectivity': 0.4319405705256636, 'true rolling error 3': 5.64007577894676}]

CALIBRATED on rolling_error_5:
sbUMEs: [{None: 0.2641795820298735, 10: 0.40977837633119324, 200: 0.28269586273301706, 500: 0.268496559435663}]
pebUMES[{None: {3: 0.39774286359659317, 5: 0.37408087653263944, 7: 0.3742800776057951, 10: 0.38092972446791096}, 10: {3: 0.45606534713752334, 5: 0.44787313092829134, 7: 0.44699459667784064, 10: 0.44887674430343927}, 200: {3: 0.40763133309389127, 5: 0.3888754028883365, 7: 0.3909818451725102, 10: 0.3986828496135417}, 500: {3: 0.4051198891515424, 5: 0.38459225655181783, 7: 0.38595423193122075, 10: 0.3932595872600005}}]
Cvs: [{'predicted uncertainty': 0.454663831047309, 'true subjectivity': 0.4319405705256636, 'true rolling error 3': 5.64007577894676}]

On Test: CCC  0.6050 | PCC  0.6196 | RMSE  0.1611
==================================================
Training model... [seed 315]
Note: target can not be optimized for 15 consecutive epochs, early stop the training process!
Seed 315 | Best [Val CCC]: 0.4431 [' 0.4431']| Loss: 0.6209 | PCC: 0.4516 ['0.4516'] | RMSE: 0.1921 ['0.1921']
UNCALIBRATED
sbUMEs: [{None: 0.30125709751680113, 10: 0.3925578280686166, 200: 0.32914844932317133, 500: 0.3241398691825483}]
pebUMES[{None: {3: 0.4236697562892317, 5: 0.40824842169258246, 7: 0.41429646702416423, 10: 0.42429687421346624}, 10: {3: 0.41443332066839106, 5: 0.40862711833069965, 7: 0.40947735933446155, 10: 0.4116746634612572}, 200: {3: 0.3683794018664063, 5: 0.3413524932445371, 7: 0.33817672096491513, 10: 0.33873509985706723}, 500: {3: 0.3657845985403177, 5: 0.336347975589495, 7: 0.3314342681150698, 10: 0.3300990911596235}}]
Cvs: [{'predicted uncertainty': 0.7050934027554534, 'true subjectivity': 0.4319405705256636, 'true rolling error 3': 5.243081814968257}]
Subjectivity vs. roll.-corr.-coef.: [{3: 0.011902877162236309, 5: 0.018979350210734103, 7: 0.023704981979035394, 10: 0.02461077616215021}]
CALIBRATED on subjectivity:
sbUMEs: [{None: 0.4300443239871917, 10: 0.4544571260141767, 200: 0.3994162734450296, 500: 0.39303782342440075}]
pebUMES[{None: {3: 0.5007069380860085, 5: 0.5102597582682517, 7: 0.5204911036062475, 10: 0.5314485765204551}, 10: {3: 0.5197786992602177, 5: 0.5179794114477169, 7: 0.5162359269946323, 10: 0.5149459469958708}, 200: {3: 0.5234700538025315, 5: 0.5367491326587485, 7: 0.5456878308126585, 10: 0.554928007126269}, 500: {3: 0.5207583567141921, 5: 0.5343115455869734, 7: 0.5439057449083456, 10: 0.5547501866314674}}]
Cvs: [{'predicted uncertainty': 0.33814230788350647, 'true subjectivity': 0.4319405705256636, 'true rolling error 3': 5.243081814968257}]

CALIBRATED on rolling_error_3:
sbUMEs: [{None: 0.2785691758264734, 10: 0.41495207577108123, 200: 0.3308148344654512, 500: 0.32235187625785594}]
pebUMES[{None: {3: 0.37665196000244083, 5: 0.350121393061908, 7: 0.345190465479921, 10: 0.34459438933845943}, 10: {3: 0.4331033640355966, 5: 0.4310296068346537, 7: 0.43145771979347847, 10: 0.4336031775136125}, 200: {3: 0.38485584179311616, 5: 0.3633286054782299, 7: 0.36182285669037406, 10: 0.36383487862331326}, 500: {3: 0.38170251002035455, 5: 0.35789236259959994, 7: 0.3549614379456983, 10: 0.3555218087478342}}]
Cvs: [{'predicted uncertainty': 0.7212646709965237, 'true subjectivity': 0.4319405705256636, 'true rolling error 3': 5.243081814968257}]

CALIBRATED on rolling_error_5:
sbUMEs: [{None: 0.27163204221380544, 10: 0.4123961583691664, 200: 0.32470166198431183, 500: 0.31691171270278495}]
pebUMES[{None: {3: 0.3772870190462366, 5: 0.35031362076836464, 7: 0.3456973433304663, 10: 0.3456602409837444}, 10: {3: 0.43429530766961066, 5: 0.4317805372070972, 7: 0.4320316948995759, 10: 0.4340932587430953}, 200: {3: 0.3897552206027134, 5: 0.3687536397370131, 7: 0.36771108351531145, 10: 0.37039727930515837}, 500: {3: 0.3888013332228953, 5: 0.366283954728446, 7: 0.36408505861938667, 10: 0.36562470815623965}}]
Cvs: [{'predicted uncertainty': 0.6885338749482143, 'true subjectivity': 0.4319405705256636, 'true rolling error 3': 5.243081814968257}]

On Test: CCC  0.6060 | PCC  0.6181 | RMSE  0.1548
==================================================
Training model... [seed 316]
Note: target can not be optimized for 15 consecutive epochs, early stop the training process!
Seed 316 | Best [Val CCC]: 0.4489 [' 0.4489']| Loss: 0.5958 | PCC: 0.4500 ['0.4500'] | RMSE: 0.1740 ['0.1740']
UNCALIBRATED
sbUMEs: [{None: 0.3014643791191257, 10: 0.3916706137587371, 200: 0.32816544666532416, 500: 0.3222891846646125}]
pebUMES[{None: {3: 0.4220551609611032, 5: 0.4046163529138626, 7: 0.410177931715285, 10: 0.42162617909728195}, 10: {3: 0.41314083410492486, 5: 0.4054815915358683, 7: 0.4061144108157948, 10: 0.41112236400416546}, 200: {3: 0.3672388852780826, 5: 0.3389440461266791, 7: 0.3349398887854075, 10: 0.3377425960778808}, 500: {3: 0.36464353257861015, 5: 0.33407841590798804, 7: 0.3283752559994802, 10: 0.3294398137007265}}]
Cvs: [{'predicted uncertainty': 0.6971146016393678, 'true subjectivity': 0.4319405705256636, 'true rolling error 3': 5.5752398778029395}]
Subjectivity vs. roll.-corr.-coef.: [{3: 0.009922631068341799, 5: 0.01728346791578941, 7: 0.022253885879747692, 10: 0.024392373314979926}]
CALIBRATED on subjectivity:
sbUMEs: [{None: 0.4268160748059414, 10: 0.4579887633978844, 200: 0.3826099363178881, 500: 0.37578041409417373}]
pebUMES[{None: {3: 0.49313958315190476, 5: 0.5003800123175386, 7: 0.5102012635945982, 10: 0.5220065668553567}, 10: {3: 0.5190949895150119, 5: 0.5158785339753182, 7: 0.5164333424065779, 10: 0.5160098666206743}, 200: {3: 0.5046811178266118, 5: 0.5140608627606073, 7: 0.521791146997016, 10: 0.5315191814725431}, 500: {3: 0.5019226713553516, 5: 0.5111995098767362, 7: 0.5200101454921117, 10: 0.5311637290667911}}]
Cvs: [{'predicted uncertainty': 0.3402712519133786, 'true subjectivity': 0.4319405705256636, 'true rolling error 3': 5.5752398778029395}]

CALIBRATED on rolling_error_3:
sbUMEs: [{None: 0.2452887408733112, 10: 0.4069743729184866, 200: 0.2738173758059224, 500: 0.2577733934789239}]
pebUMES[{None: {3: 0.3878046330267582, 5: 0.35989614559553523, 7: 0.35869286573463866, 10: 0.3656658640300037}, 10: {3: 0.4539491763707939, 5: 0.4455366881487512, 7: 0.44624442877164594, 10: 0.4481625686326381}, 200: {3: 0.40083617338103344, 5: 0.37897165510881814, 7: 0.3801952662649197, 10: 0.3884539505111193}, 500: {3: 0.39567492151158684, 5: 0.3711296667034679, 7: 0.3713588424430242, 10: 0.37915250734079065}}]
Cvs: [{'predicted uncertainty': 0.45710154145718757, 'true subjectivity': 0.4319405705256636, 'true rolling error 3': 5.5752398778029395}]

CALIBRATED on rolling_error_5:
sbUMEs: [{None: 0.2861364191633605, 10: 0.41090164414240826, 200: 0.2868446835625071, 500: 0.27628713761229506}]
pebUMES[{None: {3: 0.4127506054156701, 5: 0.3924194016519731, 7: 0.3946475023506967, 10: 0.4032950914269494}, 10: {3: 0.4633909071426846, 5: 0.45458408827365626, 7: 0.45535332175597165, 10: 0.4566786897915442}, 200: {3: 0.4216879083737609, 5: 0.4053998140345979, 7: 0.40859116860193717, 10: 0.4174796367716428}, 500: {3: 0.4207799552895142, 5: 0.40353354889495907, 7: 0.40652343871730456, 10: 0.415576379714456}}]
Cvs: [{'predicted uncertainty': 0.4193816930654788, 'true subjectivity': 0.4319405705256636, 'true rolling error 3': 5.5752398778029395}]

On Test: CCC  0.5880 | PCC  0.6085 | RMSE  0.1543
==================================================
On ground-truth labels:	Best	[Val CCC] for seed "316":	 0.4489
On ground-truth labels:		[Test CCC] for seed "316":	 0.5880
----------------------------------------------------------------------------------------------------
Delete model "/nas/student/NicolasKolbenschlag/emotion_uncertainty_bachelorarbeit/MuSe-LSTM-Attention-baseline-model/output/model/2021-05-24-20-37_[bert-4]_[valence]_[NOSEG]_[lstm_64_2_True]_[True_1_4]_[0.005_1024_0.5_0.5_0.5]_None_[3_316_None_None].pth".
/nas/student/NicolasKolbenschlag/emotion_uncertainty_bachelorarbeit/MuSe-LSTM-Attention-baseline-model/emotion_recognition/main_uncertainty.py --feature_set bert-4 --emo_dim_set valence --epochs 100 --refresh --n_seeds 3 --seed 314 --attn --rnn_bi --uncertainty_approach quantile_regression --loss tiltedCCC
Constructing dataset and data loader ...
Constructing data from scratch ...
Found cached annotator 2 video mapping.
Constructing data from scratch ...
No label preprocessing (min -0.6726, max 1.0).
Found cached annotator 2 video mapping.
Constructing data from scratch ...
No label preprocessing (min -1.0, max 1.0).
Found cached annotator 2 video mapping.
Constructing data from scratch ...
No label preprocessing (min -0.7353, max 0.80704).
Found cached annotator 2 video mapping.
Constructing data from scratch ...
No label preprocessing (min -0.9549, max 1.0).
Found cached annotator 2 video mapping.
Constructing data from scratch ...
No label preprocessing (min -0.9706, max 0.9218999999999999).
Found cached annotator 2 video mapping.
Constructing data from scratch ...
No label preprocessing (min -0.39030000000000004, max 0.4687).
Found cached annotator 2 video mapping.
Constructing data from scratch ...
No label preprocessing (min -0.98725, max 1.0).
Found cached annotator 2 video mapping.
Constructing data from scratch ...
No label preprocessing (min -0.8137000000000001, max 1.0).
Found cached annotator 2 video mapping.
Constructing data from scratch ...
Exception for annotator 9: 9
Found cached annotator 2 video mapping.
Constructing data from scratch ...
Exception for annotator 10: 10
Found cached annotator 2 video mapping.
Constructing data from scratch ...
Exception for annotator 11: 11
Found cached annotator 2 video mapping.
Constructing data from scratch ...
Exception for annotator 12: 12
Found cached annotator 2 video mapping.
Constructing data from scratch ...
Exception for annotator 13: 13
Found cached annotator 2 video mapping.
Constructing data from scratch ...
Exception for annotator 14: 14
Found cached annotator 2 video mapping.
Constructing data from scratch ...
No label preprocessing (min -0.58476, max 1.0).
Found cached annotator 2 video mapping.
Constructing data from scratch ...
Exception for annotator 16: 16
Found cached annotator 2 video mapping.
Constructing data from scratch ...
Exception for annotator 17: 17
Samples in partitions: (3132, 62, 64)
Input feature dim: 768.
==================================================
Training model... [seed 314]
Note: target can not be optimized for 15 consecutive epochs, early stop the training process!
Seed 314 | Best [Val CCC]: 0.1135 [' 0.1135']| Loss: 0.9085 | PCC: 0.4372 ['0.4372'] | RMSE: 0.2434 ['0.2434']
On val: loss 0.908466088195001
UNCALIBRATED
sbUMEs: [{None: 0.38113105412540604, 10: 0.42719229155079624, 200: 0.36339097694228384, 500: 0.3578511822674278}]
pebUMES[{None: {3: 0.46305676487443664, 5: 0.4486495079217282, 7: 0.44717604806571437, 10: 0.45037144797591205}, 10: {3: 0.46673251483093137, 5: 0.45512422820537163, 7: 0.4524810566856566, 10: 0.4511820465955727}, 200: {3: 0.44113973198962825, 5: 0.4194121800633114, 7: 0.4150797257760091, 10: 0.41490905266902467}, 500: {3: 0.44095483640192173, 5: 0.4186989391455508, 7: 0.413871907329902, 10: 0.4133459625405431}}]
Cvs: [{'predicted uncertainty': 0.7102632284559004, 'true subjectivity': 0.4319405705256636, 'true rolling error 3': 5.9905473365218604}]
Subjectivity vs. roll.-corr.-coef.: [{3: 0.0070038865588932415, 5: 0.011819815472675141, 7: 0.015469303844177726, 10: 0.01908187439723674}]
CALIBRATED on subjectivity:
sbUMEs: [{None: 0.46215214100919594, 10: 0.4580190936372243, 200: 0.4080370336887704, 500: 0.4035410333430146}]
pebUMES[{None: {3: 0.529895395869355, 5: 0.5351189456996768, 7: 0.5428372827826122, 10: 0.5534345602486682}, 10: {3: 0.5342094537063542, 5: 0.5271784260973864, 7: 0.5225079317580229, 10: 0.5197218115786424}, 200: {3: 0.5351885040755986, 5: 0.5411767597179127, 7: 0.5484533616648992, 10: 0.5578024812196541}, 500: {3: 0.533941589245297, 5: 0.5399449044430144, 7: 0.5474559927210536, 10: 0.5574262132936804}}]
Cvs: [{'predicted uncertainty': 0.33852264895434725, 'true subjectivity': 0.4319405705256636, 'true rolling error 3': 5.9905473365218604}]

CALIBRATED on rolling_error_3:
sbUMEs: [{None: 0.45506847593985666, 10: 0.45044259222540506, 200: 0.3967250393254295, 500: 0.3936426475999538}]
pebUMES[{None: {3: 0.5260804025350935, 5: 0.5298064467901556, 7: 0.5370889562479849, 10: 0.5473418197935143}, 10: {3: 0.5281724951122022, 5: 0.5203953876358173, 7: 0.5155748992353761, 10: 0.5125412104879332}, 200: {3: 0.5280856616970839, 5: 0.5319896761085318, 7: 0.5388295244598945, 10: 0.5479366293961356}, 500: {3: 0.5280648762199225, 5: 0.5321789482749191, 7: 0.5392506807669282, 10: 0.5489392262975996}}]
Cvs: [{'predicted uncertainty': 0.3371472622752604, 'true subjectivity': 0.4319405705256636, 'true rolling error 3': 5.9905473365218604}]

CALIBRATED on rolling_error_5:
sbUMEs: [{None: 0.43688948100700953, 10: 0.4564675206296081, 200: 0.4086956117087416, 500: 0.405482575072201}]
pebUMES[{None: {3: 0.5135894119632752, 5: 0.5138893259843528, 7: 0.5203529322370011, 10: 0.530177465025744}, 10: {3: 0.5333687738353161, 5: 0.5263711392674983, 7: 0.5216563980629448, 10: 0.5186475701264508}, 200: {3: 0.5362670616139825, 5: 0.5424649152890381, 7: 0.5497573235116611, 10: 0.5590316917549105}, 500: {3: 0.5359443693764241, 5: 0.5423280643453593, 7: 0.5498973964518291, 10: 0.5598073032960593}}]
Cvs: [{'predicted uncertainty': 0.3358235619797725, 'true subjectivity': 0.4319405705256636, 'true rolling error 3': 5.9905473365218604}]

On Test: CCC  0.5831 | PCC  0.5859 | RMSE  0.1690
==================================================
Training model... [seed 315]
Note: target can not be optimized for 15 consecutive epochs, early stop the training process!
Seed 315 | Best [Val CCC]: 0.1257 [' 0.1257']| Loss: 0.8982 | PCC: 0.4151 ['0.4151'] | RMSE: 0.2117 ['0.2117']
On val: loss 0.8981544942625107
UNCALIBRATED
sbUMEs: [{None: 0.3831719733694508, 10: 0.4344533294767837, 200: 0.39018283275836263, 500: 0.3851628111225769}]
pebUMES[{None: {3: 0.45984203288483466, 5: 0.444845338644154, 7: 0.4397087525857141, 10: 0.43680614771819043}, 10: {3: 0.4646163692615356, 5: 0.4560174362847619, 7: 0.4519797736108352, 10: 0.44987087630736267}, 200: {3: 0.4477400453266816, 5: 0.42990225113841823, 7: 0.4244721451259941, 10: 0.4217572211800344}, 500: {3: 0.44760724823740894, 5: 0.42925178747447873, 7: 0.42330680158601386, 10: 0.420023512933721}}]
Cvs: [{'predicted uncertainty': 0.825528667939346, 'true subjectivity': 0.4319405705256636, 'true rolling error 3': 6.056419773947704}]
Subjectivity vs. roll.-corr.-coef.: [{3: 0.00939601375623952, 5: 0.015137456626377598, 7: 0.019357639607659828, 10: 0.02323631559281818}]
CALIBRATED on subjectivity:
sbUMEs: [{None: 0.493516055215229, 10: 0.46792640923790574, 200: 0.4307594739822753, 500: 0.42832043565161226}]
pebUMES[{None: {3: 0.5529656513856311, 5: 0.5637566980312453, 7: 0.5714566737778284, 10: 0.5825331783546074}, 10: {3: 0.5427979830377078, 5: 0.5392916040298925, 7: 0.5343703228120925, 10: 0.5315335324451043}, 200: {3: 0.5529549132519116, 5: 0.5631682212698341, 7: 0.5699960496469835, 10: 0.5794774838354858}, 500: {3: 0.5529644169063753, 5: 0.5634610981647229, 7: 0.5707516711113287, 10: 0.5807361232572149}}]
Cvs: [{'predicted uncertainty': 0.33381788704422205, 'true subjectivity': 0.4319405705256636, 'true rolling error 3': 6.056419773947704}]

CALIBRATED on rolling_error_3:
sbUMEs: [{None: 0.4820571710452191, 10: 0.4686493029781167, 200: 0.4316545450615778, 500: 0.42918565123125013}]
pebUMES[{None: {3: 0.5431561421144664, 5: 0.5525599787855688, 7: 0.5601002708018255, 10: 0.5711235255216546}, 10: {3: 0.5434178612938246, 5: 0.5399783431099197, 7: 0.5350586725193094, 10: 0.5322415560482047}, 200: {3: 0.5536569535845616, 5: 0.564001410527303, 7: 0.5708532856752498, 10: 0.5803541902732282}, 500: {3: 0.5536299751999789, 5: 0.5642615021427353, 7: 0.5715787507982134, 10: 0.5815815833896759}}]
Cvs: [{'predicted uncertainty': 0.3337786757871818, 'true subjectivity': 0.4319405705256636, 'true rolling error 3': 6.056419773947704}]

CALIBRATED on rolling_error_5:
sbUMEs: [{None: 0.3759636680973827, 10: 0.46866223381790173, 200: 0.43145604666139964, 500: 0.4286307714648808}]
pebUMES[{None: {3: 0.4828187077270486, 5: 0.47132772239141313, 7: 0.4722878193995214, 10: 0.4791391526945765}, 10: {3: 0.5434335526561114, 5: 0.5399955269699301, 7: 0.5350702871734428, 10: 0.5322505211379472}, 200: {3: 0.5535342478140071, 5: 0.5638399516127576, 7: 0.5706840475468489, 10: 0.5801823464331932}, 500: {3: 0.5532917621615693, 5: 0.5638067610467139, 7: 0.5711116400030082, 10: 0.5811172471336808}}]
Cvs: [{'predicted uncertainty': 0.33377953268169175, 'true subjectivity': 0.4319405705256636, 'true rolling error 3': 6.056419773947704}]

On Test: CCC  0.5933 | PCC  0.6127 | RMSE  0.1721
==================================================
Training model... [seed 316]
Note: target can not be optimized for 15 consecutive epochs, early stop the training process!
Seed 316 | Best [Val CCC]: 0.1757 [' 0.1757']| Loss: 0.8696 | PCC: 0.4218 ['0.4218'] | RMSE: 0.2230 ['0.2230']
On val: loss 0.8696175246469436
UNCALIBRATED
sbUMEs: [{None: 0.3832295101605541, 10: 0.4286625983882494, 200: 0.369241141928044, 500: 0.3630215331483392}]
pebUMES[{None: {3: 0.4713425785635805, 5: 0.4609236880816457, 7: 0.458985874680497, 10: 0.4605134854762467}, 10: {3: 0.47283607860656496, 5: 0.4631814786956765, 7: 0.45815875551714, 10: 0.453999477485778}, 200: {3: 0.4487304875419776, 5: 0.432738867986608, 7: 0.4284715832406323, 10: 0.4278409919043804}, 500: {3: 0.44853342716990063, 5: 0.4320461775949872, 7: 0.4272715040964277, 10: 0.4262839014137417}}]
Cvs: [{'predicted uncertainty': 0.7131511577275493, 'true subjectivity': 0.4319405705256636, 'true rolling error 3': 5.8467092911027745}]
Subjectivity vs. roll.-corr.-coef.: [{3: 0.010882755285961205, 5: 0.016298750744938393, 7: 0.020476445747309988, 10: 0.02247825716951904}]
CALIBRATED on subjectivity:
sbUMEs: [{None: 0.49195451559608433, 10: 0.4662397273066832, 200: 0.42907524583652096, 500: 0.426710729899995}]
pebUMES[{None: {3: 0.5544355370726396, 5: 0.5653694601508624, 7: 0.5738145837336264, 10: 0.5843899220811706}, 10: {3: 0.5434200820992342, 5: 0.5379020985666577, 7: 0.5334776859258047, 10: 0.5287181091619179}, 200: {3: 0.5544221428312605, 5: 0.5645952296279907, 7: 0.5720847048413089, 10: 0.5815958582752968}, 500: {3: 0.5544325389537313, 5: 0.5650021866516701, 7: 0.572774532627625, 10: 0.5828328034140348}}]
Cvs: [{'predicted uncertainty': 0.33388746452743745, 'true subjectivity': 0.4319405705256636, 'true rolling error 3': 5.8467092911027745}]

CALIBRATED on rolling_error_3:
sbUMEs: [{None: 0.4050155090338496, 10: 0.46622523938117844, 200: 0.4232667202200737, 500: 0.4155655527820976}]
pebUMES[{None: {3: 0.4974394405500092, 5: 0.49287089036409204, 7: 0.49730542049437154, 10: 0.5056898369790727}, 10: {3: 0.5434026779306087, 5: 0.5378941481237938, 7: 0.5334609940448276, 10: 0.5286992185297448}, 200: {3: 0.549486041469696, 5: 0.559007142237628, 7: 0.5664404375024903, 10: 0.5759255281588521}, 500: {3: 0.5451420633901876, 5: 0.5543746397337143, 7: 0.5619853221480824, 10: 0.5719809456138699}}]
Cvs: [{'predicted uncertainty': 0.33384938255382934, 'true subjectivity': 0.4319405705256636, 'true rolling error 3': 5.8467092911027745}]

CALIBRATED on rolling_error_5:
sbUMEs: [{None: 0.20633459968380763, 10: 0.4614930416111926, 200: 0.41562415773256217, 500: 0.40432367397921526}]
pebUMES[{None: {3: 0.42092575735937676, 5: 0.3848820514242694, 7: 0.37748340818120635, 10: 0.37690804251194404}, 10: {3: 0.5391057006129724, 5: 0.5327620235463534, 7: 0.5283222616291591, 10: 0.5235217364250818}, 200: {3: 0.5449733481142744, 5: 0.5525260518883388, 7: 0.5595804673400739, 10: 0.5687404444489924}, 500: {3: 0.5392397433690389, 5: 0.5457616328517405, 7: 0.5527059754861959, 10: 0.5622214719286921}}]
Cvs: [{'predicted uncertainty': 0.34114761566428436, 'true subjectivity': 0.4319405705256636, 'true rolling error 3': 5.8467092911027745}]

On Test: CCC  0.5949 | PCC  0.6006 | RMSE  0.1607
==================================================
On ground-truth labels:	Best	[Val CCC] for seed "316":	 0.1757
On ground-truth labels:		[Test CCC] for seed "316":	 0.5949
----------------------------------------------------------------------------------------------------
Delete model "/nas/student/NicolasKolbenschlag/emotion_uncertainty_bachelorarbeit/MuSe-LSTM-Attention-baseline-model/output/model/2021-05-25-20-26_[bert-4]_[valence]_[NOSEG]_[lstm_64_1_True]_[True_1_4]_[0.005_1024_0.0_0.0_0.0]_None_[3_316_None_None].pth".
/nas/student/NicolasKolbenschlag/emotion_uncertainty_bachelorarbeit/MuSe-LSTM-Attention-baseline-model/emotion_recognition/main_uncertainty.py --feature_set bert-4 --emo_dim_set valence --epochs 100 --refresh --n_seeds 3 --seed 314 --attn --rnn_bi --loss ccc
Constructing dataset and data loader ...
Constructing data from scratch ...
Found cached annotator 2 video mapping.
Constructing data from scratch ...
No label preprocessing (min -0.6726, max 1.0).
Found cached annotator 2 video mapping.
Constructing data from scratch ...
No label preprocessing (min -1.0, max 1.0).
Found cached annotator 2 video mapping.
Constructing data from scratch ...
No label preprocessing (min -0.7353, max 0.80704).
Found cached annotator 2 video mapping.
Constructing data from scratch ...
No label preprocessing (min -0.9549, max 1.0).
Found cached annotator 2 video mapping.
Constructing data from scratch ...
No label preprocessing (min -0.9706, max 0.9218999999999999).
Found cached annotator 2 video mapping.
Constructing data from scratch ...
No label preprocessing (min -0.39030000000000004, max 0.4687).
Found cached annotator 2 video mapping.
Constructing data from scratch ...
No label preprocessing (min -0.98725, max 1.0).
Found cached annotator 2 video mapping.
Constructing data from scratch ...
No label preprocessing (min -0.8137000000000001, max 1.0).
Found cached annotator 2 video mapping.
Constructing data from scratch ...
Exception for annotator 9: 9
Found cached annotator 2 video mapping.
Constructing data from scratch ...
Exception for annotator 10: 10
Found cached annotator 2 video mapping.
Constructing data from scratch ...
Exception for annotator 11: 11
Found cached annotator 2 video mapping.
Constructing data from scratch ...
Exception for annotator 12: 12
Found cached annotator 2 video mapping.
Constructing data from scratch ...
Exception for annotator 13: 13
Found cached annotator 2 video mapping.
Constructing data from scratch ...
Exception for annotator 14: 14
Found cached annotator 2 video mapping.
Constructing data from scratch ...
No label preprocessing (min -0.58476, max 1.0).
Found cached annotator 2 video mapping.
Constructing data from scratch ...
Exception for annotator 16: 16
Found cached annotator 2 video mapping.
Constructing data from scratch ...
Exception for annotator 17: 17
Samples in partitions: (3132, 62, 64)
Input feature dim: 768.
==================================================
Training model... [seed 314]
Note: target can not be optimized for 15 consecutive epochs, early stop the training process!
Seed 314 | Best [Val CCC]: 0.4305 [' 0.4305']| Loss: 0.6205 | PCC: 0.4362 ['0.4362'] | RMSE: 0.1673 ['0.1673']
UNCALIBRATED
sbUMEs: [{None: 0.2694497712532691, 10: 0.3973463739765378, 200: 0.32825483440881714, 500: 0.3200148741807094}]
pebUMES[{None: {3: 0.4169497866177976, 5: 0.37889747780538285, 7: 0.3697136292961909, 10: 0.36566648668755475}, 10: {3: 0.4379725339596974, 5: 0.4153866832782372, 7: 0.4125917674517142, 10: 0.4098145886337554}, 200: {3: 0.4121532958605766, 5: 0.37572838395752967, 7: 0.3672068545819574, 10: 0.36341224175705217}, 500: {3: 0.41084807008889834, 5: 0.3732255079216678, 7: 0.3637257140372841, 10: 0.358929513020891}}]
Cvs: [{'predicted uncertainty': 0.7029736676178912, 'true subjectivity': 0.4319405705256636, 'true rolling error 3': 6.06526856767748}]
Subjectivity vs. roll.-corr.-coef.: [{3: 0.007794900923747462, 5: 0.013658953161386872, 7: 0.017607340492161973, 10: 0.01946338116423475}]
CALIBRATED on subjectivity:
sbUMEs: [{None: 0.29673202741547916, 10: 0.41945985227338606, 200: 0.28400075488348736, 500: 0.26717187338223564}]
pebUMES[{None: {3: 0.447037234876825, 5: 0.41907533876886016, 7: 0.4162786417161081, 10: 0.4195667762164701}, 10: {3: 0.49655514481323904, 5: 0.48077360193104446, 7: 0.47794468161136694, 10: 0.47413800991224625}, 200: {3: 0.4519573916455796, 5: 0.42696893657599183, 7: 0.42599676344700016, 10: 0.4304861920519367}, 500: {3: 0.4479597687603748, 5: 0.4208291601146361, 7: 0.4187468125017337, 10: 0.42266169740905857}}]
Cvs: [{'predicted uncertainty': 0.3982766902178456, 'true subjectivity': 0.4319405705256636, 'true rolling error 3': 6.06526856767748}]

CALIBRATED on rolling_error_3:
sbUMEs: [{None: 0.21304175935251124, 10: 0.4335424948865221, 200: 0.34688397213219113, 500: 0.3386432204454911}]
pebUMES[{None: {3: 0.4223031736082096, 5: 0.3839083027122171, 7: 0.3762464885262344, 10: 0.37570120972203846}, 10: {3: 0.512391506434405, 5: 0.5017490746622961, 7: 0.49874124669659564, 10: 0.49489087843758583}, 200: {3: 0.49561829717219547, 5: 0.48853742807407446, 7: 0.4933997644460118, 10: 0.5020168240728057}, 500: {3: 0.4937147922176088, 5: 0.4857204407737202, 7: 0.4902841964014706, 10: 0.49899998747037655}}]
Cvs: [{'predicted uncertainty': 0.33654036511833185, 'true subjectivity': 0.4319405705256636, 'true rolling error 3': 6.06526856767748}]

CALIBRATED on rolling_error_5:
sbUMEs: [{None: 0.172876834961152, 10: 0.4281066195454927, 200: 0.3393550327829653, 500: 0.330038497191592}]
pebUMES[{None: {3: 0.4078352778997623, 5: 0.36347093357981813, 7: 0.35275920203840483, 10: 0.34914162126585196}, 10: {3: 0.5081119435172524, 5: 0.4961183228459195, 7: 0.4928775069960942, 10: 0.48910107946676395}, 200: {3: 0.4912659387101732, 5: 0.4823962557912936, 7: 0.48650712634262644, 10: 0.49468956571745415}, 500: {3: 0.4885216077246767, 5: 0.4783641417238217, 7: 0.48201496951541295, 10: 0.49007190367995107}}]
Cvs: [{'predicted uncertainty': 0.3405062733407748, 'true subjectivity': 0.4319405705256636, 'true rolling error 3': 6.06526856767748}]

On Test: CCC  0.5833 | PCC  0.5937 | RMSE  0.1651
==================================================
Training model... [seed 315]
Note: target can not be optimized for 15 consecutive epochs, early stop the training process!
Seed 315 | Best [Val CCC]: 0.4541 [' 0.4541']| Loss: 0.6135 | PCC: 0.4565 ['0.4565'] | RMSE: 0.1777 ['0.1777']
UNCALIBRATED
sbUMEs: [{None: 0.26906571675195645, 10: 0.396435358173973, 200: 0.327988296365674, 500: 0.31971055381492935}]
pebUMES[{None: {3: 0.41763446432717377, 5: 0.380884221351609, 7: 0.371250768991456, 10: 0.36637370389141655}, 10: {3: 0.4384024755663816, 5: 0.4174655297348678, 7: 0.4136863868120545, 10: 0.41214083436972826}, 200: {3: 0.4134158592291171, 5: 0.3781377356726578, 7: 0.36962245688708517, 10: 0.36557691023832556}, 500: {3: 0.41213500656754265, 5: 0.3755745023913157, 7: 0.36597449713531316, 10: 0.36099308442286415}}]
Cvs: [{'predicted uncertainty': 0.703296561451761, 'true subjectivity': 0.4319405705256636, 'true rolling error 3': 6.446532278991407}]
Subjectivity vs. roll.-corr.-coef.: [{3: 0.009660944705494527, 5: 0.014569318493058165, 7: 0.017223019134705028, 10: 0.019457607169462588}]
CALIBRATED on subjectivity:
sbUMEs: [{None: 0.15240723390540525, 10: 0.4554560098546236, 200: 0.38842873894702445, 500: 0.37796771590991957}]
pebUMES[{None: {3: 0.38968485860822116, 5: 0.33873380579162, 7: 0.32325823234784584, 10: 0.3151411429785989}, 10: {3: 0.5290092650279795, 5: 0.5226195719339395, 7: 0.5206939219401218, 10: 0.517537084836963}, 200: {3: 0.5192464785095054, 5: 0.5209579951678263, 7: 0.5264898112579746, 10: 0.5331788214794193}, 500: {3: 0.5145946728212466, 5: 0.5149142284065759, 7: 0.5203377110031231, 10: 0.5275151249084443}}]
Cvs: [{'predicted uncertainty': 0.3348415296161393, 'true subjectivity': 0.4319405705256636, 'true rolling error 3': 6.446532278991407}]

CALIBRATED on rolling_error_3:
sbUMEs: [{None: 0.17692668870963751, 10: 0.4661971448794527, 200: 0.42304851761380446, 500: 0.41433355767035424}]
pebUMES[{None: {3: 0.4110115985796871, 5: 0.3679999330444756, 7: 0.35704099698314734, 10: 0.35279245898358813}, 10: {3: 0.5386707259789763, 5: 0.5331682309316947, 7: 0.5313083584061015, 10: 0.5282616219244122}, 200: {3: 0.5447070842812121, 5: 0.5522111414030276, 7: 0.5587661872376176, 10: 0.5660013530161078}, 500: {3: 0.5401094706131321, 5: 0.5470732283702391, 7: 0.5539189285245805, 10: 0.5618248806723635}}]
Cvs: [{'predicted uncertainty': 0.3339579953083393, 'true subjectivity': 0.4319405705256636, 'true rolling error 3': 6.446532278991407}]

CALIBRATED on rolling_error_5:
sbUMEs: [{None: 0.488590491115642, 10: 0.44007789442972267, 200: 0.3999735306070081, 500: 0.3974060080207648}]
pebUMES[{None: {3: 0.42472338669700466, 5: 0.4093133281263116, 7: 0.3990138586281778, 10: 0.38617413747462503}, 10: {3: 0.4951352013103543, 5: 0.4821917569844131, 7: 0.47913614449543607, 10: 0.4769792110231484}, 200: {3: 0.49865252966702495, 5: 0.48928718865099774, 7: 0.489747107746509, 10: 0.49205295857418024}, 500: {3: 0.497904184407464, 5: 0.4885857663599472, 7: 0.4889794291621801, 10: 0.49152885587064854}}]
Cvs: [{'predicted uncertainty': 0.590642696622862, 'true subjectivity': 0.4319405705256636, 'true rolling error 3': 6.446532278991407}]

On Test: CCC  0.5820 | PCC  0.5928 | RMSE  0.1708
==================================================
Training model... [seed 316]
Note: target can not be optimized for 15 consecutive epochs, early stop the training process!
Seed 316 | Best [Val CCC]: 0.4612 [' 0.4612']| Loss: 0.5942 | PCC: 0.4671 ['0.4671'] | RMSE: 0.1778 ['0.1778']
UNCALIBRATED
sbUMEs: [{None: 0.26865592285076917, 10: 0.39675969023182467, 200: 0.32868420281250144, 500: 0.32065873498791253}]
pebUMES[{None: {3: 0.4187686988098251, 5: 0.38232631363794944, 7: 0.3718042761239917, 10: 0.3675448706376474}, 10: {3: 0.4401202993606447, 5: 0.4193320485465635, 7: 0.4133739042847988, 10: 0.4108527027896552}, 200: {3: 0.41454882765109125, 5: 0.3795417509064549, 7: 0.36942215746960344, 10: 0.3655679723181225}, 500: {3: 0.41300836097425725, 5: 0.3767565900121117, 7: 0.3656645630016241, 10: 0.36071635318893314}}]
Cvs: [{'predicted uncertainty': 0.702288437526368, 'true subjectivity': 0.4319405705256636, 'true rolling error 3': 6.228820276539157}]
Subjectivity vs. roll.-corr.-coef.: [{3: 0.01034271317958266, 5: 0.015777827786666056, 7: 0.01891222780569485, 10: 0.022434768755506186}]
CALIBRATED on subjectivity:
sbUMEs: [{None: 0.46647043612092953, 10: 0.45930671783304927, 200: 0.4160148376350726, 500: 0.41229939855443826}]
pebUMES[{None: {3: 0.5302673010665034, 5: 0.5361948074081904, 7: 0.5435746449975429, 10: 0.5528309628717145}, 10: {3: 0.5339953946834017, 5: 0.5269437198942097, 7: 0.5220095941370196, 10: 0.5192161836969723}, 200: {3: 0.5392086790501559, 5: 0.5468826820904183, 7: 0.5538025513728823, 10: 0.5617932514650157}, 500: {3: 0.5382595225455246, 5: 0.545958653334942, 7: 0.5532628537227512, 10: 0.5618863503758577}}]
Cvs: [{'predicted uncertainty': 0.33390175221897733, 'true subjectivity': 0.4319405705256636, 'true rolling error 3': 6.228820276539157}]

CALIBRATED on rolling_error_3:
sbUMEs: [{None: 0.4806162221929334, 10: 0.46316975171463604, 200: 0.4189000259834154, 500: 0.41621421070766884}]
pebUMES[{None: {3: 0.5404828684308133, 5: 0.5490133816544791, 7: 0.5569820028911021, 10: 0.566496606550431}, 10: {3: 0.5373447857894232, 5: 0.5306159630225301, 7: 0.5257114619741714, 10: 0.5229329051007392}, 200: {3: 0.5412289415900966, 5: 0.5494283891072193, 7: 0.5564630223814294, 10: 0.5644738908130591}, 500: {3: 0.5410321012095014, 5: 0.5494453203957986, 7: 0.5569110776701814, 10: 0.5655733501853732}}]
Cvs: [{'predicted uncertainty': 0.3338986659653655, 'true subjectivity': 0.4319405705256636, 'true rolling error 3': 6.228820276539157}]

CALIBRATED on rolling_error_5:
sbUMEs: [{None: 0.46276043035441083, 10: 0.460880147485944, 200: 0.4020505778179438, 500: 0.39825176810557583}]
pebUMES[{None: {3: 0.5277176615459387, 5: 0.5329351958766596, 7: 0.5402004295906226, 10: 0.5493801438598152}, 10: {3: 0.535367166065246, 5: 0.5283504101830262, 7: 0.5234495474854814, 10: 0.5206834308855732}, 200: {3: 0.5287577069502034, 5: 0.5340085433499825, 7: 0.5405689458284668, 10: 0.5484647352629379}, 500: {3: 0.5279574115427317, 5: 0.5331287613598568, 7: 0.5400158592415496, 10: 0.5484762043440994}}]
Cvs: [{'predicted uncertainty': 0.3340631420295963, 'true subjectivity': 0.4319405705256636, 'true rolling error 3': 6.228820276539157}]

On Test: CCC  0.5900 | PCC  0.5965 | RMSE  0.1647
==================================================
On ground-truth labels:	Best	[Val CCC] for seed "316":	 0.4612
On ground-truth labels:		[Test CCC] for seed "316":	 0.5900
----------------------------------------------------------------------------------------------------
Delete model "/nas/student/NicolasKolbenschlag/emotion_uncertainty_bachelorarbeit/MuSe-LSTM-Attention-baseline-model/output/model/2021-05-26-12-41_[bert-4]_[valence]_[NOSEG]_[lstm_64_1_True]_[True_1_4]_[0.005_1024_0.0_0.0_0.0]_None_[3_316_None_None].pth".
slurmstepd: Exceeded step memory limit at some point.
slurmstepd: Exceeded job memory limit at some point.
