MuSe-LSTM-Attention-baseline-model/emotion_recognition/main_calibration.py --feature_set bert-4 --emo_dim_set valence --epochs 100 --refresh --n_seeds 10 --seed 314 --predict --attn --rnn_bi --loss tiltedCCC --uncertainty_approach quantile_regression
Constructing dataset and data loader ...
Constructing data from scratch ...
Samples in partitions: (3122, 62, 64)
Input feature dim: 768.
==================================================
Training model... [seed 314]
Note: target can not be optimized for 15 consecutive epochs, early stop the training process!
Seed 314 | Best [Val CCC]: 0.0032 [' 0.0032']| Loss: 0.0000 | PCC: 0.0953 ['0.0953'] | RMSE: 0.5427 ['0.5427']
On Test: ENCE (unc.) 8.1203 | ENCE (cal.) 0.3372 | Cv (uncal.) 0.0325 | Cv (cal.) 0.0325
On Test: CCC  0.0000 | PCC  0.0023 | RMSE  0.5679
==================================================
Training model... [seed 315]
Note: target can not be optimized for 15 consecutive epochs, early stop the training process!
Seed 315 | Best [Val CCC]: 0.0006 [' 0.0006']| Loss: 0.0000 | PCC: 0.0748 ['0.0748'] | RMSE: 0.4661 ['0.4661']
On Test: ENCE (unc.) nan | ENCE (cal.) 0.2245 | Cv (uncal.) -0.0077 | Cv (cal.) 0.0077
On Test: CCC -0.0000 | PCC -0.0080 | RMSE  0.5243
==================================================
Training model... [seed 316]
/nas/student/NicolasKolbenschlag/emotion_uncertainty_bachelorarbeit/MuSe-LSTM-Attention-baseline-model/emotion_recognition/calibration_utilities.py:22: RuntimeWarning: invalid value encountered in sqrt
  rmv = np.sqrt(np.mean(y_pred_var[mask]))
Note: target can not be optimized for 15 consecutive epochs, early stop the training process!
Seed 316 | Best [Val CCC]: 0.0013 [' 0.0013']| Loss: 0.0000 | PCC: 0.0898 ['0.0898'] | RMSE: 0.5525 ['0.5525']
On Test: ENCE (unc.) nan | ENCE (cal.) 0.2409 | Cv (uncal.) -0.0014 | Cv (cal.) 0.0014
On Test: CCC -0.0000 | PCC -0.0121 | RMSE  0.5918
==================================================
Training model... [seed 317]
/nas/student/NicolasKolbenschlag/emotion_uncertainty_bachelorarbeit/MuSe-LSTM-Attention-baseline-model/emotion_recognition/calibration_utilities.py:22: RuntimeWarning: invalid value encountered in sqrt
  rmv = np.sqrt(np.mean(y_pred_var[mask]))
Note: target can not be optimized for 15 consecutive epochs, early stop the training process!
Seed 317 | Best [Val CCC]: 0.0005 [' 0.0005']| Loss: 0.0000 | PCC: 0.0619 ['0.0619'] | RMSE: 0.5120 ['0.5120']
On Test: ENCE (unc.) 1.6715 | ENCE (cal.) 0.2457 | Cv (uncal.) 0.0021 | Cv (cal.) 0.0021
On Test: CCC  0.0000 | PCC  0.0102 | RMSE  0.5806
==================================================
Training model... [seed 318]
Note: target can not be optimized for 15 consecutive epochs, early stop the training process!
Seed 318 | Best [Val CCC]: 0.0001 [' 0.0001']| Loss: 0.0000 | PCC: 0.0614 ['0.0614'] | RMSE: 0.5418 ['0.5418']
On Test: ENCE (unc.) 1.5222 | ENCE (cal.) 0.2204 | Cv (uncal.) 0.0020 | Cv (cal.) 0.0020
On Test: CCC -0.0000 | PCC -0.0259 | RMSE  0.5755
==================================================
Training model... [seed 319]
Note: target can not be optimized for 15 consecutive epochs, early stop the training process!
Seed 319 | Best [Val CCC]: 0.0008 [' 0.0008']| Loss: 0.0000 | PCC: 0.1058 ['0.1058'] | RMSE: 0.4920 ['0.4920']
On Test: ENCE (unc.) 0.7526 | ENCE (cal.) 0.3242 | Cv (uncal.) 0.0016 | Cv (cal.) 0.0016
On Test: CCC  0.0000 | PCC  0.0096 | RMSE  0.5421
==================================================
Training model... [seed 320]
Note: target can not be optimized for 15 consecutive epochs, early stop the training process!
Seed 320 | Best [Val CCC]: 0.0026 [' 0.0026']| Loss: 0.0000 | PCC: 0.0940 ['0.0940'] | RMSE: 0.6036 ['0.6036']
On Test: ENCE (unc.) 2.9745 | ENCE (cal.) 0.4381 | Cv (uncal.) 0.0113 | Cv (cal.) 0.0113
On Test: CCC -0.0000 | PCC -0.0176 | RMSE  0.6797
==================================================
Training model... [seed 321]
Note: target can not be optimized for 15 consecutive epochs, early stop the training process!
Seed 321 | Best [Val CCC]: 0.0006 [' 0.0006']| Loss: 0.0000 | PCC: 0.0917 ['0.0917'] | RMSE: 0.4933 ['0.4933']
On Test: ENCE (unc.) nan | ENCE (cal.) 0.3026 | Cv (uncal.) -0.0089 | Cv (cal.) 0.0089
On Test: CCC -0.0000 | PCC -0.0380 | RMSE  0.5420
==================================================
Training model... [seed 322]
/nas/student/NicolasKolbenschlag/emotion_uncertainty_bachelorarbeit/MuSe-LSTM-Attention-baseline-model/emotion_recognition/calibration_utilities.py:22: RuntimeWarning: invalid value encountered in sqrt
  rmv = np.sqrt(np.mean(y_pred_var[mask]))
Note: target can not be optimized for 15 consecutive epochs, early stop the training process!
Seed 322 | Best [Val CCC]: 0.0008 [' 0.0008']| Loss: 0.0000 | PCC: 0.1186 ['0.1186'] | RMSE: 0.4885 ['0.4885']
On Test: ENCE (unc.) 0.4057 | ENCE (cal.) 0.2265 | Cv (uncal.) 0.0016 | Cv (cal.) 0.0016
On Test: CCC -0.0000 | PCC -0.0322 | RMSE  0.5417
==================================================
Training model... [seed 323]
Note: target can not be optimized for 15 consecutive epochs, early stop the training process!
Seed 323 | Best [Val CCC]: 0.0001 [' 0.0001']| Loss: 0.0000 | PCC: 0.0612 ['0.0612'] | RMSE: 0.4840 ['0.4840']
On Test: ENCE (unc.) nan | ENCE (cal.) 0.3002 | Cv (uncal.) -0.0029 | Cv (cal.) 0.0029
On Test: CCC  0.0000 | PCC  0.0102 | RMSE  0.5275
==================================================
On ground-truth labels:	Best	[Val CCC] for seed "314":	 0.0032
On ground-truth labels:		[Test CCC] for seed "314":	 0.0000
----------------------------------------------------------------------------------------------------
Predict val & test videos...
/nas/student/NicolasKolbenschlag/emotion_uncertainty_bachelorarbeit/MuSe-LSTM-Attention-baseline-model/emotion_recognition/calibration_utilities.py:22: RuntimeWarning: invalid value encountered in sqrt
  rmv = np.sqrt(np.mean(y_pred_var[mask]))
...done.
Delete model "MuSe-LSTM-Attention-baseline-model/output/model/2021-04-12-22-51_[bert-4]_[valence]_[NOSEG]_[lstm_64_1_True]_[True_1_4]_[0.005_1024_0.0_0.0_0.0]_None_[10_314_None_None].pth".
