MuSe-LSTM-Attention-baseline-model/emotion_recognition/main_calibration.py --feature_set bert-4 --emo_dim_set valence --epochs 100 --refresh --n_seeds 10 --seed 314 --predict --attn --rnn_bi --loss ccc --uncertainty_approach monte_carlo_dropout --attn_dr .3 --out_dr .3
Constructing dataset and data loader ...
Constructing data from scratch ...
Samples in partitions: (3122, 62, 64)
Input feature dim: 768.
==================================================
Training model... [seed 314]
Note: target can not be optimized for 15 consecutive epochs, early stop the training process!
Seed 314 | Best [Val CCC]: 0.3996 [' 0.3996']| Loss: 0.6169 | PCC: 0.4008 ['0.4008'] | RMSE: 0.4552 ['0.4552']
On Test: ENCE (unc.) 2.5415 | ENCE (cal.) 0.4717 | Cv (uncal.) 0.8961 | Cv (cal.) 0.8961
On Test: CCC  0.5685 | PCC  0.5702 | RMSE  0.3969
==================================================
Training model... [seed 315]
Note: target can not be optimized for 15 consecutive epochs, early stop the training process!
Seed 315 | Best [Val CCC]: 0.4290 [' 0.4290']| Loss: 0.5940 | PCC: 0.4310 ['0.4310'] | RMSE: 0.4174 ['0.4174']
On Test: ENCE (unc.) 1.8806 | ENCE (cal.) 0.6015 | Cv (uncal.) 0.9270 | Cv (cal.) 0.9270
On Test: CCC  0.5569 | PCC  0.5743 | RMSE  0.3711
==================================================
Training model... [seed 316]
Note: target can not be optimized for 15 consecutive epochs, early stop the training process!
Seed 316 | Best [Val CCC]: 0.4361 [' 0.4361']| Loss: 0.5834 | PCC: 0.4381 ['0.4381'] | RMSE: 0.4146 ['0.4146']
On Test: ENCE (unc.) 2.0254 | ENCE (cal.) 0.4294 | Cv (uncal.) 0.9768 | Cv (cal.) 0.9768
On Test: CCC  0.5618 | PCC  0.5784 | RMSE  0.3881
==================================================
Training model... [seed 317]
Note: target can not be optimized for 15 consecutive epochs, early stop the training process!
Seed 317 | Best [Val CCC]: 0.4213 [' 0.4213']| Loss: 0.5856 | PCC: 0.4246 ['0.4246'] | RMSE: 0.4247 ['0.4247']
On Test: ENCE (unc.) 1.5796 | ENCE (cal.) 0.6048 | Cv (uncal.) 0.8195 | Cv (cal.) 0.8195
On Test: CCC  0.5574 | PCC  0.5658 | RMSE  0.3944
==================================================
Training model... [seed 318]
Note: target can not be optimized for 15 consecutive epochs, early stop the training process!
Seed 318 | Best [Val CCC]: 0.4377 [' 0.4377']| Loss: 0.5790 | PCC: 0.4440 ['0.4440'] | RMSE: 0.4029 ['0.4029']
On Test: ENCE (unc.) 1.6935 | ENCE (cal.) 0.6218 | Cv (uncal.) 0.8719 | Cv (cal.) 0.8719
On Test: CCC  0.5682 | PCC  0.5735 | RMSE  0.3929
==================================================
Training model... [seed 319]
Note: target can not be optimized for 15 consecutive epochs, early stop the training process!
Seed 319 | Best [Val CCC]: 0.4309 [' 0.4309']| Loss: 0.5882 | PCC: 0.4357 ['0.4357'] | RMSE: 0.4304 ['0.4304']
On Test: ENCE (unc.) 0.9644 | ENCE (cal.) 0.6396 | Cv (uncal.) 0.9818 | Cv (cal.) 0.9818
On Test: CCC  0.5677 | PCC  0.5725 | RMSE  0.3886
==================================================
Training model... [seed 320]
Note: target can not be optimized for 15 consecutive epochs, early stop the training process!
Seed 320 | Best [Val CCC]: 0.4124 [' 0.4124']| Loss: 0.5964 | PCC: 0.4139 ['0.4139'] | RMSE: 0.4587 ['0.4587']
On Test: ENCE (unc.) 1.8210 | ENCE (cal.) 0.5533 | Cv (uncal.) 0.9523 | Cv (cal.) 0.9523
On Test: CCC  0.5525 | PCC  0.5630 | RMSE  0.3809
==================================================
Training model... [seed 321]
Note: target can not be optimized for 15 consecutive epochs, early stop the training process!
Seed 321 | Best [Val CCC]: 0.4417 [' 0.4417']| Loss: 0.5687 | PCC: 0.4423 ['0.4423'] | RMSE: 0.4206 ['0.4206']
On Test: ENCE (unc.) 2.0122 | ENCE (cal.) 0.5488 | Cv (uncal.) 0.9226 | Cv (cal.) 0.9226
On Test: CCC  0.5723 | PCC  0.5727 | RMSE  0.3991
==================================================
Training model... [seed 322]
Note: target can not be optimized for 15 consecutive epochs, early stop the training process!
Seed 322 | Best [Val CCC]: 0.4149 [' 0.4149']| Loss: 0.5964 | PCC: 0.4176 ['0.4176'] | RMSE: 0.4458 ['0.4458']
On Test: ENCE (unc.) 1.5530 | ENCE (cal.) 0.5505 | Cv (uncal.) 0.8845 | Cv (cal.) 0.8845
On Test: CCC  0.5633 | PCC  0.5670 | RMSE  0.3896
==================================================
Training model... [seed 323]
Note: target can not be optimized for 15 consecutive epochs, early stop the training process!
Seed 323 | Best [Val CCC]: 0.4022 [' 0.4022']| Loss: 0.6056 | PCC: 0.4078 ['0.4078'] | RMSE: 0.4253 ['0.4253']
On Test: ENCE (unc.) 2.0136 | ENCE (cal.) 0.5474 | Cv (uncal.) 0.8470 | Cv (cal.) 0.8470
On Test: CCC  0.5566 | PCC  0.5598 | RMSE  0.3937
==================================================
On ground-truth labels:	Best	[Val CCC] for seed "321":	 0.4417
On ground-truth labels:		[Test CCC] for seed "321":	 0.5723
----------------------------------------------------------------------------------------------------
Predict val & test videos...
...done.
Delete model "MuSe-LSTM-Attention-baseline-model/output/model/2021-04-08-18-44_[bert-4]_[valence]_[NOSEG]_[lstm_64_1_True]_[True_1_4]_[0.005_1024_0.0_0.3_0.3]_None_[10_321_None_None].pth".
