/nas/student/NicolasKolbenschlag/emotion_uncertainty_bachelorarbeit/MuSe-LSTM-Attention-baseline-model/emotion_recognition/main_uncertainty_ensemble.py --feature_set bert-4 --emo_dim_set valence --epochs 100 --refresh --n_seeds 5 --seed 314 --attn --rnn_bi --loss ccc --uncertainty_approach ensemble_averaging --attn_dr .5 --out_dr .5 --rnn_n_layers 2 --rnn_dr .5 --measure_uncertainty_globally --global_uncertainty_window 20 --normalize_uncalibrated_global_uncertainty_measurement --load_subjectivity_from_file
Constructing dataset and data loader ...
Constructing data from scratch ...
Subjectivities deserialized from file.
Samples in partitions: (3132, 62, 64)
Input feature dim: 768.
==================================================
Training model... [seed 314]
Note: target can not be optimized for 15 consecutive epochs, early stop the training process!
Seed 314 | Best [Val CCC]: 0.4312 [' 0.4312']| Loss: 0.6175 | PCC: 0.4429 ['0.4429'] | RMSE: 0.1844 ['0.1844']
On Test: CCC  0.5993 | PCC  0.6123 | RMSE  0.1657
==================================================
Training model... [seed 315]
Note: target can not be optimized for 15 consecutive epochs, early stop the training process!
Seed 315 | Best [Val CCC]: 0.4431 [' 0.4431']| Loss: 0.6209 | PCC: 0.4516 ['0.4516'] | RMSE: 0.1921 ['0.1921']
On Test: CCC  0.6043 | PCC  0.6123 | RMSE  0.1572
==================================================
Training model... [seed 316]
Note: target can not be optimized for 15 consecutive epochs, early stop the training process!
Seed 316 | Best [Val CCC]: 0.4489 [' 0.4489']| Loss: 0.5958 | PCC: 0.4500 ['0.4500'] | RMSE: 0.1740 ['0.1740']
On Test: CCC  0.5918 | PCC  0.6051 | RMSE  0.1567
==================================================
Training model... [seed 317]
