/nas/student/NicolasKolbenschlag/emotion_uncertainty_bachelorarbeit/venv/lib/python3.7/site-packages/numpy/lib/function_base.py:2526: RuntimeWarning: Degrees of freedom <= 0 for slice
  c = cov(x, y, rowvar)
/nas/student/NicolasKolbenschlag/emotion_uncertainty_bachelorarbeit/venv/lib/python3.7/site-packages/numpy/lib/function_base.py:2455: RuntimeWarning: divide by zero encountered in true_divide
  c *= np.true_divide(1, fact)
MuSe-LSTM-Attention-baseline-model/emotion_recognition/main_calibration.py --feature_set bert-4 --emo_dim_set valence --epochs 1 --refresh --n_seeds 1 --seed 314 --predict --attn --rnn_bi --loss ccc --uncertainty_approach monte_carlo_dropout --attn_dr .3 --out_dr .3
Constructing dataset and data loader ...
Constructing data from scratch ...
Found cached annotator 2 video mapping.
Constructing data from scratch ...
No label preprocessing (min -0.6726, max 1.0).
Found cached annotator 2 video mapping.
Constructing data from scratch ...
No label preprocessing (min -1.0, max 1.0).
Found cached annotator 2 video mapping.
Constructing data from scratch ...
No label preprocessing (min -0.7353, max 0.80704).
Found cached annotator 2 video mapping.
Constructing data from scratch ...
No label preprocessing (min -0.9549, max 1.0).
Found cached annotator 2 video mapping.
Constructing data from scratch ...
No label preprocessing (min -0.9706, max 0.9218999999999999).
Found cached annotator 2 video mapping.
Constructing data from scratch ...
No label preprocessing (min -0.39030000000000004, max 0.4687).
Found cached annotator 2 video mapping.
Constructing data from scratch ...
No label preprocessing (min -0.98725, max 1.0).
Found cached annotator 2 video mapping.
Constructing data from scratch ...
No label preprocessing (min -0.8137000000000001, max 1.0).
Found cached annotator 2 video mapping.
Constructing data from scratch ...
Found cached annotator 2 video mapping.
Constructing data from scratch ...
Found cached annotator 2 video mapping.
Constructing data from scratch ...
Found cached annotator 2 video mapping.
Constructing data from scratch ...
Found cached annotator 2 video mapping.
Constructing data from scratch ...
Found cached annotator 2 video mapping.
Constructing data from scratch ...
Found cached annotator 2 video mapping.
Constructing data from scratch ...
No label preprocessing (min -0.58476, max 1.0).
Traceback (most recent call last):
  File "MuSe-LSTM-Attention-baseline-model/emotion_recognition/main_calibration.py", line 323, in <module>
    main(params)
  File "MuSe-LSTM-Attention-baseline-model/emotion_recognition/main_calibration.py", line 162, in main
    subjectivities_per_sample = subjectivity_utilities.calculate_rolling_subjectivities(params)
  File "/nas/student/NicolasKolbenschlag/emotion_uncertainty_bachelorarbeit/MuSe-LSTM-Attention-baseline-model/emotion_recognition/subjectivity_utilities.py", line 59, in calculate_rolling_subjectivities
    subjectivity_of_sample = np.mean(np.stack(subjectivity_of_sample), axis=0)
  File "<__array_function__ internals>", line 6, in stack
  File "/nas/student/NicolasKolbenschlag/emotion_uncertainty_bachelorarbeit/venv/lib/python3.7/site-packages/numpy/core/shape_base.py", line 426, in stack
    raise ValueError('all input arrays must have the same shape')
ValueError: all input arrays must have the same shape
