/nas/student/NicolasKolbenschlag/emotion_uncertainty_bachelorarbeit/MuSe-LSTM-Attention-baseline-model/emotion_recognition/main_uncertainty.py --feature_set bert-4 --emo_dim_set valence --epochs 100 --refresh --n_seeds 1 --seed 314 --attn --rnn_bi --loss ccc --uncertainty_approach monte_carlo_dropout --attn_dr .5 --out_dr .5 --rnn_n_layers 2 --rnn_dr .5
Constructing dataset and data loader ...
Constructing data from scratch ...
Found cached annotator 2 video mapping.
Constructing data from scratch ...
No label preprocessing (min -0.6726, max 1.0).
Found cached annotator 2 video mapping.
Constructing data from scratch ...
No label preprocessing (min -1.0, max 1.0).
Found cached annotator 2 video mapping.
Constructing data from scratch ...
No label preprocessing (min -0.7353, max 0.80704).
Found cached annotator 2 video mapping.
Constructing data from scratch ...
No label preprocessing (min -0.9549, max 1.0).
Found cached annotator 2 video mapping.
Constructing data from scratch ...
No label preprocessing (min -0.9706, max 0.9218999999999999).
Found cached annotator 2 video mapping.
Constructing data from scratch ...
No label preprocessing (min -0.39030000000000004, max 0.4687).
Found cached annotator 2 video mapping.
Constructing data from scratch ...
No label preprocessing (min -0.98725, max 1.0).
Found cached annotator 2 video mapping.
Constructing data from scratch ...
No label preprocessing (min -0.8137000000000001, max 1.0).
Found cached annotator 2 video mapping.
Constructing data from scratch ...
Exception for annotator 9: 9
Found cached annotator 2 video mapping.
Constructing data from scratch ...
Exception for annotator 10: 10
Found cached annotator 2 video mapping.
Constructing data from scratch ...
Exception for annotator 11: 11
Found cached annotator 2 video mapping.
Constructing data from scratch ...
Exception for annotator 12: 12
Found cached annotator 2 video mapping.
Constructing data from scratch ...
Exception for annotator 13: 13
Found cached annotator 2 video mapping.
Constructing data from scratch ...
Exception for annotator 14: 14
Found cached annotator 2 video mapping.
Constructing data from scratch ...
No label preprocessing (min -0.58476, max 1.0).
Found cached annotator 2 video mapping.
Constructing data from scratch ...
Exception for annotator 16: 16
Found cached annotator 2 video mapping.
Constructing data from scratch ...
Exception for annotator 17: 17
Samples in partitions: (3132, 62, 64)
Input feature dim: 768.
==================================================
Training model... [seed 314]
Note: target can not be optimized for 15 consecutive epochs, early stop the training process!
Seed 314 | Best [Val CCC]: 0.4312 [' 0.4312']| Loss: 0.6175 | PCC: 0.4429 ['0.4429'] | RMSE: 0.1844 ['0.1844']
--------------------TEST--------------------
UNCALIBRATED
sbUMEs: [{None: 0.3022662055441749, 10: 0.39243760848837644, 200: 0.3288384087392725, 500: 0.32289943831424595}]
pebUMES[{None: {3: 0.4214000516817115, 5: 0.4051086363425442, 7: 0.41008766832287896, 10: 0.42100956349699425}, 10: {3: 0.4120154058758543, 5: 0.40333921073716733, 7: 0.40420150989592, 10: 0.4092281489025043}, 200: {3: 0.36625575708775227, 5: 0.3380606476223553, 7: 0.3355660689226838, 10: 0.3380454536993083}, 500: {3: 0.36394804529637165, 5: 0.3332081162497707, 7: 0.3286979618166535, 10: 0.32960347786438343}}]
Cvs: [{'predicted uncertainty': 0.6971598589905228, 'true subjectivity': 0.4319405705256636, 'true rolling error 3': 5.64007577894676}]
Subjectivity vs. roll.-corr.-coef.: [{3: 0.011599919248286744, 5: 0.021013405092272085, 7: 0.025572622362490183, 10: 0.024953838548167497}]
CALIBRATED on subjectivity:
sbUMEs: [{None: 0.4715787844360556, 10: 0.4604658187386138, 200: 0.4096351960982781, 500: 0.4068877760395939}]
pebUMES[{None: {3: 0.5241865167507223, 5: 0.5412284507742918, 7: 0.5518954043961355, 10: 0.5640219317247369}, 10: {3: 0.520847706365372, 5: 0.519698261444012, 7: 0.518073000476703, 10: 0.5180383233590057}, 200: {3: 0.5242449046644422, 5: 0.5396702672929841, 7: 0.5478218963642872, 10: 0.5574879259936094}, 500: {3: 0.5241849566974276, 5: 0.5405045413917792, 7: 0.549887700313087, 10: 0.5607494812986219}}]
Cvs: [{'predicted uncertainty': 0.33646701410809976, 'true subjectivity': 0.4319405705256636, 'true rolling error 3': 5.64007577894676}]

CALIBRATED on rolling_error_3:
sbUMEs: [{None: 0.24287855463367095, 10: 0.40622338725498935, 200: 0.27681994233523444, 500: 0.26103733486597697}]
pebUMES[{None: {3: 0.38210028312534516, 5: 0.3536549458759092, 7: 0.3516871025277519, 10: 0.35672974258640433}, 10: {3: 0.4474257874059144, 5: 0.4391721391151696, 7: 0.43866414845810303, 10: 0.44107514741523357}, 200: {3: 0.3901927597443617, 5: 0.36671973370138894, 7: 0.3673794477116137, 10: 0.3742316694525835}, 500: {3: 0.3865053744522508, 5: 0.3604972547511231, 7: 0.3598335096760233, 10: 0.3658509061337426}}]
Cvs: [{'predicted uncertainty': 0.4928678946375273, 'true subjectivity': 0.4319405705256636, 'true rolling error 3': 5.64007577894676}]

CALIBRATED on rolling_error_5:
sbUMEs: [{None: 0.2641795820298735, 10: 0.40977837633119324, 200: 0.28269586273301706, 500: 0.268496559435663}]
pebUMES[{None: {3: 0.39774286359659317, 5: 0.37408087653263944, 7: 0.3742800776057951, 10: 0.38092972446791096}, 10: {3: 0.45606534713752334, 5: 0.44787313092829134, 7: 0.44699459667784064, 10: 0.44887674430343927}, 200: {3: 0.40763133309389127, 5: 0.3888754028883365, 7: 0.3909818451725102, 10: 0.3986828496135417}, 500: {3: 0.4051198891515424, 5: 0.38459225655181783, 7: 0.38595423193122075, 10: 0.3932595872600005}}]
Cvs: [{'predicted uncertainty': 0.454663831047309, 'true subjectivity': 0.4319405705256636, 'true rolling error 3': 5.64007577894676}]

--------------------DEVEL--------------------
UNCALIBRATED
sbUMEs: [{None: 0.29793329077289066, 10: 0.395855470349307, 200: 0.3252532732116185, 500: 0.3209501150307597}]
pebUMES[{None: {3: 0.41618718550942385, 5: 0.39301364907217945, 7: 0.3949475918479999, 10: 0.40164059798490254}, 10: {3: 0.4158742058344516, 5: 0.40517766626221025, 7: 0.40684971893243194, 10: 0.41066858001415546}, 200: {3: 0.3726115419385354, 5: 0.34127186259530196, 7: 0.33811238069127597, 10: 0.34095562703673776}, 500: {3: 0.3705293761382524, 5: 0.3368090920997681, 7: 0.3321515532604512, 10: 0.33340294498012546}}]
Cvs: [{'predicted uncertainty': 0.7004451818000341, 'true subjectivity': 0.44745683570873385, 'true rolling error 3': 9.225857124607185}]
Subjectivity vs. roll.-corr.-coef.: [{3: 0.006441565190626627, 5: 0.012010576940320454, 7: 0.014217199197674307, 10: 0.01605543270077044}]
CALIBRATED on subjectivity:
sbUMEs: [{None: 0.35380948512114246, 10: 0.45509009103464076, 200: 0.3454515522612352, 500: 0.33228890243538173}]
pebUMES[{None: {3: 0.4395505910093124, 5: 0.42778739847249014, 7: 0.43105367471603984, 10: 0.43780416902356206}, 10: {3: 0.4964707099142618, 5: 0.4942891241978551, 7: 0.4943480492173964, 10: 0.4956918477017421}, 200: {3: 0.45819913056938727, 5: 0.45305022338621576, 7: 0.45709703109629785, 10: 0.46355067267295474}, 500: {3: 0.4545785690772007, 5: 0.4482243876893735, 7: 0.4520925730426676, 10: 0.458616397452735}}]
Cvs: [{'predicted uncertainty': 0.34102213924651825, 'true subjectivity': 0.44745683570873385, 'true rolling error 3': 9.225857124607185}]

CALIBRATED on rolling_error_3:
sbUMEs: [{None: 0.3356352913359443, 10: 0.4348446192844329, 200: 0.32621866327818766, 500: 0.31049466419783756}]
pebUMES[{None: {3: 0.4337746657430826, 5: 0.4181957973057833, 7: 0.42055589560846046, 10: 0.42679391232642766}, 10: {3: 0.4773065022484062, 5: 0.47176124545886405, 7: 0.47190227204912144, 10: 0.47347291314276374}, 200: {3: 0.4453530347454678, 5: 0.4341271133017575, 7: 0.4371952727329865, 10: 0.4434418495423262}, 500: {3: 0.440983088206789, 5: 0.42803972320985223, 7: 0.4307314048744631, 10: 0.43688993306687024}}]
Cvs: [{'predicted uncertainty': 0.36017300796438595, 'true subjectivity': 0.44745683570873385, 'true rolling error 3': 9.225857124607185}]

CALIBRATED on rolling_error_5:
sbUMEs: [{None: 0.36077256051076184, 10: 0.43865233957137484, 200: 0.3433796934014393, 500: 0.3295825403691328}]
pebUMES[{None: {3: 0.447286102734879, 5: 0.4365318974777094, 7: 0.43991621403459813, 10: 0.4464614727104357}, 10: {3: 0.4811202565018026, 5: 0.47599477410670293, 7: 0.47611274204167825, 10: 0.47763593283220085}, 200: {3: 0.45756446846947113, 5: 0.4500928292679198, 7: 0.4536966407850678, 10: 0.4599265991815872}, 500: {3: 0.45389521502200825, 5: 0.44524522192096877, 7: 0.44865934226681076, 10: 0.4549144409456586}}]
Cvs: [{'predicted uncertainty': 0.3563741667681926, 'true subjectivity': 0.44745683570873385, 'true rolling error 3': 9.225857124607185}]

On Test: CCC  0.6063 | PCC  0.6208 | RMSE  0.1608
==================================================
On ground-truth labels:	Best	[Val CCC] for seed "314":	 0.4312
On ground-truth labels:		[Test CCC] for seed "314":	 0.6063
----------------------------------------------------------------------------------------------------
Delete model "/nas/student/NicolasKolbenschlag/emotion_uncertainty_bachelorarbeit/MuSe-LSTM-Attention-baseline-model/output/model/2021-05-29-20-36_[bert-4]_[valence]_[NOSEG]_[lstm_64_2_True]_[True_1_4]_[0.005_1024_0.5_0.5_0.5]_None_[1_314_None_None].pth".
slurmstepd: *** JOB 111548 ON eihw-gpu4 CANCELLED AT 2021-05-30T13:37:38 ***
