/nas/student/NicolasKolbenschlag/emotion_uncertainty_bachelorarbeit/MuSe-LSTM-Attention-baseline-model/emotion_recognition/main_uncertainty.py --feature_set bert-4 --emo_dim_set valence --epochs 100 --refresh --n_seeds 1 --seed 314 --attn --rnn_bi --loss ccc --uncertainty_approach monte_carlo_dropout --attn_dr .5 --out_dr .5 --rnn_n_layers 2 --rnn_dr .5
Constructing dataset and data loader ...
Constructing data from scratch ...
Calculating subjectivities among annotators from sratch...
Found cached annotator 2 video mapping.
Constructing data from scratch ...
No label preprocessing (min -0.6726, max 1.0).
Found cached annotator 2 video mapping.
Constructing data from scratch ...
No label preprocessing (min -1.0, max 1.0).
Found cached annotator 2 video mapping.
Constructing data from scratch ...
No label preprocessing (min -0.7353, max 0.80704).
Found cached annotator 2 video mapping.
Constructing data from scratch ...
No label preprocessing (min -0.9549, max 1.0).
Found cached annotator 2 video mapping.
Constructing data from scratch ...
No label preprocessing (min -0.9706, max 0.9218999999999999).
Found cached annotator 2 video mapping.
Constructing data from scratch ...
No label preprocessing (min -0.39030000000000004, max 0.4687).
Found cached annotator 2 video mapping.
Constructing data from scratch ...
No label preprocessing (min -0.98725, max 1.0).
Found cached annotator 2 video mapping.
Constructing data from scratch ...
No label preprocessing (min -0.8137000000000001, max 1.0).
Found cached annotator 2 video mapping.
Constructing data from scratch ...
Exception for annotator 9: 9
Found cached annotator 2 video mapping.
Constructing data from scratch ...
Exception for annotator 10: 10
Found cached annotator 2 video mapping.
Constructing data from scratch ...
Exception for annotator 11: 11
Found cached annotator 2 video mapping.
Constructing data from scratch ...
Exception for annotator 12: 12
Found cached annotator 2 video mapping.
Constructing data from scratch ...
Exception for annotator 13: 13
Found cached annotator 2 video mapping.
Constructing data from scratch ...
Exception for annotator 14: 14
Found cached annotator 2 video mapping.
Constructing data from scratch ...
No label preprocessing (min -0.58476, max 1.0).
Found cached annotator 2 video mapping.
Constructing data from scratch ...
Exception for annotator 16: 16
Found cached annotator 2 video mapping.
Constructing data from scratch ...
Exception for annotator 17: 17
Subjectivities calculated.
Samples in partitions: (3132, 62, 64)
Input feature dim: 768.
==================================================
Training model... [seed 314]
Note: target can not be optimized for 15 consecutive epochs, early stop the training process!
Seed 314 | Best [Val CCC]: 0.4312 [' 0.4312']| Loss: 0.6175 | PCC: 0.4429 ['0.4429'] | RMSE: 0.1844 ['0.1844']
--------------------TEST--------------------
UNCALIBRATED
sbUMEs: [{None: 0.3022662055441749, 10: 0.39243760848837644, 200: 0.3288384087392725, 500: 0.32289943831424595}]
pebUMES[{None: {3: 0.4214000516817115, 5: 0.4051086363425442, 7: 0.41008766832287896, 10: 0.42100956349699425}, 10: {3: 0.4120154058758543, 5: 0.40333921073716733, 7: 0.40420150989592, 10: 0.4092281489025043}, 200: {3: 0.36625575708775227, 5: 0.3380606476223553, 7: 0.3355660689226838, 10: 0.3380454536993083}, 500: {3: 0.36394804529637165, 5: 0.3332081162497707, 7: 0.3286979618166535, 10: 0.32960347786438343}}]
Cvs: [{'predicted uncertainty': 0.6971598589905228, 'true subjectivity': 0.4319405705256636, 'true rolling error 3': 5.64007577894676}]
Subjectivity vs. roll.-corr.-coef.: [{3: 0.011599919248286744, 5: 0.021013405092272085, 7: 0.025572622362490183, 10: 0.024953838548167497}]
CALIBRATED on subjectivity:
sbUMEs: [{None: 0.4715787844360556, 10: 0.4604658187386138, 200: 0.4096351960982781, 500: 0.4068877760395939}]
pebUMES[{None: {3: 0.5241865167507223, 5: 0.5412284507742918, 7: 0.5518954043961355, 10: 0.5640219317247369}, 10: {3: 0.520847706365372, 5: 0.519698261444012, 7: 0.518073000476703, 10: 0.5180383233590057}, 200: {3: 0.5242449046644422, 5: 0.5396702672929841, 7: 0.5478218963642872, 10: 0.5574879259936094}, 500: {3: 0.5241849566974276, 5: 0.5405045413917792, 7: 0.549887700313087, 10: 0.5607494812986219}}]
Cvs: [{'predicted uncertainty': 0.33646701410809976, 'true subjectivity': 0.4319405705256636, 'true rolling error 3': 5.64007577894676}]

CALIBRATED on rolling_error_3:
sbUMEs: [{None: 0.24287855463367095, 10: 0.40622338725498935, 200: 0.27681994233523444, 500: 0.26103733486597697}]
pebUMES[{None: {3: 0.38210028312534516, 5: 0.3536549458759092, 7: 0.3516871025277519, 10: 0.35672974258640433}, 10: {3: 0.4474257874059144, 5: 0.4391721391151696, 7: 0.43866414845810303, 10: 0.44107514741523357}, 200: {3: 0.3901927597443617, 5: 0.36671973370138894, 7: 0.3673794477116137, 10: 0.3742316694525835}, 500: {3: 0.3865053744522508, 5: 0.3604972547511231, 7: 0.3598335096760233, 10: 0.3658509061337426}}]
Cvs: [{'predicted uncertainty': 0.4928678946375273, 'true subjectivity': 0.4319405705256636, 'true rolling error 3': 5.64007577894676}]

CALIBRATED on rolling_error_5:
sbUMEs: [{None: 0.2641795820298735, 10: 0.40977837633119324, 200: 0.28269586273301706, 500: 0.268496559435663}]
pebUMES[{None: {3: 0.39774286359659317, 5: 0.37408087653263944, 7: 0.3742800776057951, 10: 0.38092972446791096}, 10: {3: 0.45606534713752334, 5: 0.44787313092829134, 7: 0.44699459667784064, 10: 0.44887674430343927}, 200: {3: 0.40763133309389127, 5: 0.3888754028883365, 7: 0.3909818451725102, 10: 0.3986828496135417}, 500: {3: 0.4051198891515424, 5: 0.38459225655181783, 7: 0.38595423193122075, 10: 0.3932595872600005}}]
Cvs: [{'predicted uncertainty': 0.454663831047309, 'true subjectivity': 0.4319405705256636, 'true rolling error 3': 5.64007577894676}]

BENCHMARK:
sbUMEs: [{None: 0.14440769283681337, 10: 0.38616132117575686, 200: 0.2406204120252288, 500: 0.21950776848469727}]
pebUMES[{None: {3: 0.3497135371407276, 5: 0.3006845275521329, 7: 0.29725703518464613, 10: 0.2946060626055343}, 10: {3: 0.41296028925728206, 5: 0.3956375546949203, 7: 0.39332506073457263, 10: 0.39497047099639637}, 200: {3: 0.36624670430180906, 5: 0.32053047723141204, 7: 0.31928334317294965, 10: 0.32317868057273424}, 500: {3: 0.3623635332270665, 5: 0.31454924803438605, 7: 0.30903802675196146, 10: 0.31319714297208107}}]
Cvs: []

--------------------DEVEL--------------------
UNCALIBRATED
sbUMEs: [{None: 0.29793329077289066, 10: 0.395855470349307, 200: 0.3252532732116185, 500: 0.3209501150307597}]
pebUMES[{None: {3: 0.41618718550942385, 5: 0.39301364907217945, 7: 0.3949475918479999, 10: 0.40164059798490254}, 10: {3: 0.4158742058344516, 5: 0.40517766626221025, 7: 0.40684971893243194, 10: 0.41066858001415546}, 200: {3: 0.3726115419385354, 5: 0.34127186259530196, 7: 0.33811238069127597, 10: 0.34095562703673776}, 500: {3: 0.3705293761382524, 5: 0.3368090920997681, 7: 0.3321515532604512, 10: 0.33340294498012546}}]
Cvs: [{'predicted uncertainty': 0.7004451818000341, 'true subjectivity': 0.44745683570873385, 'true rolling error 3': 9.225857124607185}]
Subjectivity vs. roll.-corr.-coef.: [{3: 0.006441565190626627, 5: 0.012010576940320454, 7: 0.014217199197674307, 10: 0.01605543270077044}]
CALIBRATED on subjectivity:
sbUMEs: [{None: 0.35380948512114246, 10: 0.45509009103464076, 200: 0.3454515522612352, 500: 0.33228890243538173}]
pebUMES[{None: {3: 0.4395505910093124, 5: 0.42778739847249014, 7: 0.43105367471603984, 10: 0.43780416902356206}, 10: {3: 0.4964707099142618, 5: 0.4942891241978551, 7: 0.4943480492173964, 10: 0.4956918477017421}, 200: {3: 0.45819913056938727, 5: 0.45305022338621576, 7: 0.45709703109629785, 10: 0.46355067267295474}, 500: {3: 0.4545785690772007, 5: 0.4482243876893735, 7: 0.4520925730426676, 10: 0.458616397452735}}]
Cvs: [{'predicted uncertainty': 0.34102213924651825, 'true subjectivity': 0.44745683570873385, 'true rolling error 3': 9.225857124607185}]

CALIBRATED on rolling_error_3:
sbUMEs: [{None: 0.3356352913359443, 10: 0.4348446192844329, 200: 0.32621866327818766, 500: 0.31049466419783756}]
pebUMES[{None: {3: 0.4337746657430826, 5: 0.4181957973057833, 7: 0.42055589560846046, 10: 0.42679391232642766}, 10: {3: 0.4773065022484062, 5: 0.47176124545886405, 7: 0.47190227204912144, 10: 0.47347291314276374}, 200: {3: 0.4453530347454678, 5: 0.4341271133017575, 7: 0.4371952727329865, 10: 0.4434418495423262}, 500: {3: 0.440983088206789, 5: 0.42803972320985223, 7: 0.4307314048744631, 10: 0.43688993306687024}}]
Cvs: [{'predicted uncertainty': 0.36017300796438595, 'true subjectivity': 0.44745683570873385, 'true rolling error 3': 9.225857124607185}]

CALIBRATED on rolling_error_5:
sbUMEs: [{None: 0.36077256051076184, 10: 0.43865233957137484, 200: 0.3433796934014393, 500: 0.3295825403691328}]
pebUMES[{None: {3: 0.447286102734879, 5: 0.4365318974777094, 7: 0.43991621403459813, 10: 0.4464614727104357}, 10: {3: 0.4811202565018026, 5: 0.47599477410670293, 7: 0.47611274204167825, 10: 0.47763593283220085}, 200: {3: 0.45756446846947113, 5: 0.4500928292679198, 7: 0.4536966407850678, 10: 0.4599265991815872}, 500: {3: 0.45389521502200825, 5: 0.44524522192096877, 7: 0.44865934226681076, 10: 0.4549144409456586}}]
Cvs: [{'predicted uncertainty': 0.3563741667681926, 'true subjectivity': 0.44745683570873385, 'true rolling error 3': 9.225857124607185}]

BENCHMARK:
sbUMEs: [{None: 0.13831572273971116, 10: 0.3843196798499672, 200: 0.23741826501265553, 500: 0.21440080493088545}]
pebUMES[{None: {3: 0.349555075782847, 5: 0.2957533267001703, 7: 0.2807680733718104, 10: 0.2897148487534218}, 10: {3: 0.4122302506772293, 5: 0.39100326487328685, 7: 0.3922837243941537, 10: 0.39322867400670397}, 200: {3: 0.3628673026903571, 5: 0.31434197561631055, 7: 0.30891927219633286, 10: 0.3127913059946342}, 500: {3: 0.3579330315842671, 5: 0.30775354978433106, 7: 0.30033108270257236, 10: 0.303414377213684}}]
Cvs: []

On Test: CCC  0.6063 | PCC  0.6208 | RMSE  0.1608
==================================================
On ground-truth labels:	Best	[Val CCC] for seed "314":	 0.4312
On ground-truth labels:		[Test CCC] for seed "314":	 0.6063
----------------------------------------------------------------------------------------------------
Delete model "/nas/student/NicolasKolbenschlag/emotion_uncertainty_bachelorarbeit/MuSe-LSTM-Attention-baseline-model/output/model/2021-06-20-18-08_[bert-4]_[valence]_[NOSEG]_[lstm_64_2_True]_[True_1_4]_[0.005_1024_0.5_0.5_0.5]_None_[1_314_None_None].pth".
/nas/student/NicolasKolbenschlag/emotion_uncertainty_bachelorarbeit/MuSe-LSTM-Attention-baseline-model/emotion_recognition/main_uncertainty.py --feature_set bert-4 --emo_dim_set valence --epochs 100 --refresh --n_seeds 1 --seed 314 --attn --rnn_bi --uncertainty_approach quantile_regression --loss tiltedCCC
Constructing dataset and data loader ...
Constructing data from scratch ...
Calculating subjectivities among annotators from sratch...
Found cached annotator 2 video mapping.
Constructing data from scratch ...
No label preprocessing (min -0.6726, max 1.0).
Found cached annotator 2 video mapping.
Constructing data from scratch ...
No label preprocessing (min -1.0, max 1.0).
Found cached annotator 2 video mapping.
Constructing data from scratch ...
No label preprocessing (min -0.7353, max 0.80704).
Found cached annotator 2 video mapping.
Constructing data from scratch ...
No label preprocessing (min -0.9549, max 1.0).
Found cached annotator 2 video mapping.
Constructing data from scratch ...
No label preprocessing (min -0.9706, max 0.9218999999999999).
Found cached annotator 2 video mapping.
Constructing data from scratch ...
No label preprocessing (min -0.39030000000000004, max 0.4687).
Found cached annotator 2 video mapping.
Constructing data from scratch ...
No label preprocessing (min -0.98725, max 1.0).
Found cached annotator 2 video mapping.
Constructing data from scratch ...
No label preprocessing (min -0.8137000000000001, max 1.0).
Found cached annotator 2 video mapping.
Constructing data from scratch ...
Exception for annotator 9: 9
Found cached annotator 2 video mapping.
Constructing data from scratch ...
Exception for annotator 10: 10
Found cached annotator 2 video mapping.
Constructing data from scratch ...
Exception for annotator 11: 11
Found cached annotator 2 video mapping.
Constructing data from scratch ...
Exception for annotator 12: 12
Found cached annotator 2 video mapping.
Constructing data from scratch ...
Exception for annotator 13: 13
Found cached annotator 2 video mapping.
Constructing data from scratch ...
Exception for annotator 14: 14
Found cached annotator 2 video mapping.
Constructing data from scratch ...
No label preprocessing (min -0.58476, max 1.0).
Found cached annotator 2 video mapping.
Constructing data from scratch ...
Exception for annotator 16: 16
Found cached annotator 2 video mapping.
Constructing data from scratch ...
Exception for annotator 17: 17
Subjectivities calculated.
Samples in partitions: (3132, 62, 64)
Input feature dim: 768.
==================================================
Training model... [seed 314]
tCCC output nodes: tensor([0.9484, 0.9540, 0.9336])
tCCC output nodes: tensor([0.9901, 0.9796, 1.0309])
tCCC output nodes: tensor([0.9878, 1.0221, 0.9705])
tCCC output nodes: tensor([0.9189, 0.9365, 0.9333])
tCCC output nodes: tensor([0.9188, 0.9622, 0.9441])
tCCC output nodes: tensor([0.8835, 0.9845, 0.8864])
tCCC output nodes: tensor([0.9027, 0.9652, 0.8718])
tCCC output nodes: tensor([0.9748, 0.9366, 0.9444])
tCCC output nodes: tensor([0.9363, 0.9471, 0.9703])
tCCC output nodes: tensor([0.8947, 0.8540, 0.8761])
tCCC output nodes: tensor([0.8879, 0.9705, 0.8921])
tCCC output nodes: tensor([0.9366, 0.9241, 0.9298])
tCCC output nodes: tensor([0.9050, 0.9463, 0.9019])
tCCC output nodes: tensor([0.8883, 0.9514, 0.8519])
tCCC output nodes: tensor([0.8101, 0.6748, 0.8398])
tCCC output nodes: tensor([0.9332, 0.9408, 0.9272])
tCCC output nodes: tensor([0.9499, 0.9391, 0.9922])
tCCC output nodes: tensor([0.9328, 0.9665, 0.9357])
tCCC output nodes: tensor([0.9553, 0.9296, 0.9306])
tCCC output nodes: tensor([0.9552, 0.9488, 0.9460])
tCCC output nodes: tensor([0.9302, 0.9098, 0.9113])
tCCC output nodes: tensor([0.8978, 0.8826, 0.8947])
tCCC output nodes: tensor([0.8518, 0.9160, 0.9053])
tCCC output nodes: tensor([0.9936, 0.8888, 0.9958])
tCCC output nodes: tensor([0.9092, 0.9702, 0.9342])
tCCC output nodes: tensor([0.9382, 0.8371, 0.9286])
tCCC output nodes: tensor([0.9352, 0.8969, 0.9350])
tCCC output nodes: tensor([0.9602, 0.9424, 0.9631])
tCCC output nodes: tensor([0.9779, 0.9773, 0.9663])
tCCC output nodes: tensor([0.9530, 0.9353, 1.0049])
tCCC output nodes: tensor([0.9119, 0.9687, 0.8898])
tCCC output nodes: tensor([0.8089, 0.9633, 0.7771])
tCCC output nodes: tensor([0.8195, 0.7515, 0.8045])
tCCC output nodes: tensor([0.9525, 0.9616, 0.9103])
tCCC output nodes: tensor([1.0053, 0.9826, 0.9659])
tCCC output nodes: tensor([0.8456, 0.8552, 0.8055])
tCCC output nodes: tensor([0.9620, 0.9443, 0.9840])
tCCC output nodes: tensor([0.9352, 1.0316, 0.9370])
tCCC output nodes: tensor([0.9471, 0.9655, 0.9468])
tCCC output nodes: tensor([0.9367, 0.8800, 0.9186])
tCCC output nodes: tensor([0.8957, 0.8964, 0.9138])
tCCC output nodes: tensor([0.9648, 0.9823, 0.9578])
tCCC output nodes: tensor([1.0314, 0.9530, 0.9592])
tCCC output nodes: tensor([0.9891, 1.0025, 0.9893])
tCCC output nodes: tensor([0.9625, 0.9783, 0.9742])
tCCC output nodes: tensor([0.9770, 0.9899, 0.9933])
tCCC output nodes: tensor([0.9683, 0.8991, 0.9384])
tCCC output nodes: tensor([0.9390, 0.8973, 0.9245])
tCCC output nodes: tensor([0.9127, 0.8884, 0.8953])
tCCC output nodes: tensor([0.9727, 0.9836, 0.9589])
tCCC output nodes: tensor([0.9710, 0.9862, 0.9731])
tCCC output nodes: tensor([0.9329, 0.8993, 0.9654])
tCCC output nodes: tensor([0.9770, 0.9332, 0.9086])
tCCC output nodes: tensor([0.9985, 1.0181, 0.9973])
tCCC output nodes: tensor([0.8724, 0.9194, 0.8796])
tCCC output nodes: tensor([0.8960, 0.9479, 0.9208])
tCCC output nodes: tensor([0.8773, 0.9183, 0.8637])
tCCC output nodes: tensor([0.8502, 0.9236, 0.8590])
tCCC output nodes: tensor([0.9500, 0.9715, 0.9579])
tCCC output nodes: tensor([0.9072, 0.9704, 0.9283])
tCCC output nodes: tensor([0.9013, 0.8999, 0.8930])
tCCC output nodes: tensor([0.9125, 0.9364, 0.9183])
tCCC output nodes: tensor([0.9423, 0.8434, 0.8832])
tCCC output nodes: tensor([0.9594, 0.9865, 0.9517])
tCCC output nodes: tensor([0.9667, 1.0649, 0.9525])
tCCC output nodes: tensor([0.8985, 0.9042, 0.9143])
tCCC output nodes: tensor([0.8889, 0.7747, 0.9168])
tCCC output nodes: tensor([0.8888, 0.9670, 0.9034])
tCCC output nodes: tensor([0.9079, 0.9534, 0.8746])
tCCC output nodes: tensor([0.9606, 0.8232, 0.9571])
tCCC output nodes: tensor([0.9440, 0.9340, 0.9876])
tCCC output nodes: tensor([0.8754, 0.9028, 0.8390])
tCCC output nodes: tensor([0.8899, 0.9215, 0.8626])
tCCC output nodes: tensor([0.9177, 0.8031, 0.8873])
tCCC output nodes: tensor([0.8700, 0.9504, 0.8568])
tCCC output nodes: tensor([0.8385, 0.9471, 0.8292])
tCCC output nodes: tensor([0.7944, 0.8708, 0.7755])
tCCC output nodes: tensor([0.9301, 0.9577, 0.9312])
tCCC output nodes: tensor([0.9478, 0.8189, 0.9180])
tCCC output nodes: tensor([0.9085, 0.8675, 0.8831])
tCCC output nodes: tensor([0.9036, 0.9800, 0.8666])
tCCC output nodes: tensor([0.9278, 0.9460, 0.8538])
tCCC output nodes: tensor([0.9132, 0.8994, 0.8579])
tCCC output nodes: tensor([0.8887, 0.8149, 0.8376])
tCCC output nodes: tensor([0.8604, 0.8230, 0.8421])
tCCC output nodes: tensor([0.9539, 0.9651, 0.9316])
tCCC output nodes: tensor([0.9191, 0.9671, 0.9057])
tCCC output nodes: tensor([0.9365, 0.9401, 0.9236])
tCCC output nodes: tensor([0.9446, 0.7611, 0.9487])
tCCC output nodes: tensor([0.9523, 0.9368, 1.0043])
tCCC output nodes: tensor([0.9747, 0.8792, 0.9519])
tCCC output nodes: tensor([0.9639, 0.9600, 0.9451])
tCCC output nodes: tensor([0.9194, 0.9611, 0.8738])
tCCC output nodes: tensor([0.7981, 0.7050, 0.7696])
tCCC output nodes: tensor([0.7993, 0.7393, 0.7297])
tCCC output nodes: tensor([0.9048, 0.9736, 0.8920])
tCCC output nodes: tensor([1.0641, 0.9717, 1.0091])
tCCC output nodes: tensor([0.8448, 0.7891, 0.8603])
tCCC output nodes: tensor([0.9830, 0.8557, 0.9797])
tCCC output nodes: tensor([0.9414, 1.0140, 0.9150])
tCCC output nodes: tensor([0.9439, 0.9068, 0.8864])
tCCC output nodes: tensor([0.9163, 0.7874, 0.9025])
tCCC output nodes: tensor([0.8939, 0.7851, 0.8715])
tCCC output nodes: tensor([0.9541, 0.9328, 0.9489])
tCCC output nodes: tensor([1.0565, 1.0057, 0.9484])
tCCC output nodes: tensor([0.9868, 0.9105, 1.0090])
tCCC output nodes: tensor([0.9623, 0.9354, 0.9362])
tCCC output nodes: tensor([0.9859, 0.9843, 1.0171])
tCCC output nodes: tensor([0.9690, 0.8783, 0.9201])
tCCC output nodes: tensor([0.9314, 0.9304, 0.9610])
tCCC output nodes: tensor([0.9131, 0.4365, 0.8713])
tCCC output nodes: tensor([0.9842, 0.8572, 0.9739])
tCCC output nodes: tensor([0.9810, 0.8399, 0.9769])
tCCC output nodes: tensor([0.9101, 0.6316, 0.9032])
tCCC output nodes: tensor([0.9768, 0.9274, 0.9451])
tCCC output nodes: tensor([0.9976, 1.0243, 0.9937])
tCCC output nodes: tensor([0.8595, 0.9408, 0.8940])
tCCC output nodes: tensor([0.9083, 0.8284, 0.9309])
tCCC output nodes: tensor([0.8784, 0.6259, 0.8987])
tCCC output nodes: tensor([0.8786, 0.6992, 0.8293])
tCCC output nodes: tensor([0.9433, 0.9623, 0.9528])
tCCC output nodes: tensor([0.9145, 0.9189, 0.9432])
tCCC output nodes: tensor([0.8635, 0.8632, 0.8604])
tCCC output nodes: tensor([0.8844, 0.9852, 0.9088])
tCCC output nodes: tensor([0.9186, 0.8102, 0.8410])
tCCC output nodes: tensor([1.0397, 0.9377, 1.0224])
tCCC output nodes: tensor([0.9504, 1.0520, 0.8893])
tCCC output nodes: tensor([0.9084, 0.7301, 0.8974])
tCCC output nodes: tensor([0.8846, 0.8233, 0.8775])
tCCC output nodes: tensor([0.8608, 0.9163, 0.9021])
tCCC output nodes: tensor([0.8949, 0.8395, 0.8386])
tCCC output nodes: tensor([0.9468, 0.8243, 0.8983])
tCCC output nodes: tensor([0.9279, 0.7947, 0.9612])
tCCC output nodes: tensor([0.8215, 0.7322, 0.8530])
tCCC output nodes: tensor([0.8425, 0.7776, 0.8202])
tCCC output nodes: tensor([0.9212, 0.7342, 0.8894])
tCCC output nodes: tensor([0.9197, 0.8981, 0.8511])
tCCC output nodes: tensor([0.8692, 0.9324, 0.8608])
tCCC output nodes: tensor([0.7736, 0.6465, 0.7663])
tCCC output nodes: tensor([0.9055, 0.8390, 0.9381])
tCCC output nodes: tensor([0.8924, 0.7269, 0.9022])
tCCC output nodes: tensor([0.8935, 0.8041, 0.8437])
tCCC output nodes: tensor([0.9123, 0.9510, 0.8574])
tCCC output nodes: tensor([0.9689, 0.7064, 0.9077])
tCCC output nodes: tensor([0.9419, 0.7355, 0.8966])
tCCC output nodes: tensor([0.8884, 0.8403, 0.8842])
tCCC output nodes: tensor([0.7730, 0.6756, 0.8187])
tCCC output nodes: tensor([0.9528, 0.8973, 0.9834])
tCCC output nodes: tensor([0.8918, 0.8356, 0.8839])
tCCC output nodes: tensor([0.9106, 0.7548, 0.8645])
tCCC output nodes: tensor([0.9230, 0.6650, 0.9404])
tCCC output nodes: tensor([0.9377, 0.8718, 0.9343])
tCCC output nodes: tensor([0.9762, 0.8497, 0.9760])
tCCC output nodes: tensor([0.9533, 0.7703, 0.9707])
tCCC output nodes: tensor([0.9097, 0.8260, 0.8925])
tCCC output nodes: tensor([0.7594, 0.8097, 0.7628])
tCCC output nodes: tensor([0.8347, 0.5706, 0.7447])
tCCC output nodes: tensor([0.9615, 0.7875, 0.9039])
tCCC output nodes: tensor([1.0149, 0.9510, 0.9572])
tCCC output nodes: tensor([0.8234, 0.7015, 0.8815])
tCCC output nodes: tensor([0.9174, 0.8147, 0.9324])
tCCC output nodes: tensor([0.9284, 0.9736, 0.9074])
tCCC output nodes: tensor([0.9160, 0.9052, 0.8772])
tCCC output nodes: tensor([0.9486, 0.6264, 0.9351])
tCCC output nodes: tensor([0.8863, 0.6742, 0.8512])
tCCC output nodes: tensor([0.9404, 0.8942, 0.9677])
tCCC output nodes: tensor([0.9798, 0.9600, 0.9963])
tCCC output nodes: tensor([0.9850, 0.9351, 0.9873])
tCCC output nodes: tensor([0.9617, 0.8478, 0.9369])
tCCC output nodes: tensor([0.9697, 0.9254, 0.9861])
tCCC output nodes: tensor([0.9254, 0.7645, 0.9071])
tCCC output nodes: tensor([0.9262, 0.8311, 0.9175])
tCCC output nodes: tensor([0.8640, 0.5389, 0.8669])
tCCC output nodes: tensor([0.9685, 0.8530, 0.9435])
tCCC output nodes: tensor([0.9608, 0.9060, 0.9590])
tCCC output nodes: tensor([0.9087, 0.6490, 0.8974])
tCCC output nodes: tensor([0.9477, 0.8159, 0.9047])
tCCC output nodes: tensor([0.9809, 0.8783, 0.9770])
tCCC output nodes: tensor([0.8507, 0.7795, 0.8587])
tCCC output nodes: tensor([0.9101, 0.8293, 0.9226])
tCCC output nodes: tensor([0.8847, 0.6264, 0.8762])
tCCC output nodes: tensor([0.8535, 0.6755, 0.8523])
tCCC output nodes: tensor([0.9462, 0.8761, 0.9247])
tCCC output nodes: tensor([0.9358, 0.8237, 0.9441])
tCCC output nodes: tensor([0.8759, 0.7159, 0.8586])
tCCC output nodes: tensor([0.9116, 0.8947, 0.9315])
tCCC output nodes: tensor([0.8852, 0.9063, 0.8382])
tCCC output nodes: tensor([0.9852, 0.9696, 0.9823])
tCCC output nodes: tensor([0.9995, 0.9683, 0.9518])
tCCC output nodes: tensor([0.9231, 0.7305, 0.9155])
tCCC output nodes: tensor([0.9133, 0.9273, 0.8930])
tCCC output nodes: tensor([0.8961, 0.9434, 0.8969])
tCCC output nodes: tensor([0.9375, 0.9007, 0.8576])
tCCC output nodes: tensor([0.9674, 0.8760, 0.9028])
tCCC output nodes: tensor([0.9341, 0.7334, 0.9724])
tCCC output nodes: tensor([0.8866, 0.7046, 0.8427])
tCCC output nodes: tensor([0.8664, 0.8633, 0.8031])
tCCC output nodes: tensor([0.9390, 0.9337, 0.8875])
tCCC output nodes: tensor([0.8966, 1.0025, 0.8842])
tCCC output nodes: tensor([0.8883, 0.9900, 0.8590])
tCCC output nodes: tensor([0.8073, 0.6123, 0.7538])
tCCC output nodes: tensor([0.9512, 0.8633, 0.9584])
tCCC output nodes: tensor([0.9446, 0.8881, 0.9162])
tCCC output nodes: tensor([0.9438, 0.9144, 0.8680])
tCCC output nodes: tensor([0.9179, 0.9773, 0.8180])
tCCC output nodes: tensor([0.9897, 0.8679, 0.9359])
tCCC output nodes: tensor([0.9111, 0.8404, 0.8612])
tCCC output nodes: tensor([0.9186, 0.8828, 0.8794])
tCCC output nodes: tensor([0.8568, 0.8627, 0.8711])
tCCC output nodes: tensor([0.9728, 0.8583, 0.9926])
tCCC output nodes: tensor([0.9050, 0.8508, 0.8808])
tCCC output nodes: tensor([0.9494, 0.8579, 0.9172])
tCCC output nodes: tensor([0.9168, 0.8626, 0.9439])
tCCC output nodes: tensor([0.9312, 0.9105, 0.9279])
tCCC output nodes: tensor([0.9569, 0.9533, 0.9731])
tCCC output nodes: tensor([0.9720, 0.8631, 0.9547])
tCCC output nodes: tensor([0.9048, 0.9004, 0.8853])
tCCC output nodes: tensor([0.8020, 0.9165, 0.8193])
tCCC output nodes: tensor([0.8631, 0.6888, 0.7407])
tCCC output nodes: tensor([0.9691, 0.8524, 0.9133])
tCCC output nodes: tensor([1.0601, 0.9887, 1.0498])
tCCC output nodes: tensor([0.8579, 0.8250, 0.8435])
tCCC output nodes: tensor([0.9272, 0.9020, 0.9632])
tCCC output nodes: tensor([0.9260, 0.9961, 0.9149])
tCCC output nodes: tensor([0.9053, 0.9495, 0.8511])
tCCC output nodes: tensor([0.9587, 0.8994, 0.9172])
tCCC output nodes: tensor([0.8813, 0.8340, 0.8353])
tCCC output nodes: tensor([0.9439, 0.9876, 0.9654])
tCCC output nodes: tensor([1.0024, 0.9486, 0.9714])
tCCC output nodes: tensor([0.9743, 0.9688, 1.0196])
tCCC output nodes: tensor([0.9458, 0.9111, 0.9132])
tCCC output nodes: tensor([0.9793, 0.9593, 0.9945])
tCCC output nodes: tensor([0.8925, 0.8779, 0.8810])
tCCC output nodes: tensor([0.9340, 0.9004, 0.9542])
tCCC output nodes: tensor([0.8829, 0.8551, 0.8568])
tCCC output nodes: tensor([1.0052, 0.9606, 0.9523])
tCCC output nodes: tensor([0.9891, 0.9530, 0.9912])
tCCC output nodes: tensor([0.9480, 0.8631, 0.9229])
tCCC output nodes: tensor([0.9685, 0.9406, 0.9391])
tCCC output nodes: tensor([0.9921, 0.9479, 0.9719])
tCCC output nodes: tensor([0.8806, 0.8368, 0.8656])
tCCC output nodes: tensor([0.9232, 0.9256, 0.9345])
tCCC output nodes: tensor([0.9208, 0.8000, 0.9274])
tCCC output nodes: tensor([0.8799, 0.8950, 0.8745])
tCCC output nodes: tensor([0.9052, 0.8256, 0.8856])
tCCC output nodes: tensor([0.9066, 0.9053, 0.9071])
tCCC output nodes: tensor([0.8812, 0.8044, 0.8467])
tCCC output nodes: tensor([0.8895, 0.9090, 0.8906])
tCCC output nodes: tensor([0.8691, 0.7991, 0.8121])
tCCC output nodes: tensor([1.0214, 0.9018, 1.0243])
tCCC output nodes: tensor([0.9586, 0.8770, 0.9414])
tCCC output nodes: tensor([0.8956, 0.7623, 0.8528])
tCCC output nodes: tensor([0.8664, 0.7567, 0.8657])
tCCC output nodes: tensor([0.8640, 0.9784, 0.8718])
tCCC output nodes: tensor([0.9358, 0.9524, 0.8830])
tCCC output nodes: tensor([0.9117, 0.9144, 0.8658])
tCCC output nodes: tensor([0.8933, 0.7465, 0.8910])
tCCC output nodes: tensor([0.8279, 0.8425, 0.7993])
tCCC output nodes: tensor([0.8611, 0.8374, 0.8327])
tCCC output nodes: tensor([0.9556, 0.9433, 0.9262])
tCCC output nodes: tensor([0.8624, 1.0026, 0.8280])
tCCC output nodes: tensor([0.8866, 0.9868, 0.8356])
tCCC output nodes: tensor([0.8043, 0.8412, 0.7559])
tCCC output nodes: tensor([0.9298, 0.9546, 0.9191])
tCCC output nodes: tensor([0.8961, 0.7846, 0.8575])
tCCC output nodes: tensor([0.9173, 0.8238, 0.8876])
tCCC output nodes: tensor([0.8926, 1.0046, 0.8363])
tCCC output nodes: tensor([0.9351, 0.8099, 0.9266])
tCCC output nodes: tensor([0.9351, 0.9120, 0.8811])
tCCC output nodes: tensor([0.8561, 0.7496, 0.8204])
tCCC output nodes: tensor([0.8597, 0.7916, 0.8719])
tCCC output nodes: tensor([0.9604, 0.9822, 0.9674])
tCCC output nodes: tensor([0.8538, 0.9404, 0.8702])
tCCC output nodes: tensor([0.8960, 0.9325, 0.8282])
tCCC output nodes: tensor([0.9279, 0.8634, 0.9350])
tCCC output nodes: tensor([0.9276, 0.9657, 0.8980])
tCCC output nodes: tensor([0.9901, 0.9219, 0.9902])
tCCC output nodes: tensor([0.9099, 0.9393, 0.9020])
tCCC output nodes: tensor([0.9226, 0.8876, 0.9089])
tCCC output nodes: tensor([0.8022, 0.7059, 0.7262])
tCCC output nodes: tensor([0.8138, 0.8503, 0.7260])
tCCC output nodes: tensor([0.9000, 0.9050, 0.8359])
tCCC output nodes: tensor([1.0467, 0.9926, 1.0230])
tCCC output nodes: tensor([0.8788, 0.6777, 0.8456])
tCCC output nodes: tensor([0.9451, 0.8195, 0.9289])
tCCC output nodes: tensor([0.9426, 1.0053, 0.9436])
tCCC output nodes: tensor([0.8785, 0.8041, 0.8182])
tCCC output nodes: tensor([0.9323, 0.9197, 0.8869])
tCCC output nodes: tensor([0.8683, 0.7382, 0.8160])
tCCC output nodes: tensor([0.9190, 0.9195, 0.8967])
tCCC output nodes: tensor([0.9840, 0.9880, 0.9998])
tCCC output nodes: tensor([1.0229, 0.9693, 1.0549])
tCCC output nodes: tensor([0.9449, 0.8800, 0.9348])
tCCC output nodes: tensor([0.9921, 0.9410, 0.9867])
tCCC output nodes: tensor([0.8862, 0.9104, 0.8398])
tCCC output nodes: tensor([0.9378, 0.9144, 0.9191])
tCCC output nodes: tensor([0.9012, 0.5453, 0.8851])
tCCC output nodes: tensor([0.9311, 0.8942, 0.8930])
tCCC output nodes: tensor([0.9386, 0.6848, 0.9405])
tCCC output nodes: tensor([0.9086, 0.7771, 0.8952])
tCCC output nodes: tensor([0.9470, 0.9820, 0.9072])
tCCC output nodes: tensor([0.9863, 0.8703, 0.9848])
tCCC output nodes: tensor([0.8642, 0.8877, 0.8241])
tCCC output nodes: tensor([0.9118, 0.8955, 0.9130])
tCCC output nodes: tensor([0.8913, 0.5842, 0.8500])
tCCC output nodes: tensor([0.8734, 0.7271, 0.8199])
tCCC output nodes: tensor([0.9366, 0.9151, 0.8572])
tCCC output nodes: tensor([0.8683, 0.7747, 0.8161])
tCCC output nodes: tensor([0.8813, 0.8002, 0.8125])
tCCC output nodes: tensor([0.8675, 0.9427, 0.8523])
tCCC output nodes: tensor([0.8869, 0.6306, 0.7948])
tCCC output nodes: tensor([0.9898, 0.9224, 0.9851])
tCCC output nodes: tensor([0.9366, 0.7381, 0.9107])
tCCC output nodes: tensor([0.8851, 0.5196, 0.8325])
tCCC output nodes: tensor([0.8721, 0.7703, 0.8613])
tCCC output nodes: tensor([0.8548, 0.9082, 0.8388])
tCCC output nodes: tensor([0.8971, 0.9570, 0.8899])
tCCC output nodes: tensor([0.9300, 0.9031, 0.9051])
tCCC output nodes: tensor([0.8874, 0.4789, 0.9181])
tCCC output nodes: tensor([0.7950, 0.6435, 0.7644])
tCCC output nodes: tensor([0.8492, 0.6841, 0.8218])
tCCC output nodes: tensor([0.9071, 0.8270, 0.8631])
tCCC output nodes: tensor([0.8459, 0.9833, 0.8271])
tCCC output nodes: tensor([0.8980, 0.8604, 0.8111])
tCCC output nodes: tensor([0.8121, 0.7382, 0.8027])
tCCC output nodes: tensor([0.9269, 0.9127, 0.8802])
tCCC output nodes: tensor([0.8983, 0.6291, 0.8654])
tCCC output nodes: tensor([0.8878, 0.6076, 0.8608])
tCCC output nodes: tensor([0.8573, 0.9764, 0.8339])
tCCC output nodes: tensor([0.9142, 0.5997, 0.8871])
tCCC output nodes: tensor([0.9220, 0.7902, 0.8574])
tCCC output nodes: tensor([0.8500, 0.5659, 0.8250])
tCCC output nodes: tensor([0.8290, 0.7120, 0.8500])
tCCC output nodes: tensor([0.9630, 0.9508, 0.9718])
tCCC output nodes: tensor([0.8546, 0.8772, 0.8789])
tCCC output nodes: tensor([0.9251, 0.8662, 0.9172])
tCCC output nodes: tensor([0.9491, 0.7057, 0.9134])
tCCC output nodes: tensor([0.9285, 0.8910, 0.8960])
tCCC output nodes: tensor([0.9854, 0.8897, 0.9298])
tCCC output nodes: tensor([0.9267, 0.8503, 0.9058])
tCCC output nodes: tensor([0.9517, 0.8107, 0.9135])
tCCC output nodes: tensor([0.7521, 0.6121, 0.6824])
tCCC output nodes: tensor([0.7871, 0.6662, 0.7145])
tCCC output nodes: tensor([0.9060, 0.6906, 0.8376])
tCCC output nodes: tensor([1.0289, 1.0686, 1.0523])
tCCC output nodes: tensor([0.8556, 0.4675, 0.8302])
tCCC output nodes: tensor([0.9324, 0.6823, 0.9247])
tCCC output nodes: tensor([0.9104, 1.0239, 0.9173])
tCCC output nodes: tensor([0.8729, 0.6510, 0.8127])
tCCC output nodes: tensor([0.9330, 0.8299, 0.8803])
tCCC output nodes: tensor([0.8748, 0.5566, 0.8171])
tCCC output nodes: tensor([0.9527, 0.8633, 0.9348])
tCCC output nodes: tensor([1.0397, 1.0271, 1.0492])
tCCC output nodes: tensor([0.9749, 0.8595, 1.0261])
tCCC output nodes: tensor([0.9545, 0.7063, 0.9140])
tCCC output nodes: tensor([0.9910, 0.7589, 0.9736])
tCCC output nodes: tensor([0.8809, 0.8357, 0.8429])
tCCC output nodes: tensor([0.9501, 0.8440, 0.9361])
tCCC output nodes: tensor([0.8880, 0.5575, 0.8959])
tCCC output nodes: tensor([0.9482, 0.6882, 0.8913])
tCCC output nodes: tensor([0.9443, 0.6660, 0.9397])
tCCC output nodes: tensor([0.9064, 0.6411, 0.8515])
tCCC output nodes: tensor([0.8953, 1.0173, 0.8963])
tCCC output nodes: tensor([0.9947, 0.7379, 0.9854])
tCCC output nodes: tensor([0.8516, 0.7445, 0.8203])
tCCC output nodes: tensor([0.9090, 0.7920, 0.8974])
tCCC output nodes: tensor([0.8671, 0.4051, 0.8580])
tCCC output nodes: tensor([0.8547, 0.6348, 0.7792])
tCCC output nodes: tensor([0.8518, 0.8245, 0.8370])
tCCC output nodes: tensor([0.8377, 0.5202, 0.7896])
tCCC output nodes: tensor([0.8425, 0.6342, 0.7667])
tCCC output nodes: tensor([0.8575, 0.7962, 0.8548])
tCCC output nodes: tensor([0.8541, 0.8242, 0.7257])
tCCC output nodes: tensor([0.9591, 0.9017, 0.9435])
tCCC output nodes: tensor([0.9270, 0.9314, 0.9064])
tCCC output nodes: tensor([0.8647, 0.6941, 0.7387])
tCCC output nodes: tensor([0.8473, 0.8722, 0.8509])
tCCC output nodes: tensor([0.8755, 0.9741, 0.8832])
tCCC output nodes: tensor([0.9187, 0.9217, 0.9569])
tCCC output nodes: tensor([0.9104, 0.8945, 0.8843])
tCCC output nodes: tensor([0.9031, 0.7234, 0.8544])
tCCC output nodes: tensor([0.8380, 0.5803, 0.8192])
tCCC output nodes: tensor([0.8565, 0.8621, 0.8321])
tCCC output nodes: tensor([0.9397, 0.8907, 0.9114])
tCCC output nodes: tensor([0.8427, 0.9669, 0.8676])
tCCC output nodes: tensor([0.9072, 0.9029, 0.8299])
tCCC output nodes: tensor([0.7820, 0.6889, 0.7853])
tCCC output nodes: tensor([0.8820, 0.8687, 0.8221])
tCCC output nodes: tensor([0.8892, 0.7511, 0.8203])
tCCC output nodes: tensor([0.8888, 0.8638, 0.8766])
tCCC output nodes: tensor([0.8578, 0.9462, 0.8681])
tCCC output nodes: tensor([0.9320, 0.8379, 0.9424])
tCCC output nodes: tensor([0.9081, 0.8157, 0.8427])
tCCC output nodes: tensor([0.8250, 0.7567, 0.7380])
tCCC output nodes: tensor([0.8233, 0.8482, 0.7675])
tCCC output nodes: tensor([0.9278, 0.7422, 0.8860])
tCCC output nodes: tensor([0.8953, 0.8536, 0.8207])
tCCC output nodes: tensor([0.8748, 0.7656, 0.8233])
tCCC output nodes: tensor([0.9159, 0.8070, 0.8868])
tCCC output nodes: tensor([0.8728, 0.8457, 0.7581])
tCCC output nodes: tensor([0.9316, 0.9571, 0.8774])
tCCC output nodes: tensor([0.9440, 0.8920, 0.9133])
tCCC output nodes: tensor([0.8669, 0.8816, 0.8195])
tCCC output nodes: tensor([0.7490, 0.8729, 0.6806])
tCCC output nodes: tensor([0.7865, 0.6690, 0.6151])
tCCC output nodes: tensor([0.8601, 0.6651, 0.7204])
tCCC output nodes: tensor([0.9813, 1.1027, 0.9777])
tCCC output nodes: tensor([0.8598, 0.7165, 0.8069])
tCCC output nodes: tensor([0.9220, 0.8756, 0.8785])
tCCC output nodes: tensor([0.9058, 1.0422, 0.8024])
tCCC output nodes: tensor([0.8636, 0.8792, 0.7813])
tCCC output nodes: tensor([0.9193, 0.8394, 0.8393])
tCCC output nodes: tensor([0.8604, 0.7668, 0.8015])
tCCC output nodes: tensor([0.9099, 0.9388, 0.9080])
tCCC output nodes: tensor([1.0186, 0.8589, 0.9320])
tCCC output nodes: tensor([0.9861, 0.9622, 1.0346])
tCCC output nodes: tensor([0.9227, 0.8554, 0.8609])
tCCC output nodes: tensor([0.9869, 0.9109, 0.9500])
tCCC output nodes: tensor([0.9113, 0.8071, 0.8609])
tCCC output nodes: tensor([0.9214, 0.7388, 0.8383])
tCCC output nodes: tensor([0.8807, 0.7991, 0.8164])
tCCC output nodes: tensor([0.9427, 0.9353, 0.8582])
tCCC output nodes: tensor([0.9359, 0.9506, 0.9293])
tCCC output nodes: tensor([0.9012, 0.8141, 0.8703])
tCCC output nodes: tensor([0.9239, 0.9726, 0.9566])
tCCC output nodes: tensor([0.9698, 0.9005, 0.9502])
tCCC output nodes: tensor([0.8096, 0.7627, 0.7306])
tCCC output nodes: tensor([0.8637, 0.9004, 0.8284])
tCCC output nodes: tensor([0.8667, 0.7772, 0.8572])
tCCC output nodes: tensor([0.7747, 0.8167, 0.7101])
tCCC output nodes: tensor([0.8375, 0.7566, 0.7623])
tCCC output nodes: tensor([0.8300, 0.8087, 0.7489])
tCCC output nodes: tensor([0.8217, 0.7225, 0.7376])
tCCC output nodes: tensor([0.8466, 0.6487, 0.7949])
tCCC output nodes: tensor([0.8170, 0.7485, 0.7458])
tCCC output nodes: tensor([0.9361, 0.4797, 0.8539])
tCCC output nodes: tensor([0.9176, 0.9202, 0.9000])
tCCC output nodes: tensor([0.8666, 0.4286, 0.8185])
tCCC output nodes: tensor([0.8457, 0.7774, 0.8580])
tCCC output nodes: tensor([0.9234, 0.8865, 0.8971])
tCCC output nodes: tensor([0.9228, 0.8468, 0.9265])
tCCC output nodes: tensor([0.9105, 0.8489, 0.8334])
tCCC output nodes: tensor([0.8898, 0.3636, 0.9293])
tCCC output nodes: tensor([0.8403, 0.6411, 0.7860])
tCCC output nodes: tensor([0.8784, 0.6495, 0.8218])
tCCC output nodes: tensor([0.8854, 0.8664, 0.8106])
tCCC output nodes: tensor([0.9130, 0.9760, 0.9300])
tCCC output nodes: tensor([0.8439, 0.6683, 0.8076])
tCCC output nodes: tensor([0.8752, 0.7806, 0.8434])
tCCC output nodes: tensor([0.8721, 0.9092, 0.8186])
tCCC output nodes: tensor([0.9005, 0.6669, 0.8382])
tCCC output nodes: tensor([0.9019, 0.6983, 0.8238])
tCCC output nodes: tensor([0.7748, 0.8140, 0.7272])
tCCC output nodes: tensor([0.8734, 0.6252, 0.8617])
tCCC output nodes: tensor([0.8726, 0.7276, 0.7975])
tCCC output nodes: tensor([0.8116, 0.5325, 0.7820])
tCCC output nodes: tensor([0.9296, 0.7464, 0.8899])
tCCC output nodes: tensor([0.9011, 0.8508, 0.8744])
tCCC output nodes: tensor([0.9061, 0.8363, 0.8314])
tCCC output nodes: tensor([0.8809, 0.8975, 0.8461])
tCCC output nodes: tensor([0.8632, 0.7011, 0.8634])
tCCC output nodes: tensor([0.8653, 0.7231, 0.7880])
tCCC output nodes: tensor([0.9428, 0.8603, 0.8769])
tCCC output nodes: tensor([0.8786, 0.9161, 0.8655])
tCCC output nodes: tensor([0.8866, 0.8345, 0.8480])
tCCC output nodes: tensor([0.7803, 0.8596, 0.7236])
tCCC output nodes: tensor([0.7145, 0.6977, 0.6103])
tCCC output nodes: tensor([0.8817, 0.7819, 0.8043])
tCCC output nodes: tensor([1.0326, 0.9577, 0.9948])
tCCC output nodes: tensor([0.9055, 0.6063, 0.8747])
tCCC output nodes: tensor([0.9330, 0.6925, 0.8893])
tCCC output nodes: tensor([0.9185, 1.1265, 0.8984])
tCCC output nodes: tensor([0.8228, 0.6748, 0.7728])
tCCC output nodes: tensor([0.9072, 0.8524, 0.8950])
tCCC output nodes: tensor([0.8624, 0.6438, 0.8437])
tCCC output nodes: tensor([0.9217, 0.9105, 0.8587])
tCCC output nodes: tensor([0.9143, 0.6815, 0.8754])
tCCC output nodes: tensor([0.9884, 0.8402, 0.9764])
tCCC output nodes: tensor([0.9041, 0.7234, 0.8532])
tCCC output nodes: tensor([0.9570, 0.7550, 0.9554])
tCCC output nodes: tensor([0.8352, 0.7954, 0.7767])
tCCC output nodes: tensor([0.8966, 0.7957, 0.9029])
tCCC output nodes: tensor([0.8799, 0.6878, 0.8177])
tCCC output nodes: tensor([0.8804, 0.7764, 0.8500])
tCCC output nodes: tensor([0.9162, 0.7927, 0.8894])
tCCC output nodes: tensor([0.8661, 0.7307, 0.8226])
tCCC output nodes: tensor([0.9601, 1.0927, 0.9808])
tCCC output nodes: tensor([0.9731, 0.8274, 0.9307])
tCCC output nodes: tensor([0.8687, 0.6193, 0.8343])
tCCC output nodes: tensor([0.8554, 0.8810, 0.8092])
tCCC output nodes: tensor([0.8929, 0.7069, 0.8398])
tCCC output nodes: tensor([0.7758, 0.6391, 0.7482])
tCCC output nodes: tensor([0.8177, 0.6245, 0.7098])
tCCC output nodes: tensor([0.7906, 0.6554, 0.7231])
tCCC output nodes: tensor([0.8331, 0.6041, 0.7526])
tCCC output nodes: tensor([0.8839, 0.5726, 0.8363])
tCCC output nodes: tensor([0.8041, 0.6850, 0.7515])
tCCC output nodes: tensor([0.8624, 0.4141, 0.8129])
tCCC output nodes: tensor([0.8606, 0.8477, 0.8357])
tCCC output nodes: tensor([0.8069, 0.3250, 0.7637])
tCCC output nodes: tensor([0.8306, 0.6351, 0.8043])
tCCC output nodes: tensor([0.8747, 0.8392, 0.8413])
tCCC output nodes: tensor([0.9484, 0.8347, 0.9265])
tCCC output nodes: tensor([0.8854, 0.8208, 0.7956])
tCCC output nodes: tensor([0.8565, 0.3350, 0.8452])
tCCC output nodes: tensor([0.8824, 0.6770, 0.8377])
tCCC output nodes: tensor([0.8429, 0.5378, 0.8131])
tCCC output nodes: tensor([0.8987, 0.8359, 0.8506])
tCCC output nodes: tensor([0.9426, 0.9881, 0.9468])
tCCC output nodes: tensor([0.8472, 0.6907, 0.8170])
tCCC output nodes: tensor([0.8721, 0.7632, 0.8472])
tCCC output nodes: tensor([0.8753, 0.9014, 0.8322])
tCCC output nodes: tensor([0.8035, 0.5514, 0.7578])
tCCC output nodes: tensor([0.8502, 0.6175, 0.7876])
tCCC output nodes: tensor([0.8294, 0.8950, 0.7838])
tCCC output nodes: tensor([0.8723, 0.5167, 0.8464])
tCCC output nodes: tensor([0.8965, 0.6852, 0.8597])
tCCC output nodes: tensor([0.8717, 0.5943, 0.8205])
tCCC output nodes: tensor([0.9497, 0.6559, 0.9074])
tCCC output nodes: tensor([0.9382, 0.8422, 0.9468])
tCCC output nodes: tensor([0.9318, 0.8116, 0.8999])
tCCC output nodes: tensor([0.8939, 0.9115, 0.9046])
tCCC output nodes: tensor([0.8819, 0.7056, 0.8670])
tCCC output nodes: tensor([0.8925, 0.6865, 0.8278])
tCCC output nodes: tensor([0.9377, 0.8988, 0.9492])
tCCC output nodes: tensor([0.8788, 0.8837, 0.8759])
tCCC output nodes: tensor([0.8948, 0.7534, 0.8416])
tCCC output nodes: tensor([0.7406, 0.7702, 0.7204])
tCCC output nodes: tensor([0.7473, 0.8208, 0.7284])
tCCC output nodes: tensor([0.8198, 0.6973, 0.8273])
tCCC output nodes: tensor([0.9087, 0.8548, 0.8812])
tCCC output nodes: tensor([0.8873, 0.6282, 0.8548])
tCCC output nodes: tensor([0.8920, 0.6789, 0.8375])
tCCC output nodes: tensor([0.9356, 1.0657, 0.8878])
tCCC output nodes: tensor([0.7869, 0.5495, 0.7535])
tCCC output nodes: tensor([0.8991, 0.7815, 0.8899])
tCCC output nodes: tensor([0.8590, 0.5671, 0.8164])
tCCC output nodes: tensor([0.9389, 0.8743, 0.9008])
tCCC output nodes: tensor([0.9030, 0.7303, 0.8666])
tCCC output nodes: tensor([0.9974, 0.7134, 0.9988])
tCCC output nodes: tensor([0.8685, 0.6152, 0.8401])
tCCC output nodes: tensor([0.9665, 0.6530, 0.9717])
tCCC output nodes: tensor([0.7988, 0.6853, 0.7711])
tCCC output nodes: tensor([0.9816, 0.8060, 0.9932])
tCCC output nodes: tensor([0.8454, 0.5325, 0.8042])
tCCC output nodes: tensor([0.9086, 0.6499, 0.9303])
tCCC output nodes: tensor([0.8852, 0.7342, 0.8684])
tCCC output nodes: tensor([0.8934, 0.5762, 0.8525])
tCCC output nodes: tensor([0.9747, 1.0864, 1.0191])
tCCC output nodes: tensor([0.9393, 0.7053, 0.9114])
tCCC output nodes: tensor([0.9005, 0.6416, 0.8599])
tCCC output nodes: tensor([0.8505, 0.7622, 0.8155])
tCCC output nodes: tensor([0.8940, 0.4157, 0.8840])
tCCC output nodes: tensor([0.8199, 0.4968, 0.7818])
tCCC output nodes: tensor([0.8115, 0.6241, 0.7720])
tCCC output nodes: tensor([0.7381, 0.6597, 0.6943])
tCCC output nodes: tensor([0.7587, 0.5088, 0.7482])
tCCC output nodes: tensor([0.8556, 0.5953, 0.8108])
tCCC output nodes: tensor([0.7876, 0.6289, 0.7205])
tCCC output nodes: tensor([0.8312, 0.4363, 0.7670])
tCCC output nodes: tensor([0.8707, 0.8604, 0.8281])
tCCC output nodes: tensor([0.7795, 0.2487, 0.7131])
tCCC output nodes: tensor([0.8159, 0.7377, 0.7706])
tCCC output nodes: tensor([0.9122, 0.8686, 0.8937])
tCCC output nodes: tensor([0.9462, 0.8357, 0.9009])
tCCC output nodes: tensor([0.8889, 0.7745, 0.8314])
tCCC output nodes: tensor([0.8296, 0.2859, 0.8039])
tCCC output nodes: tensor([0.9190, 0.4428, 0.8478])
tCCC output nodes: tensor([0.8389, 0.5256, 0.8080])
tCCC output nodes: tensor([0.9096, 0.7813, 0.8701])
tCCC output nodes: tensor([0.8772, 0.9515, 0.8686])
tCCC output nodes: tensor([0.7858, 0.6719, 0.7256])
tCCC output nodes: tensor([0.8459, 0.7247, 0.7893])
tCCC output nodes: tensor([0.8043, 0.8531, 0.7489])
tCCC output nodes: tensor([0.8718, 0.5518, 0.8611])
tCCC output nodes: tensor([0.8296, 0.6130, 0.7396])
tCCC output nodes: tensor([0.7984, 0.8258, 0.7441])
tCCC output nodes: tensor([0.8539, 0.4723, 0.8252])
tCCC output nodes: tensor([0.8778, 0.6225, 0.8322])
tCCC output nodes: tensor([0.8234, 0.4674, 0.7657])
tCCC output nodes: tensor([0.8629, 0.6709, 0.7627])
tCCC output nodes: tensor([0.9158, 0.7761, 0.8917])
tCCC output nodes: tensor([0.8839, 0.7462, 0.8304])
tCCC output nodes: tensor([0.9112, 0.8081, 0.8916])
tCCC output nodes: tensor([0.8937, 0.6169, 0.8559])
tCCC output nodes: tensor([0.8456, 0.6255, 0.7626])
tCCC output nodes: tensor([0.9338, 0.9303, 0.9000])
tCCC output nodes: tensor([0.9037, 0.8619, 0.8675])
tCCC output nodes: tensor([0.8494, 0.7634, 0.8227])
tCCC output nodes: tensor([0.7204, 0.7363, 0.6543])
tCCC output nodes: tensor([0.6807, 0.5263, 0.5630])
tCCC output nodes: tensor([0.8081, 0.5359, 0.7345])
tCCC output nodes: tensor([0.9492, 1.0150, 0.9415])
tCCC output nodes: tensor([0.8405, 0.4826, 0.8021])
tCCC output nodes: tensor([0.9323, 0.7233, 0.9060])
tCCC output nodes: tensor([0.9167, 1.1621, 0.8880])
tCCC output nodes: tensor([0.8308, 0.6241, 0.7657])
tCCC output nodes: tensor([0.9243, 0.8151, 0.8952])
tCCC output nodes: tensor([0.8457, 0.4137, 0.7864])
tCCC output nodes: tensor([0.9298, 0.8344, 0.8739])
tCCC output nodes: tensor([0.9847, 0.7162, 0.9722])
tCCC output nodes: tensor([0.9828, 0.8761, 0.9446])
tCCC output nodes: tensor([0.8897, 0.5361, 0.8463])
tCCC output nodes: tensor([0.9477, 0.5685, 0.9344])
tCCC output nodes: tensor([0.8252, 0.6726, 0.7643])
tCCC output nodes: tensor([0.9094, 0.6996, 0.8783])
tCCC output nodes: tensor([0.8179, 0.5416, 0.7601])
tCCC output nodes: tensor([0.8907, 0.7222, 0.8565])
tCCC output nodes: tensor([0.8830, 0.7672, 0.8387])
tCCC output nodes: tensor([0.8492, 0.5251, 0.8008])
tCCC output nodes: tensor([0.9894, 1.0771, 1.0082])
tCCC output nodes: tensor([0.9330, 0.7362, 0.8943])
tCCC output nodes: tensor([0.8006, 0.5970, 0.7444])
tCCC output nodes: tensor([0.8693, 0.8310, 0.8027])
tCCC output nodes: tensor([0.8886, 0.5166, 0.8498])
tCCC output nodes: tensor([0.7546, 0.4652, 0.6782])
tCCC output nodes: tensor([0.8528, 0.6335, 0.7663])
tCCC output nodes: tensor([0.7190, 0.6730, 0.6692])
tCCC output nodes: tensor([0.7582, 0.5101, 0.7126])
tCCC output nodes: tensor([0.7534, 0.3886, 0.7323])
tCCC output nodes: tensor([0.7820, 0.4451, 0.7540])
tCCC output nodes: tensor([0.9223, 0.6299, 0.8605])
tCCC output nodes: tensor([0.8692, 0.7912, 0.8245])
tCCC output nodes: tensor([0.7680, 0.3525, 0.7281])
tCCC output nodes: tensor([0.7972, 0.6888, 0.7810])
tCCC output nodes: tensor([0.9074, 0.8261, 0.8815])
tCCC output nodes: tensor([0.9471, 0.9090, 0.9049])
tCCC output nodes: tensor([0.8551, 0.7091, 0.8040])
tCCC output nodes: tensor([0.8440, 0.3888, 0.8074])
tCCC output nodes: tensor([0.9036, 0.6039, 0.7810])
tCCC output nodes: tensor([0.8348, 0.6559, 0.8002])
tCCC output nodes: tensor([0.8918, 0.7068, 0.8159])
tCCC output nodes: tensor([0.8502, 0.8983, 0.8520])
tCCC output nodes: tensor([0.8070, 0.7086, 0.7817])
tCCC output nodes: tensor([0.8260, 0.7270, 0.7641])
tCCC output nodes: tensor([0.8486, 0.8748, 0.8182])
tCCC output nodes: tensor([0.8128, 0.4591, 0.7582])
tCCC output nodes: tensor([0.8539, 0.4608, 0.7273])
tCCC output nodes: tensor([0.7905, 0.8722, 0.7462])
tCCC output nodes: tensor([0.9173, 0.6215, 0.8503])
tCCC output nodes: tensor([0.9018, 0.7294, 0.8293])
tCCC output nodes: tensor([0.8157, 0.3285, 0.7691])
tCCC output nodes: tensor([0.8450, 0.5388, 0.7538])
tCCC output nodes: tensor([0.9182, 0.9045, 0.8733])
tCCC output nodes: tensor([0.8866, 0.7768, 0.8391])
tCCC output nodes: tensor([0.8830, 0.8862, 0.8874])
tCCC output nodes: tensor([0.8764, 0.5785, 0.8561])
tCCC output nodes: tensor([0.8979, 0.6417, 0.8575])
tCCC output nodes: tensor([0.9463, 0.9367, 0.9272])
tCCC output nodes: tensor([0.8733, 0.8991, 0.8401])
tCCC output nodes: tensor([0.8628, 0.7603, 0.7942])
tCCC output nodes: tensor([0.7255, 0.5791, 0.6930])
tCCC output nodes: tensor([0.7406, 0.6809, 0.6496])
tCCC output nodes: tensor([0.7826, 0.6150, 0.7509])
tCCC output nodes: tensor([0.9026, 1.0480, 0.8830])
tCCC output nodes: tensor([0.8118, 0.4563, 0.8093])
tCCC output nodes: tensor([0.8581, 0.6051, 0.8103])
tCCC output nodes: tensor([0.8754, 1.0550, 0.8538])
tCCC output nodes: tensor([0.7506, 0.5475, 0.7128])
tCCC output nodes: tensor([0.9289, 0.8055, 0.9231])
tCCC output nodes: tensor([0.8665, 0.5667, 0.8076])
tCCC output nodes: tensor([0.9141, 0.8156, 0.8682])
tCCC output nodes: tensor([1.0011, 0.8856, 0.9674])
tCCC output nodes: tensor([1.0113, 0.9033, 1.0239])
tCCC output nodes: tensor([0.8684, 0.6008, 0.8174])
tCCC output nodes: tensor([0.9230, 0.6107, 0.9027])
tCCC output nodes: tensor([0.8478, 0.7954, 0.8193])
tCCC output nodes: tensor([0.9481, 0.7283, 0.9139])
tCCC output nodes: tensor([0.8132, 0.2927, 0.7350])
tCCC output nodes: tensor([0.9030, 0.5400, 0.8847])
tCCC output nodes: tensor([0.9212, 0.6856, 0.8840])
tCCC output nodes: tensor([0.8744, 0.4145, 0.8370])
tCCC output nodes: tensor([0.9458, 1.1159, 0.9458])
tCCC output nodes: tensor([0.9078, 0.7103, 0.8796])
tCCC output nodes: tensor([0.8346, 0.6865, 0.7899])
tCCC output nodes: tensor([0.8777, 0.6685, 0.7938])
tCCC output nodes: tensor([0.8916, 0.4827, 0.8192])
tCCC output nodes: tensor([0.8164, 0.4462, 0.7655])
tCCC output nodes: tensor([0.8295, 0.6853, 0.7769])
tCCC output nodes: tensor([0.7971, 0.6370, 0.7259])
tCCC output nodes: tensor([0.7649, 0.4670, 0.7153])
tCCC output nodes: tensor([0.8153, 0.6433, 0.7900])
tCCC output nodes: tensor([0.8029, 0.5660, 0.7597])
tCCC output nodes: tensor([0.8608, 0.4004, 0.7909])
tCCC output nodes: tensor([0.8642, 0.8665, 0.8594])
tCCC output nodes: tensor([0.7227, 0.2696, 0.6752])
tCCC output nodes: tensor([0.7988, 0.6550, 0.7457])
tCCC output nodes: tensor([0.8612, 0.8019, 0.8683])
tCCC output nodes: tensor([0.8964, 0.7723, 0.8929])
tCCC output nodes: tensor([0.7824, 0.7417, 0.7616])
tCCC output nodes: tensor([0.8277, 0.2984, 0.7872])
tCCC output nodes: tensor([0.7415, 0.5105, 0.7095])
tCCC output nodes: tensor([0.8415, 0.5024, 0.8043])
tCCC output nodes: tensor([0.8557, 0.7983, 0.8149])
tCCC output nodes: tensor([0.9047, 0.9163, 0.8859])
tCCC output nodes: tensor([0.7664, 0.4897, 0.7446])
tCCC output nodes: tensor([0.8496, 0.7339, 0.8490])
tCCC output nodes: tensor([0.8514, 0.8823, 0.8240])
tCCC output nodes: tensor([0.7874, 0.4939, 0.7257])
tCCC output nodes: tensor([0.7708, 0.5611, 0.6859])
tCCC output nodes: tensor([0.7322, 0.7259, 0.6888])
tCCC output nodes: tensor([0.8275, 0.5120, 0.8038])
tCCC output nodes: tensor([0.8493, 0.6969, 0.7902])
tCCC output nodes: tensor([0.7815, 0.3435, 0.7165])
tCCC output nodes: tensor([0.8396, 0.6351, 0.7581])
tCCC output nodes: tensor([0.9023, 0.7511, 0.8611])
tCCC output nodes: tensor([0.8268, 0.7082, 0.8072])
tCCC output nodes: tensor([0.8753, 0.8393, 0.8775])
tCCC output nodes: tensor([0.8814, 0.5653, 0.8253])
tCCC output nodes: tensor([0.8288, 0.5145, 0.7904])
tCCC output nodes: tensor([0.9249, 0.9008, 0.9318])
tCCC output nodes: tensor([0.8570, 0.8690, 0.8377])
tCCC output nodes: tensor([0.8409, 0.8138, 0.7993])
tCCC output nodes: tensor([0.6720, 0.7327, 0.6398])
tCCC output nodes: tensor([0.7074, 0.5844, 0.6431])
tCCC output nodes: tensor([0.7566, 0.5256, 0.7410])
tCCC output nodes: tensor([0.9244, 0.9649, 0.9364])
tCCC output nodes: tensor([0.8120, 0.3776, 0.8133])
tCCC output nodes: tensor([0.8599, 0.6824, 0.8233])
tCCC output nodes: tensor([0.8865, 1.0735, 0.8322])
tCCC output nodes: tensor([0.8081, 0.5785, 0.7664])
tCCC output nodes: tensor([0.9193, 0.7956, 0.8895])
tCCC output nodes: tensor([0.8325, 0.4160, 0.7765])
tCCC output nodes: tensor([0.8927, 0.8735, 0.8654])
tCCC output nodes: tensor([0.9708, 0.6590, 0.9668])
tCCC output nodes: tensor([1.0169, 0.8668, 0.9931])
tCCC output nodes: tensor([0.8350, 0.5564, 0.8015])
tCCC output nodes: tensor([0.8970, 0.5100, 0.8921])
tCCC output nodes: tensor([0.7833, 0.6693, 0.7540])
tCCC output nodes: tensor([0.9380, 0.7197, 0.9275])
tCCC output nodes: tensor([0.8156, 0.5548, 0.7381])
tCCC output nodes: tensor([0.8988, 0.6763, 0.8929])
tCCC output nodes: tensor([0.8795, 0.6323, 0.8618])
tCCC output nodes: tensor([0.8361, 0.5532, 0.8090])
tCCC output nodes: tensor([1.0129, 1.0974, 1.0260])
tCCC output nodes: tensor([0.9156, 0.6836, 0.8709])
tCCC output nodes: tensor([0.8147, 0.4915, 0.7638])
tCCC output nodes: tensor([0.7961, 0.7659, 0.7835])
tCCC output nodes: tensor([0.8950, 0.5005, 0.8491])
tCCC output nodes: tensor([0.7311, 0.3746, 0.6786])
tCCC output nodes: tensor([0.8304, 0.6691, 0.7873])
tCCC output nodes: tensor([0.7539, 0.7292, 0.7158])
tCCC output nodes: tensor([0.6842, 0.4378, 0.6506])
tCCC output nodes: tensor([0.7765, 0.3750, 0.7377])
tCCC output nodes: tensor([0.7646, 0.6664, 0.7146])
tCCC output nodes: tensor([0.7964, 0.5165, 0.7513])
tCCC output nodes: tensor([0.8359, 0.9291, 0.8217])
tCCC output nodes: tensor([0.7127, 0.3273, 0.6692])
tCCC output nodes: tensor([0.7244, 0.7224, 0.6808])
tCCC output nodes: tensor([0.8701, 0.9279, 0.8661])
tCCC output nodes: tensor([0.9111, 0.6823, 0.8586])
tCCC output nodes: tensor([0.7807, 0.7344, 0.7296])
tCCC output nodes: tensor([0.8207, 0.4008, 0.7982])
tCCC output nodes: tensor([0.7884, 0.3939, 0.7504])
tCCC output nodes: tensor([0.7978, 0.5046, 0.7728])
tCCC output nodes: tensor([0.8221, 0.7511, 0.7771])
tCCC output nodes: tensor([0.8904, 0.9001, 0.9019])
tCCC output nodes: tensor([0.7918, 0.6043, 0.7719])
tCCC output nodes: tensor([0.8075, 0.6792, 0.7932])
tCCC output nodes: tensor([0.8089, 0.8128, 0.7939])
tCCC output nodes: tensor([0.7890, 0.5882, 0.7343])
tCCC output nodes: tensor([0.7447, 0.6242, 0.6594])
tCCC output nodes: tensor([0.7179, 0.6739, 0.6917])
tCCC output nodes: tensor([0.8341, 0.5593, 0.8015])
tCCC output nodes: tensor([0.8424, 0.6077, 0.7776])
tCCC output nodes: tensor([0.7786, 0.4495, 0.7004])
tCCC output nodes: tensor([0.8128, 0.6496, 0.7416])
tCCC output nodes: tensor([0.9255, 0.7132, 0.8776])
tCCC output nodes: tensor([0.8262, 0.6395, 0.7957])
tCCC output nodes: tensor([0.8636, 0.7604, 0.8659])
tCCC output nodes: tensor([0.8670, 0.6616, 0.8219])
tCCC output nodes: tensor([0.8346, 0.5220, 0.7897])
tCCC output nodes: tensor([0.9005, 0.8992, 0.8791])
tCCC output nodes: tensor([0.8565, 0.7940, 0.8249])
tCCC output nodes: tensor([0.8533, 0.7974, 0.8115])
tCCC output nodes: tensor([0.6427, 0.8392, 0.6287])
tCCC output nodes: tensor([0.6737, 0.4284, 0.6436])
tCCC output nodes: tensor([0.7665, 0.4288, 0.7438])
tCCC output nodes: tensor([0.8759, 0.8986, 0.8892])
tCCC output nodes: tensor([0.8165, 0.4421, 0.8150])
tCCC output nodes: tensor([0.8673, 0.7632, 0.8176])
tCCC output nodes: tensor([0.8404, 1.0869, 0.8272])
tCCC output nodes: tensor([0.7604, 0.7285, 0.7205])
tCCC output nodes: tensor([0.8943, 0.7884, 0.8766])
tCCC output nodes: tensor([0.8145, 0.5654, 0.7674])
tCCC output nodes: tensor([0.8904, 0.8835, 0.8676])
tCCC output nodes: tensor([0.9268, 0.6938, 0.9233])
tCCC output nodes: tensor([1.0326, 0.9193, 0.9988])
tCCC output nodes: tensor([0.8108, 0.6312, 0.7888])
tCCC output nodes: tensor([0.9020, 0.6189, 0.8928])
tCCC output nodes: tensor([0.7735, 0.7599, 0.7137])
tCCC output nodes: tensor([0.9254, 0.6875, 0.9156])
tCCC output nodes: tensor([0.7559, 0.6529, 0.7066])
tCCC output nodes: tensor([0.8970, 0.7759, 0.9099])
tCCC output nodes: tensor([0.8582, 0.8124, 0.8412])
tCCC output nodes: tensor([0.8283, 0.6558, 0.7841])
tCCC output nodes: tensor([1.0263, 1.0349, 1.0413])
tCCC output nodes: tensor([0.8909, 0.7305, 0.8396])
tCCC output nodes: tensor([0.7848, 0.4652, 0.7464])
tCCC output nodes: tensor([0.8168, 0.7908, 0.7878])
tCCC output nodes: tensor([0.8931, 0.6707, 0.8499])
tCCC output nodes: tensor([0.7288, 0.6227, 0.6701])
tCCC output nodes: tensor([0.7801, 0.5517, 0.7517])
tCCC output nodes: tensor([0.7333, 0.7896, 0.7009])
tCCC output nodes: tensor([0.7291, 0.5357, 0.6850])
tCCC output nodes: tensor([0.7415, 0.2274, 0.7125])
tCCC output nodes: tensor([0.7561, 0.5913, 0.7159])
tCCC output nodes: tensor([0.7608, 0.2802, 0.7108])
tCCC output nodes: tensor([0.8400, 0.9423, 0.8241])
tCCC output nodes: tensor([0.7529, 0.3195, 0.7407])
tCCC output nodes: tensor([0.7378, 0.6811, 0.7140])
tCCC output nodes: tensor([0.9159, 0.8850, 0.9027])
tCCC output nodes: tensor([0.8884, 0.6425, 0.8636])
tCCC output nodes: tensor([0.7852, 0.6932, 0.7438])
tCCC output nodes: tensor([0.8286, 0.3390, 0.8185])
tCCC output nodes: tensor([0.8727, 0.5833, 0.8367])
tCCC output nodes: tensor([0.8493, 0.4888, 0.8154])
tCCC output nodes: tensor([0.8163, 0.8155, 0.7800])
tCCC output nodes: tensor([0.9625, 0.8913, 0.9493])
tCCC output nodes: tensor([0.7705, 0.4675, 0.7490])
tCCC output nodes: tensor([0.9348, 0.7681, 0.9147])
tCCC output nodes: tensor([0.8046, 0.8643, 0.7658])
tCCC output nodes: tensor([0.8144, 0.5624, 0.7849])
tCCC output nodes: tensor([0.8039, 0.5859, 0.7678])
tCCC output nodes: tensor([0.7546, 0.6502, 0.7107])
tCCC output nodes: tensor([0.9331, 0.6246, 0.8936])
tCCC output nodes: tensor([0.8416, 0.6848, 0.8061])
tCCC output nodes: tensor([0.8406, 0.3906, 0.8052])
tCCC output nodes: tensor([0.9036, 0.6726, 0.8624])
tCCC output nodes: tensor([0.9582, 0.7603, 0.9055])
tCCC output nodes: tensor([0.8488, 0.7221, 0.8204])
tCCC output nodes: tensor([0.8324, 0.8462, 0.8662])
tCCC output nodes: tensor([0.8623, 0.6934, 0.8443])
tCCC output nodes: tensor([0.8604, 0.5367, 0.8263])
tCCC output nodes: tensor([0.9162, 0.8775, 0.8885])
tCCC output nodes: tensor([0.8497, 0.8690, 0.8389])
tCCC output nodes: tensor([0.9272, 0.8662, 0.8998])
tCCC output nodes: tensor([0.7436, 0.7562, 0.6872])
tCCC output nodes: tensor([0.6344, 0.5664, 0.6152])
tCCC output nodes: tensor([0.7925, 0.5167, 0.7954])
tCCC output nodes: tensor([0.8846, 0.8589, 0.8939])
tCCC output nodes: tensor([0.8226, 0.3765, 0.8078])
tCCC output nodes: tensor([0.8634, 0.7791, 0.8222])
tCCC output nodes: tensor([0.8613, 1.0886, 0.8570])
tCCC output nodes: tensor([0.8144, 0.6483, 0.7792])
tCCC output nodes: tensor([0.8695, 0.8074, 0.8664])
tCCC output nodes: tensor([0.8706, 0.5090, 0.8340])
tCCC output nodes: tensor([0.8837, 0.9065, 0.8751])
tCCC output nodes: tensor([0.8546, 0.4993, 0.7858])
tCCC output nodes: tensor([0.9915, 0.8440, 0.9830])
tCCC output nodes: tensor([0.8122, 0.6077, 0.7914])
tCCC output nodes: tensor([0.9158, 0.6281, 0.9222])
tCCC output nodes: tensor([0.7550, 0.8272, 0.7052])
tCCC output nodes: tensor([0.9697, 0.7522, 0.9762])
tCCC output nodes: tensor([0.8178, 0.6611, 0.7827])
tCCC output nodes: tensor([0.9365, 0.7078, 0.9461])
tCCC output nodes: tensor([0.8999, 0.7775, 0.8984])
tCCC output nodes: tensor([0.8518, 0.5563, 0.8414])
tCCC output nodes: tensor([1.0611, 1.0951, 1.0884])
tCCC output nodes: tensor([0.8978, 0.7487, 0.8556])
tCCC output nodes: tensor([0.8451, 0.4452, 0.7957])
tCCC output nodes: tensor([0.8513, 0.7828, 0.8093])
tCCC output nodes: tensor([0.8708, 0.5521, 0.8116])
tCCC output nodes: tensor([0.7538, 0.4902, 0.7190])
tCCC output nodes: tensor([0.8155, 0.6115, 0.7959])
tCCC output nodes: tensor([0.7354, 0.7462, 0.7149])
tCCC output nodes: tensor([0.7339, 0.5057, 0.7358])
tCCC output nodes: tensor([0.7377, 0.2970, 0.7182])
tCCC output nodes: tensor([0.7374, 0.4782, 0.6963])
tCCC output nodes: tensor([0.7776, 0.3661, 0.7476])
tCCC output nodes: tensor([0.8078, 0.8704, 0.7611])
tCCC output nodes: tensor([0.7147, 0.2040, 0.6668])
tCCC output nodes: tensor([0.7625, 0.5511, 0.7187])
tCCC output nodes: tensor([0.8960, 0.9340, 0.9060])
tCCC output nodes: tensor([0.8820, 0.6912, 0.8554])
tCCC output nodes: tensor([0.7670, 0.7079, 0.7192])
tCCC output nodes: tensor([0.8227, 0.2764, 0.7962])
tCCC output nodes: tensor([0.7927, 0.5266, 0.7306])
tCCC output nodes: tensor([0.8148, 0.4380, 0.7990])
tCCC output nodes: tensor([0.8459, 0.7952, 0.8032])
tCCC output nodes: tensor([0.8956, 0.8417, 0.8809])
tCCC output nodes: tensor([0.8056, 0.4881, 0.7618])
tCCC output nodes: tensor([0.8545, 0.7565, 0.7887])
tCCC output nodes: tensor([0.7697, 0.8833, 0.7432])
tCCC output nodes: tensor([0.8192, 0.4612, 0.7588])
tCCC output nodes: tensor([0.7275, 0.4511, 0.6718])
tCCC output nodes: tensor([0.7611, 0.6896, 0.7031])
tCCC output nodes: tensor([0.8560, 0.5325, 0.8344])
tCCC output nodes: tensor([0.8430, 0.5820, 0.7923])
tCCC output nodes: tensor([0.7836, 0.2723, 0.7256])
tCCC output nodes: tensor([0.7934, 0.5898, 0.7247])
tCCC output nodes: tensor([0.9700, 0.8373, 0.9543])
tCCC output nodes: tensor([0.8323, 0.7001, 0.8025])
tCCC output nodes: tensor([0.8717, 0.8225, 0.8659])
tCCC output nodes: tensor([0.8731, 0.5409, 0.8484])
tCCC output nodes: tensor([0.8339, 0.3973, 0.7784])
tCCC output nodes: tensor([0.9319, 0.7919, 0.9055])
tCCC output nodes: tensor([0.8793, 0.8762, 0.8757])
tCCC output nodes: tensor([0.8459, 0.7873, 0.8050])
tCCC output nodes: tensor([0.6846, 0.6297, 0.6380])
tCCC output nodes: tensor([0.7227, 0.6045, 0.6922])
tCCC output nodes: tensor([0.7260, 0.4412, 0.6960])
tCCC output nodes: tensor([0.9341, 0.8613, 0.9233])
tCCC output nodes: tensor([0.8299, 0.3342, 0.8099])
tCCC output nodes: tensor([0.8145, 0.7094, 0.7694])
tCCC output nodes: tensor([0.8837, 1.0801, 0.8795])
tCCC output nodes: tensor([0.7206, 0.5670, 0.6528])
tCCC output nodes: tensor([0.8725, 0.7716, 0.8657])
tCCC output nodes: tensor([0.8484, 0.4777, 0.8025])
tCCC output nodes: tensor([0.8985, 0.8223, 0.8499])
tCCC output nodes: tensor([0.8666, 0.6018, 0.7913])
tCCC output nodes: tensor([1.0050, 0.8716, 0.9996])
tCCC output nodes: tensor([0.8154, 0.4319, 0.7771])
tCCC output nodes: tensor([0.8958, 0.4613, 0.8752])
tCCC output nodes: tensor([0.7603, 0.5900, 0.6969])
tCCC output nodes: tensor([0.9393, 0.7067, 0.9094])
tCCC output nodes: tensor([0.7831, 0.5827, 0.7314])
tCCC output nodes: tensor([0.8934, 0.6419, 0.9226])
tCCC output nodes: tensor([0.8898, 0.7078, 0.8882])
tCCC output nodes: tensor([0.8494, 0.4717, 0.8122])
tCCC output nodes: tensor([0.9909, 1.1070, 1.0417])
tCCC output nodes: tensor([0.9061, 0.6247, 0.8667])
tCCC output nodes: tensor([0.7436, 0.4507, 0.6729])
tCCC output nodes: tensor([0.8212, 0.5964, 0.7981])
tCCC output nodes: tensor([0.8664, 0.5362, 0.8065])
tCCC output nodes: tensor([0.7954, 0.4864, 0.7437])
tCCC output nodes: tensor([0.8301, 0.5741, 0.8182])
tCCC output nodes: tensor([0.7502, 0.6357, 0.7150])
tCCC output nodes: tensor([0.7429, 0.4511, 0.7204])
tCCC output nodes: tensor([0.7366, 0.3894, 0.7057])
tCCC output nodes: tensor([0.7440, 0.4704, 0.6964])
tCCC output nodes: tensor([0.8608, 0.3011, 0.7676])
tCCC output nodes: tensor([0.8280, 0.8645, 0.7567])
tCCC output nodes: tensor([0.7543, 0.2826, 0.6889])
tCCC output nodes: tensor([0.7530, 0.4040, 0.7029])
tCCC output nodes: tensor([0.9406, 0.9352, 0.9208])
tCCC output nodes: tensor([0.9028, 0.6763, 0.8475])
tCCC output nodes: tensor([0.7599, 0.7122, 0.7143])
tCCC output nodes: tensor([0.7925, 0.3219, 0.7775])
tCCC output nodes: tensor([0.8315, 0.6076, 0.7664])
tCCC output nodes: tensor([0.8386, 0.4922, 0.8052])
tCCC output nodes: tensor([0.8887, 0.8688, 0.8295])
tCCC output nodes: tensor([0.8474, 0.8321, 0.8413])
tCCC output nodes: tensor([0.8225, 0.5036, 0.7857])
tCCC output nodes: tensor([0.8209, 0.7782, 0.7574])
tCCC output nodes: tensor([0.8005, 0.9080, 0.7402])
tCCC output nodes: tensor([0.8374, 0.5544, 0.8090])
tCCC output nodes: tensor([0.7725, 0.4820, 0.7259])
tCCC output nodes: tensor([0.7511, 0.7292, 0.7018])
tCCC output nodes: tensor([0.8881, 0.5381, 0.8583])
tCCC output nodes: tensor([0.8488, 0.6385, 0.7830])
tCCC output nodes: tensor([0.7603, 0.2697, 0.7426])
tCCC output nodes: tensor([0.8159, 0.6141, 0.7494])
tCCC output nodes: tensor([0.9584, 0.8815, 0.9578])
tCCC output nodes: tensor([0.8421, 0.7300, 0.8032])
tCCC output nodes: tensor([0.8989, 0.8566, 0.9063])
tCCC output nodes: tensor([0.9077, 0.6389, 0.8833])
tCCC output nodes: tensor([0.8241, 0.5168, 0.7610])
tCCC output nodes: tensor([0.9054, 0.8761, 0.8696])
tCCC output nodes: tensor([0.9233, 0.8885, 0.8870])
tCCC output nodes: tensor([0.8524, 0.8104, 0.7923])
tCCC output nodes: tensor([0.6759, 0.6134, 0.6354])
tCCC output nodes: tensor([0.7678, 0.7181, 0.7290])
tCCC output nodes: tensor([0.7584, 0.5182, 0.7049])
tCCC output nodes: tensor([0.9752, 0.8120, 0.9650])
tCCC output nodes: tensor([0.8300, 0.4004, 0.8011])
tCCC output nodes: tensor([0.8416, 0.8196, 0.8195])
tCCC output nodes: tensor([0.9429, 1.0544, 0.9643])
tCCC output nodes: tensor([0.7426, 0.6383, 0.6885])
tCCC output nodes: tensor([0.9269, 0.8125, 0.8953])
tCCC output nodes: tensor([0.8381, 0.5378, 0.7883])
tCCC output nodes: tensor([0.8893, 0.8280, 0.8292])
tCCC output nodes: tensor([0.9135, 0.6026, 0.8331])
tCCC output nodes: tensor([1.0028, 0.9015, 0.9778])
tCCC output nodes: tensor([0.8432, 0.5062, 0.8039])
tCCC output nodes: tensor([0.9033, 0.5087, 0.8935])
tCCC output nodes: tensor([0.8158, 0.7402, 0.7533])
tCCC output nodes: tensor([0.9543, 0.7244, 0.9340])
tCCC output nodes: tensor([0.7879, 0.4847, 0.7233])
tCCC output nodes: tensor([0.9143, 0.6079, 0.9269])
tCCC output nodes: tensor([0.8831, 0.5225, 0.8634])
tCCC output nodes: tensor([0.8420, 0.5052, 0.8158])
tCCC output nodes: tensor([0.9510, 1.0866, 0.9945])
tCCC output nodes: tensor([0.9361, 0.6117, 0.8978])
tCCC output nodes: tensor([0.7671, 0.5599, 0.7017])
tCCC output nodes: tensor([0.8429, 0.6743, 0.8241])
tCCC output nodes: tensor([0.8522, 0.4814, 0.8069])
tCCC output nodes: tensor([0.8082, 0.4399, 0.7326])
tCCC output nodes: tensor([0.8744, 0.6205, 0.8552])
tCCC output nodes: tensor([0.7904, 0.7762, 0.7350])
tCCC output nodes: tensor([0.7857, 0.5050, 0.7274])
tCCC output nodes: tensor([0.7387, 0.4265, 0.7105])
tCCC output nodes: tensor([0.7796, 0.6108, 0.7333])
tCCC output nodes: tensor([0.8131, 0.2227, 0.7170])
tCCC output nodes: tensor([0.7919, 0.9133, 0.7493])
tCCC output nodes: tensor([0.7269, 0.2430, 0.7318])
tCCC output nodes: tensor([0.6980, 0.5523, 0.6418])
tCCC output nodes: tensor([0.9365, 0.9207, 0.9331])
tCCC output nodes: tensor([0.8780, 0.6054, 0.8499])
tCCC output nodes: tensor([0.7370, 0.7447, 0.6794])
tCCC output nodes: tensor([0.7636, 0.2868, 0.7668])
tCCC output nodes: tensor([0.8139, 0.5776, 0.7402])
tCCC output nodes: tensor([0.8537, 0.5421, 0.8391])
tCCC output nodes: tensor([0.8508, 0.9121, 0.8035])
tCCC output nodes: tensor([0.8392, 0.8613, 0.8423])
tCCC output nodes: tensor([0.8258, 0.5251, 0.8246])
tCCC output nodes: tensor([0.9296, 0.8128, 0.9220])
tCCC output nodes: tensor([0.8289, 0.8929, 0.7648])
tCCC output nodes: tensor([0.8149, 0.5870, 0.7940])
tCCC output nodes: tensor([0.7543, 0.5859, 0.6921])
tCCC output nodes: tensor([0.7401, 0.6970, 0.7041])
tCCC output nodes: tensor([0.8559, 0.5260, 0.8474])
tCCC output nodes: tensor([0.8657, 0.6376, 0.8232])
tCCC output nodes: tensor([0.8991, 0.5018, 0.8844])
tCCC output nodes: tensor([0.8511, 0.6598, 0.8142])
tCCC output nodes: tensor([0.9631, 0.8029, 0.9414])
tCCC output nodes: tensor([0.8619, 0.7099, 0.8264])
tCCC output nodes: tensor([0.8701, 0.8149, 0.9007])
tCCC output nodes: tensor([0.8848, 0.7240, 0.8775])
tCCC output nodes: tensor([0.8579, 0.5332, 0.8300])
tCCC output nodes: tensor([0.8997, 0.9204, 0.8782])
tCCC output nodes: tensor([0.8632, 0.8621, 0.8530])
tCCC output nodes: tensor([0.8605, 0.7648, 0.8060])
tCCC output nodes: tensor([0.7563, 0.7294, 0.7645])
tCCC output nodes: tensor([0.7153, 0.5894, 0.6436])
tCCC output nodes: tensor([0.7833, 0.5548, 0.7585])
tCCC output nodes: tensor([0.8129, 0.8665, 0.8208])
tCCC output nodes: tensor([0.8663, 0.4216, 0.8401])
tCCC output nodes: tensor([0.8206, 0.8558, 0.8005])
tCCC output nodes: tensor([0.9673, 1.1182, 0.9448])
tCCC output nodes: tensor([0.7602, 0.6481, 0.7197])
tCCC output nodes: tensor([0.9052, 0.8627, 0.8887])
tCCC output nodes: tensor([0.8609, 0.5112, 0.8230])
tCCC output nodes: tensor([0.8808, 0.8825, 0.8550])
tCCC output nodes: tensor([0.8489, 0.4971, 0.8295])
tCCC output nodes: tensor([0.9789, 0.8259, 0.9901])
tCCC output nodes: tensor([0.8221, 0.5581, 0.8002])
tCCC output nodes: tensor([0.8847, 0.5538, 0.8820])
tCCC output nodes: tensor([0.7825, 0.7185, 0.7273])
tCCC output nodes: tensor([0.9906, 0.7606, 0.9689])
tCCC output nodes: tensor([0.7899, 0.6232, 0.7396])
tCCC output nodes: tensor([0.9624, 0.7353, 0.9602])
tCCC output nodes: tensor([0.8551, 0.7336, 0.8427])
tCCC output nodes: tensor([0.8401, 0.6471, 0.8332])
tCCC output nodes: tensor([0.9937, 1.0336, 1.0150])
tCCC output nodes: tensor([0.9081, 0.6975, 0.8876])
tCCC output nodes: tensor([0.8384, 0.4702, 0.7946])
tCCC output nodes: tensor([0.8708, 0.7709, 0.8563])
tCCC output nodes: tensor([0.9146, 0.6061, 0.8934])
tCCC output nodes: tensor([0.7907, 0.4780, 0.7112])
tCCC output nodes: tensor([0.7815, 0.6142, 0.7693])
tCCC output nodes: tensor([0.8319, 0.8159, 0.7833])
tCCC output nodes: tensor([0.7331, 0.5330, 0.7172])
tCCC output nodes: tensor([0.7684, 0.3793, 0.7526])
tCCC output nodes: tensor([0.7720, 0.6565, 0.7178])
tCCC output nodes: tensor([0.7893, 0.3105, 0.7134])
tCCC output nodes: tensor([0.8273, 0.9234, 0.8051])
tCCC output nodes: tensor([0.7900, 0.3414, 0.7757])
tCCC output nodes: tensor([0.6864, 0.7040, 0.6305])
tCCC output nodes: tensor([0.9143, 0.9130, 0.9146])
tCCC output nodes: tensor([0.8971, 0.6621, 0.8653])
tCCC output nodes: tensor([0.7639, 0.7410, 0.7360])
tCCC output nodes: tensor([0.8240, 0.3856, 0.8099])
tCCC output nodes: tensor([0.8242, 0.5372, 0.7645])
tCCC output nodes: tensor([0.8216, 0.5496, 0.7792])
tCCC output nodes: tensor([0.8231, 0.8972, 0.7704])
tCCC output nodes: tensor([0.8647, 0.8653, 0.8751])
tCCC output nodes: tensor([0.8036, 0.5434, 0.7972])
tCCC output nodes: tensor([0.9278, 0.8487, 0.9231])
tCCC output nodes: tensor([0.7987, 0.8742, 0.7354])
tCCC output nodes: tensor([0.8280, 0.6787, 0.7846])
tCCC output nodes: tensor([0.7853, 0.6856, 0.7503])
tCCC output nodes: tensor([0.7306, 0.5878, 0.6998])
tCCC output nodes: tensor([0.8297, 0.5925, 0.8066])
tCCC output nodes: tensor([0.8427, 0.6511, 0.8025])
tCCC output nodes: tensor([0.8412, 0.5242, 0.8095])
tCCC output nodes: tensor([0.8628, 0.6919, 0.7907])
tCCC output nodes: tensor([0.9395, 0.7127, 0.9239])
tCCC output nodes: tensor([0.8354, 0.6818, 0.8144])
tCCC output nodes: tensor([0.8370, 0.7876, 0.8386])
tCCC output nodes: tensor([0.8491, 0.7187, 0.8328])
tCCC output nodes: tensor([0.8560, 0.5563, 0.8172])
tCCC output nodes: tensor([0.8822, 0.9288, 0.8531])
tCCC output nodes: tensor([0.8814, 0.8672, 0.8964])
tCCC output nodes: tensor([0.8564, 0.8190, 0.8286])
tCCC output nodes: tensor([0.7876, 0.8386, 0.7706])
tCCC output nodes: tensor([0.6189, 0.4731, 0.5777])
tCCC output nodes: tensor([0.8386, 0.6449, 0.8076])
tCCC output nodes: tensor([0.8198, 0.9373, 0.7887])
tCCC output nodes: tensor([0.8331, 0.5319, 0.8234])
tCCC output nodes: tensor([0.8256, 0.8180, 0.8024])
tCCC output nodes: tensor([0.9095, 1.2109, 0.8677])
tCCC output nodes: tensor([0.8038, 0.7117, 0.7448])
tCCC output nodes: tensor([0.8708, 0.8169, 0.8488])
tCCC output nodes: tensor([0.8257, 0.5065, 0.7751])
tCCC output nodes: tensor([0.9211, 0.9349, 0.8763])
tCCC output nodes: tensor([0.8584, 0.4330, 0.8303])
tCCC output nodes: tensor([0.9808, 0.8855, 0.9495])
tCCC output nodes: tensor([0.8374, 0.6840, 0.8121])
tCCC output nodes: tensor([0.8916, 0.6924, 0.8800])
tCCC output nodes: tensor([0.8203, 0.7819, 0.7653])
tCCC output nodes: tensor([0.9637, 0.7393, 0.9421])
tCCC output nodes: tensor([0.7793, 0.6362, 0.7229])
tCCC output nodes: tensor([0.9252, 0.8468, 0.9323])
tCCC output nodes: tensor([0.8685, 0.8438, 0.8440])
tCCC output nodes: tensor([0.8347, 0.6861, 0.8051])
tCCC output nodes: tensor([1.0388, 1.0358, 1.0343])
tCCC output nodes: tensor([0.8963, 0.7568, 0.8535])
tCCC output nodes: tensor([0.8270, 0.4847, 0.7942])
tCCC output nodes: tensor([0.8598, 0.8522, 0.8594])
tCCC output nodes: tensor([0.9071, 0.7102, 0.8617])
tCCC output nodes: tensor([0.7532, 0.5248, 0.6880])
tCCC output nodes: tensor([0.8080, 0.6094, 0.7824])
tCCC output nodes: tensor([0.8411, 0.8654, 0.8042])
tCCC output nodes: tensor([0.7304, 0.6210, 0.7042])
tCCC output nodes: tensor([0.7886, 0.3729, 0.8039])
tCCC output nodes: tensor([0.7565, 0.5193, 0.7062])
tCCC output nodes: tensor([0.8252, 0.4629, 0.7762])
tCCC output nodes: tensor([0.7949, 0.8538, 0.7826])
tCCC output nodes: tensor([0.7494, 0.2916, 0.7491])
tCCC output nodes: tensor([0.7253, 0.6414, 0.6575])
tCCC output nodes: tensor([0.8961, 0.8623, 0.8857])
tCCC output nodes: tensor([0.8645, 0.6916, 0.8564])
tCCC output nodes: tensor([0.7889, 0.7556, 0.7530])
tCCC output nodes: tensor([0.8528, 0.3793, 0.8230])
tCCC output nodes: tensor([0.7768, 0.4821, 0.7424])
tCCC output nodes: tensor([0.8035, 0.4333, 0.7824])
tCCC output nodes: tensor([0.8443, 0.8323, 0.7831])
tCCC output nodes: tensor([0.8414, 0.8540, 0.8423])
tCCC output nodes: tensor([0.8133, 0.5430, 0.8231])
tCCC output nodes: tensor([0.8911, 0.7619, 0.8708])
tCCC output nodes: tensor([0.7861, 0.8328, 0.7390])
tCCC output nodes: tensor([0.7723, 0.4281, 0.7160])
tCCC output nodes: tensor([0.7879, 0.6217, 0.7448])
tCCC output nodes: tensor([0.7109, 0.6216, 0.6527])
tCCC output nodes: tensor([0.8129, 0.4775, 0.7791])
tCCC output nodes: tensor([0.8343, 0.5844, 0.7990])
tCCC output nodes: tensor([0.7806, 0.4306, 0.7371])
tCCC output nodes: tensor([0.7862, 0.5490, 0.6959])
tCCC output nodes: tensor([0.9166, 0.7430, 0.9033])
tCCC output nodes: tensor([0.8287, 0.6464, 0.8079])
tCCC output nodes: tensor([0.8363, 0.7339, 0.8476])
tCCC output nodes: tensor([0.8598, 0.6300, 0.8393])
tCCC output nodes: tensor([0.8250, 0.5105, 0.7894])
tCCC output nodes: tensor([0.8717, 0.8911, 0.8378])
tCCC output nodes: tensor([0.8610, 0.7641, 0.8275])
tCCC output nodes: tensor([0.8320, 0.7343, 0.7711])
tCCC output nodes: tensor([0.6730, 0.7588, 0.6470])
tCCC output nodes: tensor([0.6250, 0.4069, 0.5855])
tCCC output nodes: tensor([0.7454, 0.3712, 0.7101])
tCCC output nodes: tensor([0.7678, 0.8455, 0.7034])
tCCC output nodes: tensor([0.8210, 0.3601, 0.7957])
tCCC output nodes: tensor([0.8083, 0.8034, 0.7981])
tCCC output nodes: tensor([0.9032, 1.1700, 0.8571])
tCCC output nodes: tensor([0.7470, 0.6684, 0.7086])
tCCC output nodes: tensor([0.8646, 0.7532, 0.8478])
tCCC output nodes: tensor([0.8025, 0.5011, 0.7343])
tCCC output nodes: tensor([0.9066, 0.8784, 0.8804])
tCCC output nodes: tensor([0.8504, 0.6517, 0.8576])
tCCC output nodes: tensor([0.9960, 0.8898, 0.9705])
tCCC output nodes: tensor([0.8095, 0.5385, 0.7885])
tCCC output nodes: tensor([0.8887, 0.5709, 0.8721])
tCCC output nodes: tensor([0.7821, 0.6901, 0.7509])
tCCC output nodes: tensor([0.9731, 0.6959, 0.9674])
tCCC output nodes: tensor([0.7331, 0.5322, 0.6811])
tCCC output nodes: tensor([0.9173, 0.7633, 0.9312])
tCCC output nodes: tensor([0.8534, 0.7903, 0.8306])
tCCC output nodes: tensor([0.8098, 0.5800, 0.7912])
tCCC output nodes: tensor([1.0449, 1.0766, 1.0820])
tCCC output nodes: tensor([0.8920, 0.6605, 0.8581])
tCCC output nodes: tensor([0.7650, 0.4174, 0.7026])
tCCC output nodes: tensor([0.8766, 0.7105, 0.8536])
tCCC output nodes: tensor([0.8758, 0.6356, 0.8366])
tCCC output nodes: tensor([0.7458, 0.4595, 0.6868])
tCCC output nodes: tensor([0.7812, 0.5330, 0.7427])
tCCC output nodes: tensor([0.7740, 0.7819, 0.7496])
tCCC output nodes: tensor([0.7076, 0.5302, 0.6801])
tCCC output nodes: tensor([0.7364, 0.3317, 0.7267])
tCCC output nodes: tensor([0.7266, 0.4421, 0.7018])
tCCC output nodes: tensor([0.7805, 0.4526, 0.7201])
tCCC output nodes: tensor([0.8399, 0.8370, 0.8080])
tCCC output nodes: tensor([0.7969, 0.3179, 0.7656])
tCCC output nodes: tensor([0.7267, 0.3679, 0.6649])
tCCC output nodes: tensor([0.8919, 0.8435, 0.8945])
tCCC output nodes: tensor([0.8872, 0.7875, 0.8473])
tCCC output nodes: tensor([0.7904, 0.7083, 0.7558])
tCCC output nodes: tensor([0.8324, 0.3731, 0.8096])
tCCC output nodes: tensor([0.7870, 0.6340, 0.7628])
tCCC output nodes: tensor([0.7860, 0.5083, 0.7667])
tCCC output nodes: tensor([0.8339, 0.7836, 0.7792])
tCCC output nodes: tensor([0.8628, 0.8940, 0.8821])
tCCC output nodes: tensor([0.8354, 0.5978, 0.8055])
tCCC output nodes: tensor([0.8268, 0.7921, 0.8114])
tCCC output nodes: tensor([0.7872, 0.8689, 0.7326])
tCCC output nodes: tensor([0.7934, 0.4928, 0.7611])
tCCC output nodes: tensor([0.7496, 0.4200, 0.7186])
tCCC output nodes: tensor([0.7305, 0.7798, 0.6803])
tCCC output nodes: tensor([0.8542, 0.6621, 0.8286])
tCCC output nodes: tensor([0.8525, 0.6825, 0.8188])
tCCC output nodes: tensor([0.7818, 0.3122, 0.7310])
tCCC output nodes: tensor([0.7551, 0.5320, 0.6705])
tCCC output nodes: tensor([0.9615, 0.8873, 0.9480])
tCCC output nodes: tensor([0.8160, 0.7503, 0.7911])
tCCC output nodes: tensor([0.8300, 0.8201, 0.8131])
tCCC output nodes: tensor([0.8481, 0.6473, 0.8181])
tCCC output nodes: tensor([0.8164, 0.6187, 0.7652])
tCCC output nodes: tensor([0.8363, 0.7964, 0.8021])
tCCC output nodes: tensor([0.8466, 0.8686, 0.8282])
tCCC output nodes: tensor([0.8505, 0.7347, 0.8006])
tCCC output nodes: tensor([0.6439, 0.5734, 0.6255])
tCCC output nodes: tensor([0.6927, 0.6814, 0.6476])
tCCC output nodes: tensor([0.7361, 0.4819, 0.6999])
tCCC output nodes: tensor([0.7477, 0.7649, 0.7554])
tCCC output nodes: tensor([0.7962, 0.4671, 0.7995])
tCCC output nodes: tensor([0.8243, 0.8025, 0.8052])
tCCC output nodes: tensor([0.8944, 1.0359, 0.8652])
tCCC output nodes: tensor([0.7569, 0.5806, 0.7150])
tCCC output nodes: tensor([0.8769, 0.8505, 0.8516])
tCCC output nodes: tensor([0.8103, 0.5981, 0.7518])
tCCC output nodes: tensor([0.8517, 0.7865, 0.8160])
tCCC output nodes: tensor([0.8666, 0.8054, 0.8393])
tCCC output nodes: tensor([0.9754, 0.8289, 0.9676])
tCCC output nodes: tensor([0.8065, 0.4859, 0.7843])
tCCC output nodes: tensor([0.8876, 0.5801, 0.8816])
tCCC output nodes: tensor([0.7803, 0.7818, 0.7465])
tCCC output nodes: tensor([0.9376, 0.7921, 0.9126])
tCCC output nodes: tensor([0.7679, 0.4091, 0.7039])
tCCC output nodes: tensor([0.9007, 0.6140, 0.9002])
tCCC output nodes: tensor([0.8317, 0.5864, 0.8269])
tCCC output nodes: tensor([0.8079, 0.4425, 0.7803])
tCCC output nodes: tensor([1.0077, 1.0331, 1.0373])
tCCC output nodes: tensor([0.9228, 0.6587, 0.8763])
tCCC output nodes: tensor([0.7633, 0.5772, 0.7039])
tCCC output nodes: tensor([0.8347, 0.6410, 0.8362])
tCCC output nodes: tensor([0.8663, 0.4248, 0.8359])
tCCC output nodes: tensor([0.7114, 0.3574, 0.6731])
tCCC output nodes: tensor([0.7966, 0.6463, 0.7433])
tCCC output nodes: tensor([0.7350, 0.6399, 0.7158])
tCCC output nodes: tensor([0.7115, 0.5567, 0.6928])
tCCC output nodes: tensor([0.7558, 0.5495, 0.7275])
tCCC output nodes: tensor([0.7731, 0.4554, 0.7232])
tCCC output nodes: tensor([0.8057, 0.4931, 0.7312])
tCCC output nodes: tensor([0.8313, 0.8623, 0.8114])
tCCC output nodes: tensor([0.7916, 0.3299, 0.7626])
tCCC output nodes: tensor([0.7297, 0.4017, 0.6785])
tCCC output nodes: tensor([0.9111, 0.8734, 0.9095])
tCCC output nodes: tensor([0.8965, 0.7724, 0.8668])
tCCC output nodes: tensor([0.8127, 0.7540, 0.7765])
tCCC output nodes: tensor([0.8113, 0.4007, 0.7805])
tCCC output nodes: tensor([0.8057, 0.6131, 0.7471])
tCCC output nodes: tensor([0.8184, 0.4978, 0.7894])
tCCC output nodes: tensor([0.8500, 0.7761, 0.8051])
tCCC output nodes: tensor([0.8866, 0.8892, 0.8970])
tCCC output nodes: tensor([0.8408, 0.6562, 0.8152])
tCCC output nodes: tensor([0.8134, 0.7668, 0.7647])
tCCC output nodes: tensor([0.7863, 0.8488, 0.7206])
tCCC output nodes: tensor([0.8059, 0.4378, 0.7913])
tCCC output nodes: tensor([0.7516, 0.4268, 0.7336])
tCCC output nodes: tensor([0.7396, 0.8289, 0.6798])
tCCC output nodes: tensor([0.8035, 0.6123, 0.8066])
tCCC output nodes: tensor([0.8591, 0.6586, 0.7985])
tCCC output nodes: tensor([0.7980, 0.3852, 0.7552])
tCCC output nodes: tensor([0.7869, 0.4817, 0.7484])
tCCC output nodes: tensor([0.9473, 0.9041, 0.9593])
tCCC output nodes: tensor([0.8400, 0.7019, 0.7983])
tCCC output nodes: tensor([0.8280, 0.7960, 0.8256])
tCCC output nodes: tensor([0.8719, 0.7095, 0.8449])
tCCC output nodes: tensor([0.8263, 0.6357, 0.7871])
tCCC output nodes: tensor([0.8426, 0.7835, 0.8288])
tCCC output nodes: tensor([0.7851, 0.8362, 0.7693])
tCCC output nodes: tensor([0.8597, 0.6896, 0.8109])
tCCC output nodes: tensor([0.6545, 0.5460, 0.6272])
tCCC output nodes: tensor([0.7028, 0.6424, 0.6464])
tCCC output nodes: tensor([0.7244, 0.4558, 0.7122])
tCCC output nodes: tensor([0.8340, 0.7304, 0.8329])
tCCC output nodes: tensor([0.8165, 0.4984, 0.8049])
tCCC output nodes: tensor([0.8225, 0.8079, 0.7978])
tCCC output nodes: tensor([0.8953, 1.0140, 0.8587])
tCCC output nodes: tensor([0.7323, 0.6205, 0.7133])
tCCC output nodes: tensor([0.9003, 0.8442, 0.8743])
tCCC output nodes: tensor([0.7985, 0.6380, 0.7511])
tCCC output nodes: tensor([0.8382, 0.7430, 0.8194])
tCCC output nodes: tensor([0.8353, 0.8582, 0.8189])
tCCC output nodes: tensor([0.9517, 0.8096, 0.9356])
tCCC output nodes: tensor([0.8105, 0.4761, 0.7841])
tCCC output nodes: tensor([0.8737, 0.5782, 0.8677])
tCCC output nodes: tensor([0.7740, 0.7721, 0.7024])
tCCC output nodes: tensor([0.9264, 0.7898, 0.8903])
tCCC output nodes: tensor([0.7625, 0.3823, 0.6895])
tCCC output nodes: tensor([0.8842, 0.5649, 0.8697])
tCCC output nodes: tensor([0.8425, 0.6232, 0.8388])
tCCC output nodes: tensor([0.8367, 0.4643, 0.8055])
tCCC output nodes: tensor([0.9807, 0.9898, 1.0175])
tCCC output nodes: tensor([0.9018, 0.6407, 0.8532])
tCCC output nodes: tensor([0.7681, 0.6323, 0.7124])
tCCC output nodes: tensor([0.8387, 0.5952, 0.8068])
tCCC output nodes: tensor([0.8481, 0.4425, 0.8007])
tCCC output nodes: tensor([0.7727, 0.4174, 0.7264])
tCCC output nodes: tensor([0.7967, 0.6507, 0.7569])
tCCC output nodes: tensor([0.6837, 0.6316, 0.6497])
tCCC output nodes: tensor([0.7202, 0.5627, 0.7086])
tCCC output nodes: tensor([0.7897, 0.5663, 0.7429])
tCCC output nodes: tensor([0.7559, 0.5549, 0.7309])
tCCC output nodes: tensor([0.7465, 0.3523, 0.6851])
tCCC output nodes: tensor([0.8325, 0.8795, 0.8236])
tCCC output nodes: tensor([0.7591, 0.2318, 0.7559])
tCCC output nodes: tensor([0.6687, 0.5412, 0.6189])
tCCC output nodes: tensor([0.9363, 0.8802, 0.9496])
tCCC output nodes: tensor([0.8811, 0.6912, 0.8661])
tCCC output nodes: tensor([0.7879, 0.7486, 0.7731])
tCCC output nodes: tensor([0.8428, 0.2877, 0.8290])
tCCC output nodes: tensor([0.7597, 0.5293, 0.7561])
tCCC output nodes: tensor([0.8067, 0.3966, 0.8057])
tCCC output nodes: tensor([0.8520, 0.8328, 0.8082])
tCCC output nodes: tensor([0.9172, 0.8885, 0.9052])
tCCC output nodes: tensor([0.8239, 0.5665, 0.7887])
tCCC output nodes: tensor([0.9143, 0.8060, 0.8884])
tCCC output nodes: tensor([0.7780, 0.8510, 0.7334])
tCCC output nodes: tensor([0.7678, 0.4048, 0.7396])
tCCC output nodes: tensor([0.7715, 0.5723, 0.7621])
tCCC output nodes: tensor([0.6811, 0.6317, 0.6528])
tCCC output nodes: tensor([0.8239, 0.4740, 0.7982])
tCCC output nodes: tensor([0.8352, 0.6519, 0.8038])
tCCC output nodes: tensor([0.8339, 0.4544, 0.7971])
tCCC output nodes: tensor([0.8248, 0.6083, 0.7745])
tCCC output nodes: tensor([0.9352, 0.7318, 0.9219])
tCCC output nodes: tensor([0.8357, 0.6725, 0.8265])
tCCC output nodes: tensor([0.8391, 0.7536, 0.8462])
tCCC output nodes: tensor([0.8614, 0.7184, 0.8456])
tCCC output nodes: tensor([0.8123, 0.5682, 0.7714])
tCCC output nodes: tensor([0.8437, 0.8919, 0.8312])
tCCC output nodes: tensor([0.8573, 0.8074, 0.8279])
tCCC output nodes: tensor([0.8905, 0.7598, 0.8547])
tCCC output nodes: tensor([0.7474, 0.7694, 0.7042])
tCCC output nodes: tensor([0.6816, 0.5225, 0.6531])
tCCC output nodes: tensor([0.7392, 0.4191, 0.7244])
tCCC output nodes: tensor([0.7635, 0.8046, 0.7532])
tCCC output nodes: tensor([0.7918, 0.3710, 0.7687])
tCCC output nodes: tensor([0.8328, 0.8429, 0.8154])
tCCC output nodes: tensor([0.8975, 1.0974, 0.8688])
tCCC output nodes: tensor([0.7655, 0.6165, 0.7434])
tCCC output nodes: tensor([0.8446, 0.8065, 0.8276])
tCCC output nodes: tensor([0.7823, 0.5108, 0.7477])
tCCC output nodes: tensor([0.8772, 0.8709, 0.8371])
tCCC output nodes: tensor([0.8270, 0.6597, 0.8320])
tCCC output nodes: tensor([0.9491, 0.7962, 0.9058])
tCCC output nodes: tensor([0.7907, 0.5381, 0.7752])
tCCC output nodes: tensor([0.8817, 0.5604, 0.8680])
tCCC output nodes: tensor([0.7470, 0.6933, 0.7254])
tCCC output nodes: tensor([0.9482, 0.7129, 0.9329])
tCCC output nodes: tensor([0.7680, 0.6300, 0.7362])
tCCC output nodes: tensor([0.8838, 0.7341, 0.8818])
tCCC output nodes: tensor([0.8454, 0.7327, 0.8365])
tCCC output nodes: tensor([0.8362, 0.5467, 0.8042])
tCCC output nodes: tensor([1.0211, 1.1047, 1.0356])
tCCC output nodes: tensor([0.8806, 0.6803, 0.8449])
tCCC output nodes: tensor([0.7996, 0.4263, 0.7494])
tCCC output nodes: tensor([0.8262, 0.6734, 0.8402])
tCCC output nodes: tensor([0.8884, 0.5601, 0.8356])
tCCC output nodes: tensor([0.7436, 0.5022, 0.7100])
tCCC output nodes: tensor([0.7718, 0.5517, 0.7469])
tCCC output nodes: tensor([0.7816, 0.7295, 0.7420])
tCCC output nodes: tensor([0.7299, 0.5499, 0.7227])
tCCC output nodes: tensor([0.7586, 0.3231, 0.7290])
tCCC output nodes: tensor([0.7347, 0.4525, 0.7038])
tCCC output nodes: tensor([0.7589, 0.4177, 0.6910])
tCCC output nodes: tensor([0.8318, 0.8885, 0.8163])
tCCC output nodes: tensor([0.8103, 0.3490, 0.7741])
tCCC output nodes: tensor([0.6656, 0.4000, 0.6119])
tCCC output nodes: tensor([0.9026, 0.8210, 0.8913])
tCCC output nodes: tensor([0.8784, 0.7552, 0.8583])
tCCC output nodes: tensor([0.8110, 0.7541, 0.7814])
tCCC output nodes: tensor([0.8262, 0.4046, 0.8046])
tCCC output nodes: tensor([0.7566, 0.5940, 0.7290])
tCCC output nodes: tensor([0.8004, 0.4863, 0.7859])
tCCC output nodes: tensor([0.8259, 0.7879, 0.7845])
tCCC output nodes: tensor([0.8866, 0.8829, 0.8943])
tCCC output nodes: tensor([0.8176, 0.5489, 0.7867])
tCCC output nodes: tensor([0.8476, 0.7766, 0.8312])
tCCC output nodes: tensor([0.7860, 0.8529, 0.7381])
tCCC output nodes: tensor([0.8052, 0.4397, 0.8143])
tCCC output nodes: tensor([0.7443, 0.4010, 0.7343])
tCCC output nodes: tensor([0.6823, 0.7719, 0.6522])
tCCC output nodes: tensor([0.7985, 0.5594, 0.7745])
tCCC output nodes: tensor([0.8307, 0.6875, 0.7843])
tCCC output nodes: tensor([0.7900, 0.3262, 0.7701])
tCCC output nodes: tensor([0.7954, 0.5188, 0.7329])
tCCC output nodes: tensor([0.9329, 0.8508, 0.9155])
tCCC output nodes: tensor([0.8168, 0.7036, 0.8004])
tCCC output nodes: tensor([0.8462, 0.7919, 0.8198])
tCCC output nodes: tensor([0.8639, 0.6737, 0.8473])
tCCC output nodes: tensor([0.7958, 0.6249, 0.7572])
tCCC output nodes: tensor([0.7883, 0.7971, 0.7645])
tCCC output nodes: tensor([0.8013, 0.8540, 0.7999])
tCCC output nodes: tensor([0.8572, 0.7257, 0.8113])
tCCC output nodes: tensor([0.6573, 0.5909, 0.6339])
tCCC output nodes: tensor([0.7002, 0.5996, 0.6464])
tCCC output nodes: tensor([0.6993, 0.4672, 0.6636])
tCCC output nodes: tensor([0.8191, 0.7120, 0.7987])
tCCC output nodes: tensor([0.7831, 0.4491, 0.7774])
tCCC output nodes: tensor([0.8434, 0.8052, 0.8116])
tCCC output nodes: tensor([0.8673, 1.0200, 0.8418])
tCCC output nodes: tensor([0.7508, 0.6346, 0.7253])
tCCC output nodes: tensor([0.8547, 0.8269, 0.8303])
tCCC output nodes: tensor([0.7867, 0.6043, 0.7389])
tCCC output nodes: tensor([0.8210, 0.7640, 0.7955])
tCCC output nodes: tensor([0.8380, 0.8093, 0.8336])
tCCC output nodes: tensor([0.9494, 0.8254, 0.9293])
tCCC output nodes: tensor([0.8012, 0.4787, 0.7745])
tCCC output nodes: tensor([0.8743, 0.5322, 0.8659])
tCCC output nodes: tensor([0.7574, 0.7816, 0.6992])
tCCC output nodes: tensor([0.9269, 0.7493, 0.9036])
tCCC output nodes: tensor([0.7617, 0.4174, 0.7125])
tCCC output nodes: tensor([0.8656, 0.5627, 0.8642])
tCCC output nodes: tensor([0.8414, 0.6150, 0.8316])
tCCC output nodes: tensor([0.8021, 0.4486, 0.7818])
tCCC output nodes: tensor([0.9883, 1.0858, 0.9968])
tCCC output nodes: tensor([0.8868, 0.5944, 0.8429])
tCCC output nodes: tensor([0.7496, 0.5750, 0.6885])
tCCC output nodes: tensor([0.8457, 0.5806, 0.8363])
tCCC output nodes: tensor([0.8603, 0.4425, 0.8190])
tCCC output nodes: tensor([0.7376, 0.3850, 0.7030])
tCCC output nodes: tensor([0.7966, 0.6432, 0.7701])
tCCC output nodes: tensor([0.7155, 0.6682, 0.6845])
tCCC output nodes: tensor([0.7063, 0.5012, 0.6842])
tCCC output nodes: tensor([0.7253, 0.4783, 0.6804])
