/nas/student/NicolasKolbenschlag/emotion_uncertainty_bachelorarbeit/MuSe-LSTM-Attention-baseline-model/emotion_recognition/main_uncertainty.py --feature_set bert-4 --emo_dim_set valence --epochs 100 --refresh --n_seeds 1 --seed 314 --attn --rnn_bi --loss ccc --uncertainty_approach monte_carlo_dropout --attn_dr .5 --out_dr .5 --rnn_n_layers 2 --rnn_dr .5 --measure_uncertainty_globally
Constructing dataset and data loader ...
Constructing data from scratch ...
Found cached annotator 2 video mapping.
Constructing data from scratch ...
No label preprocessing (min -0.6726, max 1.0).
Found cached annotator 2 video mapping.
Constructing data from scratch ...
No label preprocessing (min -1.0, max 1.0).
Found cached annotator 2 video mapping.
Constructing data from scratch ...
No label preprocessing (min -0.7353, max 0.80704).
Found cached annotator 2 video mapping.
Constructing data from scratch ...
No label preprocessing (min -0.9549, max 1.0).
Found cached annotator 2 video mapping.
Constructing data from scratch ...
No label preprocessing (min -0.9706, max 0.9218999999999999).
Found cached annotator 2 video mapping.
Constructing data from scratch ...
No label preprocessing (min -0.39030000000000004, max 0.4687).
Found cached annotator 2 video mapping.
Constructing data from scratch ...
No label preprocessing (min -0.98725, max 1.0).
Found cached annotator 2 video mapping.
Constructing data from scratch ...
No label preprocessing (min -0.8137000000000001, max 1.0).
Found cached annotator 2 video mapping.
Constructing data from scratch ...
Exception for annotator 9: 9
Found cached annotator 2 video mapping.
Constructing data from scratch ...
Exception for annotator 10: 10
Found cached annotator 2 video mapping.
Constructing data from scratch ...
Exception for annotator 11: 11
Found cached annotator 2 video mapping.
Constructing data from scratch ...
Exception for annotator 12: 12
Found cached annotator 2 video mapping.
Constructing data from scratch ...
Exception for annotator 13: 13
Found cached annotator 2 video mapping.
Constructing data from scratch ...
Exception for annotator 14: 14
Found cached annotator 2 video mapping.
Constructing data from scratch ...
No label preprocessing (min -0.58476, max 1.0).
Found cached annotator 2 video mapping.
Constructing data from scratch ...
Exception for annotator 16: 16
Found cached annotator 2 video mapping.
Constructing data from scratch ...
Exception for annotator 17: 17
Traceback (most recent call last):
  File "/nas/student/NicolasKolbenschlag/emotion_uncertainty_bachelorarbeit/MuSe-LSTM-Attention-baseline-model/emotion_recognition/main_uncertainty.py", line 347, in <module>
    main(params)
  File "/nas/student/NicolasKolbenschlag/emotion_uncertainty_bachelorarbeit/MuSe-LSTM-Attention-baseline-model/emotion_recognition/main_uncertainty.py", line 169, in main
    subjectivities_per_sample = subjectivity_utilities.calculate_subjectivities(params)
  File "/nas/student/NicolasKolbenschlag/emotion_uncertainty_bachelorarbeit/MuSe-LSTM-Attention-baseline-model/emotion_recognition/subjectivity_utilities.py", line 141, in calculate_subjectivities
    globals = calculate_global_subjectivities(annotations_per_vid, params.global_uncertainty_window)
AttributeError: 'Namespace' object has no attribute 'global_uncertainty_window'
/nas/student/NicolasKolbenschlag/emotion_uncertainty_bachelorarbeit/MuSe-LSTM-Attention-baseline-model/emotion_recognition/main_uncertainty_ensemble.py --feature_set bert-4 --emo_dim_set valence --epochs 100 --refresh --n_seeds 2 --seed 314 --attn --rnn_bi --loss ccc --uncertainty_approach ensemble_averaging --attn_dr .5 --out_dr .5 --rnn_n_layers 2 --rnn_dr .5 --measure_uncertainty_globally --normalize_uncalibrated_global_uncertainty_measurement
Constructing dataset and data loader ...
Constructing data from scratch ...
Found cached annotator 2 video mapping.
Constructing data from scratch ...
No label preprocessing (min -0.6726, max 1.0).
Found cached annotator 2 video mapping.
Constructing data from scratch ...
No label preprocessing (min -1.0, max 1.0).
Found cached annotator 2 video mapping.
Constructing data from scratch ...
No label preprocessing (min -0.7353, max 0.80704).
Found cached annotator 2 video mapping.
Constructing data from scratch ...
No label preprocessing (min -0.9549, max 1.0).
Found cached annotator 2 video mapping.
Constructing data from scratch ...
No label preprocessing (min -0.9706, max 0.9218999999999999).
Found cached annotator 2 video mapping.
Constructing data from scratch ...
No label preprocessing (min -0.39030000000000004, max 0.4687).
Found cached annotator 2 video mapping.
Constructing data from scratch ...
No label preprocessing (min -0.98725, max 1.0).
Found cached annotator 2 video mapping.
Constructing data from scratch ...
No label preprocessing (min -0.8137000000000001, max 1.0).
Found cached annotator 2 video mapping.
Constructing data from scratch ...
Exception for annotator 9: 9
Found cached annotator 2 video mapping.
Constructing data from scratch ...
Exception for annotator 10: 10
Found cached annotator 2 video mapping.
Constructing data from scratch ...
Exception for annotator 11: 11
Found cached annotator 2 video mapping.
Constructing data from scratch ...
Exception for annotator 12: 12
Found cached annotator 2 video mapping.
Constructing data from scratch ...
Exception for annotator 13: 13
Found cached annotator 2 video mapping.
Constructing data from scratch ...
Exception for annotator 14: 14
Found cached annotator 2 video mapping.
Constructing data from scratch ...
No label preprocessing (min -0.58476, max 1.0).
Found cached annotator 2 video mapping.
Constructing data from scratch ...
Exception for annotator 16: 16
Found cached annotator 2 video mapping.
Constructing data from scratch ...
Exception for annotator 17: 17
Samples in partitions: (3132, 62, 64)
Input feature dim: 768.
==================================================
Training model... [seed 314]
Note: target can not be optimized for 15 consecutive epochs, early stop the training process!
Seed 314 | Best [Val CCC]: 0.4312 [' 0.4312']| Loss: 0.6175 | PCC: 0.4429 ['0.4429'] | RMSE: 0.1844 ['0.1844']
On Test: CCC  0.5993 | PCC  0.6123 | RMSE  0.1657
==================================================
Training model... [seed 315]
Note: target can not be optimized for 15 consecutive epochs, early stop the training process!
Seed 315 | Best [Val CCC]: 0.4431 [' 0.4431']| Loss: 0.6209 | PCC: 0.4516 ['0.4516'] | RMSE: 0.1921 ['0.1921']
On Test: CCC  0.6043 | PCC  0.6123 | RMSE  0.1572
==================================================
--------------------TEST--------------------
Uncalibrated scores and benchmarking with random uncertainty quntification:
GsbUME: [{'mae': 0.41124038592021783, 'ccc': -0.0025949599610659148}], rand. GsbUME: [{'mae': 0.21009797823323462, 'ccc': 0.11257774120517614}]
GpebUME: [{'mae': 0.2532785551971217, 'ccc': 0.13387623497694012}], rand. GpebUME: [{'mae': 0.24249931577913372, 'ccc': -0.03102629331994122}]
true-subjectivity-vs.-prediction-error: [{'mae': 0.28447591961008717, 'ccc': 0.19117162496795861}]
Calibrated on true subjectivity:
GsbUME: [{'mae': 0.26380379541089033, 'ccc': 0.00635114925669153}]
GpebUME: [{'mae': 0.455033984003841, 'ccc': 0.012141222719353964}]
Calibrated on prediction score:
GsbUME: [{'mae': 0.224348506046906, 'ccc': 0.013484596078793699}]
GpebUME: [{'mae': 0.2717066262073001, 'ccc': 0.15676765335218176}]
--------------------DEVEL--------------------
Uncalibrated scores and benchmarking with random uncertainty quntification:
GsbUME: [{'mae': 0.40992278214891653, 'ccc': 0.009507896917707618}], rand. GsbUME: [{'mae': 0.27399470452032126, 'ccc': -0.1850751892127588}]
GpebUME: [{'mae': 0.18270897755633786, 'ccc': 0.37302763754420376}], rand. GpebUME: [{'mae': 0.24029750925712226, 'ccc': 0.08108419262243173}]
true-subjectivity-vs.-prediction-error: [{'mae': 0.3522484629077151, 'ccc': 0.11701599492995704}]
Calibrated on true subjectivity:
GsbUME: [{'mae': 0.22671275809184566, 'ccc': 0.043189362207594964}]
GpebUME: [{'mae': 0.49104344814519124, 'ccc': 0.02616805145531576}]
Calibrated on prediction score:
GsbUME: [{'mae': 0.2200854034364599, 'ccc': 0.07619735276912207}]
GpebUME: [{'mae': 0.29187074828612103, 'ccc': 0.1805122543368307}]
On ground-truth labels:	Best	[Val CCC] for seed "315":	 0.4431
On ground-truth labels:		[Test CCC] for seed "315":	 0.6043
----------------------------------------------------------------------------------------------------
Delete model "/nas/student/NicolasKolbenschlag/emotion_uncertainty_bachelorarbeit/MuSe-LSTM-Attention-baseline-model/output/model/2021-06-04-01-39_[bert-4]_[valence]_[NOSEG]_[lstm_64_2_True]_[True_1_4]_[0.005_1024_0.5_0.5_0.5]_None_[2_315_None_None].pth".
/nas/student/NicolasKolbenschlag/emotion_uncertainty_bachelorarbeit/MuSe-LSTM-Attention-baseline-model/emotion_recognition/main_uncertainty.py --feature_set bert-4 --emo_dim_set valence --epochs 100 --refresh --n_seeds 1 --seed 314 --attn --rnn_bi --loss ccc --uncertainty_approach monte_carlo_dropout --attn_dr .5 --out_dr .5 --rnn_n_layers 2 --rnn_dr .5
Constructing dataset and data loader ...
Constructing data from scratch ...
Found cached annotator 2 video mapping.
Constructing data from scratch ...
No label preprocessing (min -0.6726, max 1.0).
Found cached annotator 2 video mapping.
Constructing data from scratch ...
No label preprocessing (min -1.0, max 1.0).
Found cached annotator 2 video mapping.
Constructing data from scratch ...
No label preprocessing (min -0.7353, max 0.80704).
Found cached annotator 2 video mapping.
Constructing data from scratch ...
No label preprocessing (min -0.9549, max 1.0).
Found cached annotator 2 video mapping.
Constructing data from scratch ...
No label preprocessing (min -0.9706, max 0.9218999999999999).
Found cached annotator 2 video mapping.
Constructing data from scratch ...
No label preprocessing (min -0.39030000000000004, max 0.4687).
Found cached annotator 2 video mapping.
Constructing data from scratch ...
No label preprocessing (min -0.98725, max 1.0).
Found cached annotator 2 video mapping.
Constructing data from scratch ...
No label preprocessing (min -0.8137000000000001, max 1.0).
Found cached annotator 2 video mapping.
Constructing data from scratch ...
Exception for annotator 9: 9
Found cached annotator 2 video mapping.
Constructing data from scratch ...
Exception for annotator 10: 10
Found cached annotator 2 video mapping.
Constructing data from scratch ...
Exception for annotator 11: 11
Found cached annotator 2 video mapping.
Constructing data from scratch ...
Exception for annotator 12: 12
Found cached annotator 2 video mapping.
Constructing data from scratch ...
Exception for annotator 13: 13
Found cached annotator 2 video mapping.
Constructing data from scratch ...
Exception for annotator 14: 14
Found cached annotator 2 video mapping.
Constructing data from scratch ...
No label preprocessing (min -0.58476, max 1.0).
Found cached annotator 2 video mapping.
Constructing data from scratch ...
Exception for annotator 16: 16
Found cached annotator 2 video mapping.
Constructing data from scratch ...
Exception for annotator 17: 17
Traceback (most recent call last):
  File "/nas/student/NicolasKolbenschlag/emotion_uncertainty_bachelorarbeit/MuSe-LSTM-Attention-baseline-model/emotion_recognition/main_uncertainty.py", line 347, in <module>
    main(params)
  File "/nas/student/NicolasKolbenschlag/emotion_uncertainty_bachelorarbeit/MuSe-LSTM-Attention-baseline-model/emotion_recognition/main_uncertainty.py", line 169, in main
    subjectivities_per_sample = subjectivity_utilities.calculate_subjectivities(params)
  File "/nas/student/NicolasKolbenschlag/emotion_uncertainty_bachelorarbeit/MuSe-LSTM-Attention-baseline-model/emotion_recognition/subjectivity_utilities.py", line 141, in calculate_subjectivities
    globals = calculate_global_subjectivities(annotations_per_vid, params.global_uncertainty_window)
AttributeError: 'Namespace' object has no attribute 'global_uncertainty_window'
slurmstepd: *** JOB 111747 ON eihw-gpu1 CANCELLED AT 2021-06-04T11:28:54 ***
