/nas/student/NicolasKolbenschlag/emotion_uncertainty_bachelorarbeit/MuSe-LSTM-Attention-baseline-model/emotion_recognition/dataset.py:42: UserWarning: To copy construct from a tensor, it is recommended to use sourceTensor.clone().detach() or sourceTensor.clone().detach().requires_grad_(True), rather than torch.tensor(sourceTensor).
  subjectivity = torch.tensor(subjectivities_per_sample[sample_id], dtype=torch.float)
MuSe-LSTM-Attention-baseline-model/emotion_recognition/main_calibration.py --feature_set bert-4 --emo_dim_set valence --epochs 1 --refresh --n_seeds 1 --seed 314 --predict --attn --rnn_bi --loss ccc --uncertainty_approach monte_carlo_dropout --attn_dr .3 --out_dr .3
Constructing dataset and data loader ...
Constructing data from scratch ...
Found cached annotator 2 video mapping.
Constructing data from scratch ...
No label preprocessing (min -0.6726, max 1.0).
Found cached annotator 2 video mapping.
Constructing data from scratch ...
No label preprocessing (min -1.0, max 1.0).
Found cached annotator 2 video mapping.
Constructing data from scratch ...
No label preprocessing (min -0.7353, max 0.80704).
Found cached annotator 2 video mapping.
Constructing data from scratch ...
No label preprocessing (min -0.9549, max 1.0).
Found cached annotator 2 video mapping.
Constructing data from scratch ...
No label preprocessing (min -0.9706, max 0.9218999999999999).
Found cached annotator 2 video mapping.
Constructing data from scratch ...
No label preprocessing (min -0.39030000000000004, max 0.4687).
Found cached annotator 2 video mapping.
Constructing data from scratch ...
No label preprocessing (min -0.98725, max 1.0).
Found cached annotator 2 video mapping.
Constructing data from scratch ...
No label preprocessing (min -0.8137000000000001, max 1.0).
Found cached annotator 2 video mapping.
Constructing data from scratch ...
Annotator 9: 9
Found cached annotator 2 video mapping.
Constructing data from scratch ...
Annotator 10: 10
Found cached annotator 2 video mapping.
Constructing data from scratch ...
Annotator 11: 11
Found cached annotator 2 video mapping.
Constructing data from scratch ...
Annotator 12: 12
Found cached annotator 2 video mapping.
Constructing data from scratch ...
Annotator 13: 13
Found cached annotator 2 video mapping.
Constructing data from scratch ...
Annotator 14: 14
Found cached annotator 2 video mapping.
Constructing data from scratch ...
No label preprocessing (min -0.58476, max 1.0).
Found cached annotator 2 video mapping.
Constructing data from scratch ...
Annotator 16: 16
Found cached annotator 2 video mapping.
Constructing data from scratch ...
Annotator 17: 17
Traceback (most recent call last):
  File "MuSe-LSTM-Attention-baseline-model/emotion_recognition/main_calibration.py", line 323, in <module>
    main(params)
  File "MuSe-LSTM-Attention-baseline-model/emotion_recognition/main_calibration.py", line 164, in main
    data_loader = get_dataloaders(data, subjectivities_per_sample)
  File "MuSe-LSTM-Attention-baseline-model/emotion_recognition/main_calibration.py", line 145, in get_dataloaders
    set_ = MyDataset(data, partition, subjectivities_per_sample)
  File "/nas/student/NicolasKolbenschlag/emotion_uncertainty_bachelorarbeit/MuSe-LSTM-Attention-baseline-model/emotion_recognition/dataset.py", line 42, in __init__
    subjectivity = torch.tensor(subjectivities_per_sample[sample_id], dtype=torch.float)
KeyError: '194_19750'
