/nas/student/NicolasKolbenschlag/emotion_uncertainty_bachelorarbeit/MuSe-LSTM-Attention-baseline-model/emotion_recognition/main_uncertainty.py --feature_set bert-4 --emo_dim_set valence --epochs 100 --refresh --n_seeds 2 --seed 314 --attn --rnn_bi --loss ccc --uncertainty_approach monte_carlo_dropout --attn_dr .5 --out_dr .5 --rnn_n_layers 2 --rnn_dr .5 --measure_uncertainty_globally
Constructing dataset and data loader ...
Constructing data from scratch ...
Found cached annotator 2 video mapping.
Constructing data from scratch ...
No label preprocessing (min -0.6726, max 1.0).
Found cached annotator 2 video mapping.
Constructing data from scratch ...
No label preprocessing (min -1.0, max 1.0).
Found cached annotator 2 video mapping.
Constructing data from scratch ...
No label preprocessing (min -0.7353, max 0.80704).
Found cached annotator 2 video mapping.
Constructing data from scratch ...
No label preprocessing (min -0.9549, max 1.0).
Found cached annotator 2 video mapping.
Constructing data from scratch ...
No label preprocessing (min -0.9706, max 0.9218999999999999).
Found cached annotator 2 video mapping.
Constructing data from scratch ...
No label preprocessing (min -0.39030000000000004, max 0.4687).
Found cached annotator 2 video mapping.
Constructing data from scratch ...
No label preprocessing (min -0.98725, max 1.0).
Found cached annotator 2 video mapping.
Constructing data from scratch ...
No label preprocessing (min -0.8137000000000001, max 1.0).
Found cached annotator 2 video mapping.
Constructing data from scratch ...
Exception for annotator 9: 9
Found cached annotator 2 video mapping.
Constructing data from scratch ...
Exception for annotator 10: 10
Found cached annotator 2 video mapping.
Constructing data from scratch ...
Exception for annotator 11: 11
Found cached annotator 2 video mapping.
Constructing data from scratch ...
Exception for annotator 12: 12
Found cached annotator 2 video mapping.
Constructing data from scratch ...
Exception for annotator 13: 13
Found cached annotator 2 video mapping.
Constructing data from scratch ...
Exception for annotator 14: 14
Found cached annotator 2 video mapping.
Constructing data from scratch ...
No label preprocessing (min -0.58476, max 1.0).
Found cached annotator 2 video mapping.
Constructing data from scratch ...
Exception for annotator 16: 16
Found cached annotator 2 video mapping.
Constructing data from scratch ...
Exception for annotator 17: 17
Samples in partitions: (3132, 62, 64)
Input feature dim: 768.
==================================================
Training model... [seed 314]
Note: target can not be optimized for 15 consecutive epochs, early stop the training process!
Seed 314 | Best [Val CCC]: 0.4312 [' 0.4312']| Loss: 0.6175 | PCC: 0.4429 ['0.4429'] | RMSE: 0.1844 ['0.1844']
--------------------TEST--------------------
[0.91868999 0.94755941 0.93495671 0.88272003 0.92144328 0.93595381
 0.90859758 0.89845105 0.88359605 0.93188072 0.9004954  0.93054019
 0.92496345 0.94683919 0.93719096 0.93855742 0.93362791 0.92535421
 0.91083085 0.8995561  0.94589483 0.94934829 0.86231413 0.90857457
 0.92251162 0.87796041 0.94093005 0.93934597 0.85805742 0.87308776
 0.90419142 0.93412105 0.91465983 0.91451464 0.92325189 0.92304881
 0.9344239  0.81695654 0.93631113 0.93062735 0.89161598 0.93444816
 0.94525947 0.92603865 0.91120455 0.87879236 0.94679933 0.94956304
 0.92617223 0.90543227 0.9245302  0.9302563  0.93773397 0.91455037
 0.92087167 0.93480799 0.94257881 0.89060853 0.92711832 0.92772037
 0.92812724 0.92709033]
[-0.0130525   0.32437876  0.04959703  0.08391025  0.3826152   0.01552276
  0.16770744  0.13971439  0.10209735  0.05524743  0.10446028  0.02927979
  0.02357653  0.0369132   0.06175379  0.01752151  0.04637047  0.10108344
  0.14549306  0.17158309  0.08435814  0.01003089  0.13734835  0.21380422
  0.09840287  0.0844828   0.04481249  0.04017502 -0.01202978  0.04896013
  0.13084999  0.04699508  0.1332952   0.1428969   0.19155914  0.24818918
  0.25566846  0.13901533  0.4145926   0.07989263  0.41103888  0.06088544
  0.19382446  0.00105457  0.09919863  0.05652939  0.04447209  0.08153148
  0.10764001  0.04806979  0.12428512  0.24273096  0.17976335  0.04811273
  0.21161598  0.06684908  0.30449116  0.25658992  0.17554843  0.23139746
  0.23430511  0.22782937]
[0.94336623 0.89205971 0.91914206 0.93058102 0.90656416 0.95391744
 0.93004277 0.93802941 0.92892258 0.90882525 0.95046333 0.93346299
 0.90038645 0.91222228 0.89559144 0.94015707 0.9144779  0.94149019
 0.92905974 0.93146659 0.93344493 0.93277469 0.9082463  0.95140765
 0.91553031 0.91934489 0.93868974 0.93773556 0.90476898 0.94539123
 0.85186909 0.95218128 0.94132832 0.93754294 0.93842502 0.93080912
 0.9323095  0.90339082 0.92892501 0.90952014 0.92330525 0.86205885
 0.94354675 0.94099946 0.90939014 0.88315234 0.94458374 0.91921145
 0.93558659 0.91543288 0.92298588 0.92164601 0.92407066 0.91128718
 0.8818217  0.87144404 0.93345282 0.90882111 0.91940038 0.9411472
 0.90189146 0.93627192 0.93065477 0.95476302]
Uncalibrated scores and benchmarking with random uncertainty quntification:
GsbUME: [0.7269551721269141], rand. GsbUME: [0.10094138323587992]
GpebUME: [0.4064275239375772], rand. GpebUME: [0.1786810077478893]
true-subjectivity-vs.-prediction-error: [0.3222465414159795]
Calibrated on true subjectivity:
GsbUME: [0.0905646368362161]
GpebUME: [0.38467317653771615]
Calibrated on prediction score:
GsbUME: [0.20410276182685805]
GpebUME: [0.15600385753303223]
--------------------DEVEL--------------------
[0.91128577 0.94822265 0.93747142 0.88425444 0.92061231 0.93190693
 0.91463173 0.89336018 0.87695822 0.94142011 0.91062129 0.93402883
 0.92852434 0.94506214 0.93261911 0.93953741 0.92972118 0.9289682
 0.9089796  0.93224647 0.94494382 0.94939345 0.89441194 0.9048502
 0.91747934 0.87197558 0.93892787 0.93937424 0.87344957 0.89001097
 0.92462855 0.91646323 0.91604934 0.9090416  0.91759699 0.92313431
 0.94017598 0.8513969  0.92895053 0.92332783 0.89896501 0.93480697
 0.94578245 0.92915649 0.90943228 0.87413911 0.94642344 0.94981255
 0.93444094 0.92101741 0.92405724 0.93491931 0.93668488 0.90672639
 0.91720959 0.93734373 0.94492845 0.88097125 0.92664597 0.92951046
 0.92853286 0.93020517]
[-0.0130525   0.32437876  0.04959703  0.08391025  0.3826152   0.01552276
  0.16770744  0.13971439  0.10209735  0.05524743  0.10446028  0.02927979
  0.02357653  0.0369132   0.06175379  0.01752151  0.04637047  0.10108344
  0.14549306  0.17158309  0.08435814  0.01003089  0.13734835  0.21380422
  0.09840287  0.0844828   0.04481249  0.04017502 -0.01202978  0.04896013
  0.13084999  0.04699508  0.1332952   0.1428969   0.19155914  0.24818918
  0.25566846  0.13901533  0.4145926   0.07989263  0.41103888  0.06088544
  0.19382446  0.00105457  0.09919863  0.05652939  0.04447209  0.08153148
  0.10764001  0.04806979  0.12428512  0.24273096  0.17976335  0.04811273
  0.21161598  0.06684908  0.30449116  0.25658992  0.17554843  0.23139746
  0.23430511  0.22782937]
[0.91592959 0.94633537 0.9349122  0.88184838 0.92733541 0.94465515
 0.9121236  0.88792284 0.88553228 0.94534281 0.89555388 0.92249886
 0.90929374 0.94224082 0.91597832 0.93625866 0.93465362 0.9293412
 0.89654972 0.919353   0.94447202 0.94649378 0.86749293 0.90252311
 0.90767402 0.86771555 0.93811049 0.94163318 0.85944178 0.84073301
 0.92480071 0.92627285 0.91716182 0.92020971 0.92942146 0.92634932
 0.94210931 0.84104593 0.93805755 0.92442822 0.90040316 0.93595353
 0.94793446 0.92303416 0.90690586 0.88642995 0.94430942 0.9468679
 0.92163105 0.91491374 0.92506581 0.9360512  0.93677073 0.9162259
 0.92669132 0.94009278 0.94200699 0.9019915  0.8980295  0.93346793
 0.92643765 0.93458055]
Uncalibrated scores and benchmarking with random uncertainty quntification:
GsbUME: [0.7894962094377019], rand. GsbUME: [0.0942631412421552]
GpebUME: [0.5371626541160643], rand. GpebUME: [0.22935343762257257]
true-subjectivity-vs.-prediction-error: [0.2766352871717018]
Calibrated on true subjectivity:
GsbUME: [0.08207532666034142]
GpebUME: [0.2707164014628288]
Calibrated on prediction score:
GsbUME: [0.24938969735674862]
GpebUME: [0.15038454376155255]
Traceback (most recent call last):
  File "/nas/student/NicolasKolbenschlag/emotion_uncertainty_bachelorarbeit/MuSe-LSTM-Attention-baseline-model/emotion_recognition/main_uncertainty.py", line 347, in <module>
    main(params)
  File "/nas/student/NicolasKolbenschlag/emotion_uncertainty_bachelorarbeit/MuSe-LSTM-Attention-baseline-model/emotion_recognition/main_uncertainty.py", line 253, in main
    test_ccc, test_pcc, test_rmse = train.evaluate_mc_dropout(model, data_loader['test'], params)
  File "/nas/student/NicolasKolbenschlag/emotion_uncertainty_bachelorarbeit/MuSe-LSTM-Attention-baseline-model/emotion_recognition/train.py", line 498, in evaluate_mc_dropout
    features, feature_lens, labels, meta, _ = batch_data
ValueError: too many values to unpack (expected 5)
slurmstepd: Exceeded step memory limit at some point.
slurmstepd: Exceeded job memory limit at some point.
