MuSe-LSTM-Attention-baseline-model/emotion_recognition/main_uncertainty.py --feature_set bert-4 --emo_dim_set valence --epochs 100 --refresh --n_seeds 2 --seed 314 --predict --attn --rnn_bi --loss ccc --uncertainty_approach monte_carlo_dropout --attn_dr .5 --out_dr .5 --rnn_n_layers 2 --rnn_dr .5
Constructing dataset and data loader ...
Constructing data from scratch ...
Found cached annotator 2 video mapping.
Constructing data from scratch ...
No label preprocessing (min -0.6726, max 1.0).
Found cached annotator 2 video mapping.
Constructing data from scratch ...
No label preprocessing (min -1.0, max 1.0).
Found cached annotator 2 video mapping.
Constructing data from scratch ...
No label preprocessing (min -0.7353, max 0.80704).
Found cached annotator 2 video mapping.
Constructing data from scratch ...
No label preprocessing (min -0.9549, max 1.0).
Found cached annotator 2 video mapping.
Constructing data from scratch ...
No label preprocessing (min -0.9706, max 0.9218999999999999).
Found cached annotator 2 video mapping.
Constructing data from scratch ...
No label preprocessing (min -0.39030000000000004, max 0.4687).
Found cached annotator 2 video mapping.
Constructing data from scratch ...
No label preprocessing (min -0.98725, max 1.0).
Found cached annotator 2 video mapping.
Constructing data from scratch ...
No label preprocessing (min -0.8137000000000001, max 1.0).
Found cached annotator 2 video mapping.
Constructing data from scratch ...
Exception for annotator 9: 9
Found cached annotator 2 video mapping.
Constructing data from scratch ...
Exception for annotator 10: 10
Found cached annotator 2 video mapping.
Constructing data from scratch ...
Exception for annotator 11: 11
Found cached annotator 2 video mapping.
Constructing data from scratch ...
Exception for annotator 12: 12
Found cached annotator 2 video mapping.
Constructing data from scratch ...
Exception for annotator 13: 13
Found cached annotator 2 video mapping.
Constructing data from scratch ...
Exception for annotator 14: 14
Found cached annotator 2 video mapping.
Constructing data from scratch ...
No label preprocessing (min -0.58476, max 1.0).
Found cached annotator 2 video mapping.
Constructing data from scratch ...
Exception for annotator 16: 16
Found cached annotator 2 video mapping.
Constructing data from scratch ...
Exception for annotator 17: 17
Samples in partitions: (3132, 62, 64)
Input feature dim: 768.
==================================================
Training model... [seed 314]
Note: target can not be optimized for 15 consecutive epochs, early stop the training process!
Seed 314 | Best [Val CCC]: 0.4312 [' 0.4312']| Loss: 0.6175 | PCC: 0.4429 ['0.4429'] | RMSE: 0.1844 ['0.1844']
/nas/student/NicolasKolbenschlag/emotion_uncertainty_bachelorarbeit/MuSe-LSTM-Attention-baseline-model/emotion_recognition/uncertainty_utilities.py:74: RuntimeWarning: invalid value encountered in true_divide
  tmp = tmp / tmp.max()
On Test (uncal.): sbUME nan | pebUME(3) 0.4120 | pebUME(5) 0.4033 | pebUME(7) 0.4042 | pebUME(10) nan | Cv 0.6972
On Test (cal.): sbUME nan | pebUME(3) 0.5208 | pebUME(5) 0.5197 | pebUME(7) 0.5181 | pebUME(10) nan | Cv 0.3365
/nas/student/NicolasKolbenschlag/emotion_uncertainty_bachelorarbeit/MuSe-LSTM-Attention-baseline-model/emotion_recognition/uncertainty_utilities.py:74: RuntimeWarning: invalid value encountered in true_divide
  tmp = tmp / tmp.max()
On Test: CCC  0.6050 | PCC  0.6196 | RMSE  0.1611
==================================================
Training model... [seed 315]
slurmstepd: *** JOB 110910 ON eihw-gpu2 CANCELLED AT 2021-05-16T19:06:06 ***
slurmstepd: Exceeded step memory limit at some point.
slurmstepd: Exceeded job memory limit at some point.
