MuSe-LSTM-Attention-baseline-model/emotion_recognition/main_calibration.py --feature_set bert-4 --emo_dim_set valence --epochs 1 --refresh --n_seeds 1 --seed 314 --predict --attn --rnn_bi --loss ccc --uncertainty_approach monte_carlo_dropout --attn_dr .3 --out_dr .3
Constructing dataset and data loader ...
Constructing data from scratch ...
Found cached annotator 2 video mapping.
Constructing data from scratch ...
No label preprocessing (min -0.6726, max 1.0).
Found cached annotator 2 video mapping.
Constructing data from scratch ...
No label preprocessing (min -1.0, max 1.0).
Found cached annotator 2 video mapping.
Constructing data from scratch ...
No label preprocessing (min -0.7353, max 0.80704).
Found cached annotator 2 video mapping.
Constructing data from scratch ...
No label preprocessing (min -0.9549, max 1.0).
----------------------------------------------------------------------------------------------------
train
[[1.9400e+02 1.9750e+04 1.0000e+00]
 [1.9400e+02 2.0000e+04 1.0000e+00]
 [1.9400e+02 2.0250e+04 1.0000e+00]
 [1.9400e+02 2.0500e+04 1.0000e+00]
 [1.9400e+02 2.0750e+04 1.0000e+00]
 [1.9400e+02 2.1000e+04 1.0000e+00]
 [1.9400e+02 2.1250e+04 1.0000e+00]
 [1.9400e+02 2.1500e+04 1.0000e+00]
 [1.9400e+02 2.1750e+04 1.0000e+00]
 [1.9400e+02 2.2000e+04 1.0000e+00]
 [1.9400e+02 2.2250e+04 1.0000e+00]
 [1.9400e+02 2.2500e+04 1.0000e+00]
 [1.9400e+02 5.8250e+04 2.0000e+00]
 [1.9400e+02 5.8500e+04 2.0000e+00]
 [1.9400e+02 5.8750e+04 2.0000e+00]
 [1.9400e+02 5.9000e+04 2.0000e+00]
 [1.9400e+02 5.9250e+04 2.0000e+00]
 [1.9400e+02 5.9500e+04 2.0000e+00]
 [1.9400e+02 5.9750e+04 2.0000e+00]
 [1.9400e+02 6.0000e+04 2.0000e+00]
 [1.9400e+02 6.0250e+04 2.0000e+00]
 [1.9400e+02 6.0500e+04 2.0000e+00]
 [1.9400e+02 6.0750e+04 2.0000e+00]
 [1.9400e+02 6.1000e+04 2.0000e+00]
 [1.9400e+02 6.1250e+04 2.0000e+00]
 [1.9400e+02 6.1500e+04 2.0000e+00]
 [1.9400e+02 6.1750e+04 2.0000e+00]
 [1.9400e+02 6.2000e+04 2.0000e+00]
 [1.9400e+02 6.2250e+04 2.0000e+00]
 [1.9400e+02 6.2500e+04 2.0000e+00]
 [1.9400e+02 6.2750e+04 2.0000e+00]
 [1.9400e+02 6.3000e+04 2.0000e+00]
 [1.9400e+02 6.3250e+04 2.0000e+00]
 [1.9400e+02 6.3500e+04 2.0000e+00]
 [1.9400e+02 6.3750e+04 2.0000e+00]
 [1.9400e+02 6.4000e+04 2.0000e+00]
 [1.9400e+02 6.4250e+04 2.0000e+00]
 [1.9400e+02 6.4500e+04 2.0000e+00]
 [1.9400e+02 6.4750e+04 2.0000e+00]
 [1.9400e+02 6.5000e+04 2.0000e+00]
 [1.9400e+02 6.5250e+04 2.0000e+00]
 [1.9400e+02 6.5500e+04 2.0000e+00]
 [1.9400e+02 6.5750e+04 2.0000e+00]
 [1.9400e+02 6.6000e+04 2.0000e+00]
 [1.9400e+02 6.6250e+04 2.0000e+00]
 [1.9400e+02 6.6500e+04 2.0000e+00]
 [1.9400e+02 6.6750e+04 2.0000e+00]
 [1.9400e+02 6.7000e+04 2.0000e+00]
 [1.9400e+02 6.7250e+04 2.0000e+00]
 [1.9400e+02 6.7500e+04 2.0000e+00]
 [1.9400e+02 6.7750e+04 2.0000e+00]
 [1.9400e+02 6.8000e+04 2.0000e+00]
 [1.9400e+02 6.8250e+04 2.0000e+00]
 [1.9400e+02 6.8500e+04 2.0000e+00]
 [1.9400e+02 6.8750e+04 2.0000e+00]
 [1.9400e+02 6.9000e+04 2.0000e+00]
 [1.9400e+02 6.9250e+04 2.0000e+00]
 [1.9400e+02 6.9500e+04 2.0000e+00]
 [1.9400e+02 6.9750e+04 2.0000e+00]
 [1.9400e+02 7.0000e+04 2.0000e+00]
 [1.9400e+02 7.0250e+04 2.0000e+00]
 [1.9400e+02 7.0500e+04 2.0000e+00]
 [1.9400e+02 7.0750e+04 2.0000e+00]
 [1.9400e+02 7.1000e+04 2.0000e+00]
 [1.9400e+02 7.1250e+04 2.0000e+00]
 [1.9400e+02 7.1500e+04 2.0000e+00]
 [1.9400e+02 7.1750e+04 2.0000e+00]
 [1.9400e+02 7.2000e+04 2.0000e+00]
 [1.9400e+02 7.2250e+04 2.0000e+00]
 [1.9400e+02 7.2500e+04 2.0000e+00]
 [1.9400e+02 7.2750e+04 2.0000e+00]
 [1.9400e+02 7.3000e+04 2.0000e+00]
 [1.9400e+02 7.3250e+04 2.0000e+00]
 [1.9400e+02 7.3500e+04 2.0000e+00]
 [1.9400e+02 7.3750e+04 2.0000e+00]
 [1.9400e+02 7.4000e+04 2.0000e+00]
 [1.9400e+02 7.4250e+04 2.0000e+00]
 [1.9400e+02 7.4500e+04 2.0000e+00]
 [1.9400e+02 7.4750e+04 2.0000e+00]
 [1.9400e+02 7.5000e+04 2.0000e+00]
 [1.9400e+02 7.5250e+04 2.0000e+00]
 [1.9400e+02 7.5500e+04 2.0000e+00]
 [1.9400e+02 7.5750e+04 2.0000e+00]
 [1.9400e+02 7.6000e+04 2.0000e+00]
 [1.9400e+02 7.6250e+04 2.0000e+00]
 [1.9400e+02 7.6500e+04 2.0000e+00]
 [1.9400e+02 7.6750e+04 2.0000e+00]
 [1.9400e+02 7.7000e+04 2.0000e+00]
 [1.9400e+02 7.7250e+04 2.0000e+00]
 [1.9400e+02 7.7500e+04 2.0000e+00]
 [1.9400e+02 7.7750e+04 2.0000e+00]
 [1.9400e+02 7.8000e+04 2.0000e+00]
 [1.9400e+02 7.8250e+04 2.0000e+00]
 [1.9400e+02 7.8500e+04 2.0000e+00]
 [1.9400e+02 7.8750e+04 2.0000e+00]
 [1.9400e+02 7.9000e+04 2.0000e+00]
 [1.9400e+02 7.9250e+04 2.0000e+00]
 [1.9400e+02 7.9500e+04 2.0000e+00]
 [1.9400e+02 7.9750e+04 2.0000e+00]
 [1.9400e+02 8.0000e+04 2.0000e+00]
 [1.9400e+02 8.0250e+04 2.0000e+00]
 [1.9400e+02 8.0500e+04 2.0000e+00]
 [1.9400e+02 8.0750e+04 2.0000e+00]
 [1.9400e+02 8.1000e+04 2.0000e+00]
 [1.9400e+02 8.1250e+04 2.0000e+00]
 [1.9400e+02 8.1500e+04 2.0000e+00]
 [1.9400e+02 8.1750e+04 2.0000e+00]
 [1.9400e+02 8.2000e+04 2.0000e+00]
 [1.9400e+02 8.2250e+04 2.0000e+00]
 [1.9400e+02 8.2500e+04 2.0000e+00]
 [1.9400e+02 8.2750e+04 2.0000e+00]
 [1.9400e+02 8.3000e+04 2.0000e+00]
 [1.9400e+02 8.3250e+04 2.0000e+00]
 [1.9400e+02 8.3500e+04 2.0000e+00]
 [1.9400e+02 8.3750e+04 2.0000e+00]
 [1.9400e+02 8.4000e+04 2.0000e+00]
 [1.9400e+02 8.4250e+04 2.0000e+00]
 [1.9400e+02 8.4500e+04 2.0000e+00]
 [1.9400e+02 8.4750e+04 2.0000e+00]
 [1.9400e+02 8.5000e+04 2.0000e+00]
 [1.9400e+02 8.5250e+04 2.0000e+00]
 [1.9400e+02 8.5500e+04 2.0000e+00]
 [1.9400e+02 8.5750e+04 2.0000e+00]
 [1.9400e+02 8.6000e+04 2.0000e+00]
 [1.9400e+02 8.6250e+04 2.0000e+00]
 [1.9400e+02 8.6500e+04 3.0000e+00]
 [1.9400e+02 8.6750e+04 3.0000e+00]
 [1.9400e+02 8.7000e+04 3.0000e+00]
 [1.9400e+02 8.7250e+04 3.0000e+00]
 [1.9400e+02 8.7500e+04 3.0000e+00]
 [1.9400e+02 8.7750e+04 3.0000e+00]
 [1.9400e+02 8.8000e+04 3.0000e+00]
 [1.9400e+02 8.8250e+04 3.0000e+00]
 [1.9400e+02 8.8500e+04 3.0000e+00]
 [1.9400e+02 8.8750e+04 3.0000e+00]
 [1.9400e+02 8.9000e+04 3.0000e+00]
 [1.9400e+02 8.9250e+04 3.0000e+00]
 [1.9400e+02 8.9500e+04 3.0000e+00]
 [1.9400e+02 8.9750e+04 3.0000e+00]
 [1.9400e+02 9.0000e+04 3.0000e+00]
 [1.9400e+02 9.0250e+04 3.0000e+00]
 [1.9400e+02 9.0500e+04 3.0000e+00]
 [1.9400e+02 9.0750e+04 3.0000e+00]
 [1.9400e+02 9.1000e+04 3.0000e+00]
 [1.9400e+02 9.1250e+04 3.0000e+00]
 [1.9400e+02 9.1500e+04 3.0000e+00]
 [1.9400e+02 9.1750e+04 3.0000e+00]
 [1.9400e+02 9.2000e+04 3.0000e+00]
 [1.9400e+02 9.2250e+04 3.0000e+00]
 [1.9400e+02 9.2500e+04 3.0000e+00]
 [1.9400e+02 9.2750e+04 3.0000e+00]
 [1.9400e+02 9.3000e+04 3.0000e+00]
 [1.9400e+02 9.3250e+04 3.0000e+00]
 [1.9400e+02 9.3500e+04 3.0000e+00]
 [1.9400e+02 9.3750e+04 3.0000e+00]
 [1.9400e+02 9.4000e+04 3.0000e+00]
 [1.9400e+02 9.4250e+04 3.0000e+00]
 [1.9400e+02 9.4500e+04 3.0000e+00]
 [1.9400e+02 9.4750e+04 3.0000e+00]
 [1.9400e+02 9.5000e+04 3.0000e+00]
 [1.9400e+02 9.5250e+04 3.0000e+00]
 [1.9400e+02 9.5500e+04 3.0000e+00]
 [1.9400e+02 9.5750e+04 3.0000e+00]
 [1.9400e+02 9.6000e+04 3.0000e+00]
 [1.9400e+02 9.6250e+04 3.0000e+00]
 [1.9400e+02 9.6500e+04 3.0000e+00]
 [1.9400e+02 9.6750e+04 3.0000e+00]
 [1.9400e+02 9.7000e+04 3.0000e+00]
 [1.9400e+02 9.7250e+04 3.0000e+00]
 [1.9400e+02 9.7500e+04 3.0000e+00]
 [1.9400e+02 9.7750e+04 3.0000e+00]
 [1.9400e+02 9.8000e+04 3.0000e+00]
 [1.9400e+02 9.8250e+04 3.0000e+00]
 [1.9400e+02 9.8500e+04 3.0000e+00]
 [1.9400e+02 9.8750e+04 3.0000e+00]
 [1.9400e+02 9.9000e+04 3.0000e+00]
 [1.9400e+02 9.9250e+04 3.0000e+00]
 [1.9400e+02 9.9500e+04 3.0000e+00]
 [1.9400e+02 9.9750e+04 3.0000e+00]
 [1.9400e+02 1.0000e+05 3.0000e+00]
 [1.9400e+02 1.0025e+05 3.0000e+00]
 [1.9400e+02 1.0050e+05 3.0000e+00]
 [1.9400e+02 1.0075e+05 3.0000e+00]
 [1.9400e+02 1.0100e+05 3.0000e+00]
 [1.9400e+02 1.0125e+05 3.0000e+00]
 [1.9400e+02 1.0150e+05 3.0000e+00]
 [1.9400e+02 1.0175e+05 3.0000e+00]
 [1.9400e+02 1.0200e+05 3.0000e+00]
 [1.9400e+02 1.0225e+05 3.0000e+00]
 [1.9400e+02 1.0250e+05 3.0000e+00]
 [1.9400e+02 1.0275e+05 3.0000e+00]
 [1.9400e+02 1.0300e+05 3.0000e+00]
 [1.9400e+02 1.0325e+05 3.0000e+00]
 [1.9400e+02 1.0350e+05 3.0000e+00]
 [1.9400e+02 1.0375e+05 3.0000e+00]
 [1.9400e+02 1.0400e+05 3.0000e+00]
 [1.9400e+02 1.0425e+05 3.0000e+00]
 [1.9400e+02 1.0450e+05 3.0000e+00]
 [1.9400e+02 1.0475e+05 3.0000e+00]
 [1.9400e+02 1.0500e+05 3.0000e+00]]
----------------------------------------------------------------------------------------------------
