/nas/student/NicolasKolbenschlag/emotion_uncertainty_bachelorarbeit/MuSe-LSTM-Attention-baseline-model/emotion_recognition/main_uncertainty.py --feature_set bert-4 --emo_dim_set valence --epochs 100 --refresh --n_seeds 1 --seed 314 --attn --rnn_bi --uncertainty_approach quantile_regression --loss tiltedCCC
Constructing dataset and data loader ...
Constructing data from scratch ...
Calculating subjectivities among annotators from sratch...
Found cached annotator 2 video mapping.
Constructing data from scratch ...
No label preprocessing (min -0.6726, max 1.0).
Found cached annotator 2 video mapping.
Constructing data from scratch ...
No label preprocessing (min -1.0, max 1.0).
Found cached annotator 2 video mapping.
Constructing data from scratch ...
No label preprocessing (min -0.7353, max 0.80704).
Found cached annotator 2 video mapping.
Constructing data from scratch ...
No label preprocessing (min -0.9549, max 1.0).
Found cached annotator 2 video mapping.
Constructing data from scratch ...
No label preprocessing (min -0.9706, max 0.9218999999999999).
Found cached annotator 2 video mapping.
Constructing data from scratch ...
No label preprocessing (min -0.39030000000000004, max 0.4687).
Found cached annotator 2 video mapping.
Constructing data from scratch ...
No label preprocessing (min -0.98725, max 1.0).
Found cached annotator 2 video mapping.
Constructing data from scratch ...
No label preprocessing (min -0.8137000000000001, max 1.0).
Found cached annotator 2 video mapping.
Constructing data from scratch ...
Exception for annotator 9: 9
Found cached annotator 2 video mapping.
Constructing data from scratch ...
Exception for annotator 10: 10
Found cached annotator 2 video mapping.
Constructing data from scratch ...
Exception for annotator 11: 11
Found cached annotator 2 video mapping.
Constructing data from scratch ...
Exception for annotator 12: 12
Found cached annotator 2 video mapping.
Constructing data from scratch ...
Exception for annotator 13: 13
Found cached annotator 2 video mapping.
Constructing data from scratch ...
Exception for annotator 14: 14
Found cached annotator 2 video mapping.
Constructing data from scratch ...
No label preprocessing (min -0.58476, max 1.0).
Found cached annotator 2 video mapping.
Constructing data from scratch ...
Exception for annotator 16: 16
Found cached annotator 2 video mapping.
Constructing data from scratch ...
Exception for annotator 17: 17
Subjectivities calculated.
Samples in partitions: (3132, 62, 64)
Input feature dim: 768.
==================================================
Training model... [seed 314]
tCCC output nodes: tensor([0.9484, 0.9540, 0.9336])
tCCC output nodes: tensor([0.9901, 0.9796, 1.0309])
tCCC output nodes: tensor([0.9878, 1.0221, 0.9705])
tCCC output nodes: tensor([0.9189, 0.9365, 0.9333])
tCCC output nodes: tensor([0.9188, 0.9622, 0.9441])
tCCC output nodes: tensor([0.8835, 0.9845, 0.8864])
tCCC output nodes: tensor([0.9027, 0.9652, 0.8718])
tCCC output nodes: tensor([0.9748, 0.9366, 0.9444])
tCCC output nodes: tensor([0.9363, 0.9471, 0.9703])
tCCC output nodes: tensor([0.8947, 0.8540, 0.8761])
tCCC output nodes: tensor([0.8879, 0.9705, 0.8921])
tCCC output nodes: tensor([0.9366, 0.9241, 0.9298])
tCCC output nodes: tensor([0.9050, 0.9463, 0.9019])
tCCC output nodes: tensor([0.8883, 0.9514, 0.8519])
tCCC output nodes: tensor([0.8101, 0.6748, 0.8398])
tCCC output nodes: tensor([0.9332, 0.9408, 0.9272])
tCCC output nodes: tensor([0.9499, 0.9391, 0.9922])
tCCC output nodes: tensor([0.9328, 0.9665, 0.9357])
tCCC output nodes: tensor([0.9553, 0.9296, 0.9306])
tCCC output nodes: tensor([0.9552, 0.9488, 0.9460])
tCCC output nodes: tensor([0.9302, 0.9098, 0.9113])
tCCC output nodes: tensor([0.8978, 0.8826, 0.8947])
tCCC output nodes: tensor([0.8518, 0.9160, 0.9053])
tCCC output nodes: tensor([0.9936, 0.8888, 0.9958])
tCCC output nodes: tensor([0.9092, 0.9702, 0.9342])
tCCC output nodes: tensor([0.9382, 0.8371, 0.9286])
tCCC output nodes: tensor([0.9352, 0.8969, 0.9350])
tCCC output nodes: tensor([0.9602, 0.9424, 0.9631])
tCCC output nodes: tensor([0.9779, 0.9773, 0.9663])
tCCC output nodes: tensor([0.9530, 0.9353, 1.0049])
tCCC output nodes: tensor([0.9119, 0.9687, 0.8898])
tCCC output nodes: tensor([0.8089, 0.9633, 0.7771])
tCCC output nodes: tensor([0.8195, 0.7515, 0.8045])
tCCC output nodes: tensor([0.9525, 0.9616, 0.9103])
tCCC output nodes: tensor([1.0053, 0.9826, 0.9659])
tCCC output nodes: tensor([0.8456, 0.8552, 0.8055])
tCCC output nodes: tensor([0.9620, 0.9443, 0.9840])
tCCC output nodes: tensor([0.9352, 1.0316, 0.9370])
tCCC output nodes: tensor([0.9471, 0.9655, 0.9468])
tCCC output nodes: tensor([0.9367, 0.8800, 0.9186])
tCCC output nodes: tensor([0.8957, 0.8964, 0.9138])
tCCC output nodes: tensor([0.9648, 0.9823, 0.9578])
tCCC output nodes: tensor([1.0314, 0.9530, 0.9592])
tCCC output nodes: tensor([0.9891, 1.0025, 0.9893])
tCCC output nodes: tensor([0.9625, 0.9783, 0.9742])
tCCC output nodes: tensor([0.9770, 0.9899, 0.9933])
tCCC output nodes: tensor([0.9683, 0.8991, 0.9384])
tCCC output nodes: tensor([0.9390, 0.8973, 0.9245])
tCCC output nodes: tensor([0.9127, 0.8884, 0.8953])
tCCC output nodes: tensor([0.9727, 0.9836, 0.9589])
tCCC output nodes: tensor([0.9710, 0.9862, 0.9731])
tCCC output nodes: tensor([0.9329, 0.8993, 0.9654])
tCCC output nodes: tensor([0.9770, 0.9332, 0.9086])
tCCC output nodes: tensor([0.9985, 1.0181, 0.9973])
tCCC output nodes: tensor([0.8724, 0.9194, 0.8796])
tCCC output nodes: tensor([0.8960, 0.9479, 0.9208])
tCCC output nodes: tensor([0.8773, 0.9183, 0.8637])
tCCC output nodes: tensor([0.8502, 0.9236, 0.8590])
tCCC output nodes: tensor([0.9500, 0.9715, 0.9579])
tCCC output nodes: tensor([0.9072, 0.9704, 0.9283])
tCCC output nodes: tensor([0.9013, 0.8999, 0.8930])
tCCC output nodes: tensor([0.9125, 0.9364, 0.9183])
tCCC output nodes: tensor([0.9423, 0.8434, 0.8832])
tCCC output nodes: tensor([0.9594, 0.9865, 0.9517])
tCCC output nodes: tensor([0.9667, 1.0649, 0.9525])
tCCC output nodes: tensor([0.8985, 0.9042, 0.9143])
tCCC output nodes: tensor([0.8889, 0.7747, 0.9168])
tCCC output nodes: tensor([0.8888, 0.9670, 0.9034])
tCCC output nodes: tensor([0.9079, 0.9534, 0.8746])
tCCC output nodes: tensor([0.9606, 0.8232, 0.9571])
tCCC output nodes: tensor([0.9440, 0.9340, 0.9876])
tCCC output nodes: tensor([0.8754, 0.9028, 0.8390])
tCCC output nodes: tensor([0.8899, 0.9215, 0.8626])
tCCC output nodes: tensor([0.9177, 0.8031, 0.8873])
tCCC output nodes: tensor([0.8700, 0.9504, 0.8568])
tCCC output nodes: tensor([0.8385, 0.9471, 0.8292])
tCCC output nodes: tensor([0.7944, 0.8708, 0.7755])
tCCC output nodes: tensor([0.9301, 0.9577, 0.9312])
tCCC output nodes: tensor([0.9478, 0.8189, 0.9180])
tCCC output nodes: tensor([0.9085, 0.8675, 0.8831])
tCCC output nodes: tensor([0.9036, 0.9800, 0.8666])
tCCC output nodes: tensor([0.9278, 0.9460, 0.8538])
tCCC output nodes: tensor([0.9132, 0.8994, 0.8579])
tCCC output nodes: tensor([0.8887, 0.8149, 0.8376])
tCCC output nodes: tensor([0.8604, 0.8230, 0.8421])
tCCC output nodes: tensor([0.9539, 0.9651, 0.9316])
tCCC output nodes: tensor([0.9191, 0.9671, 0.9057])
tCCC output nodes: tensor([0.9365, 0.9401, 0.9236])
tCCC output nodes: tensor([0.9446, 0.7611, 0.9487])
tCCC output nodes: tensor([0.9523, 0.9368, 1.0043])
tCCC output nodes: tensor([0.9747, 0.8792, 0.9519])
tCCC output nodes: tensor([0.9639, 0.9600, 0.9451])
tCCC output nodes: tensor([0.9194, 0.9611, 0.8738])
tCCC output nodes: tensor([0.7981, 0.7050, 0.7696])
tCCC output nodes: tensor([0.7993, 0.7393, 0.7297])
tCCC output nodes: tensor([0.9048, 0.9736, 0.8920])
tCCC output nodes: tensor([1.0641, 0.9717, 1.0091])
tCCC output nodes: tensor([0.8448, 0.7891, 0.8603])
tCCC output nodes: tensor([0.9830, 0.8557, 0.9797])
tCCC output nodes: tensor([0.9414, 1.0140, 0.9150])
tCCC output nodes: tensor([0.9439, 0.9068, 0.8864])
tCCC output nodes: tensor([0.9163, 0.7874, 0.9025])
tCCC output nodes: tensor([0.8939, 0.7851, 0.8715])
tCCC output nodes: tensor([0.9541, 0.9328, 0.9489])
tCCC output nodes: tensor([1.0565, 1.0057, 0.9484])
tCCC output nodes: tensor([0.9868, 0.9105, 1.0090])
tCCC output nodes: tensor([0.9623, 0.9354, 0.9362])
tCCC output nodes: tensor([0.9859, 0.9843, 1.0171])
tCCC output nodes: tensor([0.9690, 0.8783, 0.9201])
tCCC output nodes: tensor([0.9314, 0.9304, 0.9610])
tCCC output nodes: tensor([0.9131, 0.4365, 0.8713])
tCCC output nodes: tensor([0.9842, 0.8572, 0.9739])
tCCC output nodes: tensor([0.9810, 0.8399, 0.9769])
tCCC output nodes: tensor([0.9101, 0.6316, 0.9032])
tCCC output nodes: tensor([0.9768, 0.9274, 0.9451])
tCCC output nodes: tensor([0.9976, 1.0243, 0.9937])
tCCC output nodes: tensor([0.8595, 0.9408, 0.8940])
tCCC output nodes: tensor([0.9083, 0.8284, 0.9309])
tCCC output nodes: tensor([0.8784, 0.6259, 0.8987])
tCCC output nodes: tensor([0.8786, 0.6992, 0.8293])
tCCC output nodes: tensor([0.9433, 0.9623, 0.9528])
tCCC output nodes: tensor([0.9145, 0.9189, 0.9432])
tCCC output nodes: tensor([0.8635, 0.8632, 0.8604])
tCCC output nodes: tensor([0.8844, 0.9852, 0.9088])
tCCC output nodes: tensor([0.9186, 0.8102, 0.8410])
tCCC output nodes: tensor([1.0397, 0.9377, 1.0224])
tCCC output nodes: tensor([0.9504, 1.0520, 0.8893])
tCCC output nodes: tensor([0.9084, 0.7301, 0.8974])
tCCC output nodes: tensor([0.8846, 0.8233, 0.8775])
tCCC output nodes: tensor([0.8608, 0.9163, 0.9021])
tCCC output nodes: tensor([0.8949, 0.8395, 0.8386])
tCCC output nodes: tensor([0.9468, 0.8243, 0.8983])
tCCC output nodes: tensor([0.9279, 0.7947, 0.9612])
tCCC output nodes: tensor([0.8215, 0.7322, 0.8530])
tCCC output nodes: tensor([0.8425, 0.7776, 0.8202])
tCCC output nodes: tensor([0.9212, 0.7342, 0.8894])
tCCC output nodes: tensor([0.9197, 0.8981, 0.8511])
tCCC output nodes: tensor([0.8692, 0.9324, 0.8608])
tCCC output nodes: tensor([0.7736, 0.6465, 0.7663])
tCCC output nodes: tensor([0.9055, 0.8390, 0.9381])
tCCC output nodes: tensor([0.8924, 0.7269, 0.9022])
tCCC output nodes: tensor([0.8935, 0.8041, 0.8437])
tCCC output nodes: tensor([0.9123, 0.9510, 0.8574])
tCCC output nodes: tensor([0.9689, 0.7064, 0.9077])
tCCC output nodes: tensor([0.9419, 0.7355, 0.8966])
tCCC output nodes: tensor([0.8884, 0.8403, 0.8842])
tCCC output nodes: tensor([0.7730, 0.6756, 0.8187])
tCCC output nodes: tensor([0.9528, 0.8973, 0.9834])
tCCC output nodes: tensor([0.8918, 0.8356, 0.8839])
tCCC output nodes: tensor([0.9106, 0.7548, 0.8645])
tCCC output nodes: tensor([0.9230, 0.6650, 0.9404])
tCCC output nodes: tensor([0.9377, 0.8718, 0.9343])
tCCC output nodes: tensor([0.9762, 0.8497, 0.9760])
tCCC output nodes: tensor([0.9533, 0.7703, 0.9707])
tCCC output nodes: tensor([0.9097, 0.8260, 0.8925])
tCCC output nodes: tensor([0.7594, 0.8097, 0.7628])
tCCC output nodes: tensor([0.8347, 0.5706, 0.7447])
tCCC output nodes: tensor([0.9615, 0.7875, 0.9039])
tCCC output nodes: tensor([1.0149, 0.9510, 0.9572])
tCCC output nodes: tensor([0.8234, 0.7015, 0.8815])
tCCC output nodes: tensor([0.9174, 0.8147, 0.9324])
tCCC output nodes: tensor([0.9284, 0.9736, 0.9074])
tCCC output nodes: tensor([0.9160, 0.9052, 0.8772])
tCCC output nodes: tensor([0.9486, 0.6264, 0.9351])
tCCC output nodes: tensor([0.8863, 0.6742, 0.8512])
tCCC output nodes: tensor([0.9404, 0.8942, 0.9677])
tCCC output nodes: tensor([0.9798, 0.9600, 0.9963])
tCCC output nodes: tensor([0.9850, 0.9351, 0.9873])
tCCC output nodes: tensor([0.9617, 0.8478, 0.9369])
tCCC output nodes: tensor([0.9697, 0.9254, 0.9861])
tCCC output nodes: tensor([0.9254, 0.7645, 0.9071])
tCCC output nodes: tensor([0.9262, 0.8311, 0.9175])
tCCC output nodes: tensor([0.8640, 0.5389, 0.8669])
tCCC output nodes: tensor([0.9685, 0.8530, 0.9435])
tCCC output nodes: tensor([0.9608, 0.9060, 0.9590])
tCCC output nodes: tensor([0.9087, 0.6490, 0.8974])
tCCC output nodes: tensor([0.9477, 0.8159, 0.9047])
tCCC output nodes: tensor([0.9809, 0.8783, 0.9770])
tCCC output nodes: tensor([0.8507, 0.7795, 0.8587])
tCCC output nodes: tensor([0.9101, 0.8293, 0.9226])
tCCC output nodes: tensor([0.8847, 0.6264, 0.8762])
tCCC output nodes: tensor([0.8535, 0.6755, 0.8523])
tCCC output nodes: tensor([0.9462, 0.8761, 0.9247])
tCCC output nodes: tensor([0.9358, 0.8237, 0.9441])
tCCC output nodes: tensor([0.8759, 0.7159, 0.8586])
tCCC output nodes: tensor([0.9116, 0.8947, 0.9315])
tCCC output nodes: tensor([0.8852, 0.9063, 0.8382])
tCCC output nodes: tensor([0.9852, 0.9696, 0.9823])
tCCC output nodes: tensor([0.9995, 0.9683, 0.9518])
tCCC output nodes: tensor([0.9231, 0.7305, 0.9155])
tCCC output nodes: tensor([0.9133, 0.9273, 0.8930])
tCCC output nodes: tensor([0.8961, 0.9434, 0.8969])
tCCC output nodes: tensor([0.9375, 0.9007, 0.8576])
tCCC output nodes: tensor([0.9674, 0.8760, 0.9028])
tCCC output nodes: tensor([0.9341, 0.7334, 0.9724])
tCCC output nodes: tensor([0.8866, 0.7046, 0.8427])
tCCC output nodes: tensor([0.8664, 0.8633, 0.8031])
tCCC output nodes: tensor([0.9390, 0.9337, 0.8875])
tCCC output nodes: tensor([0.8966, 1.0025, 0.8842])
tCCC output nodes: tensor([0.8883, 0.9900, 0.8590])
tCCC output nodes: tensor([0.8073, 0.6123, 0.7538])
tCCC output nodes: tensor([0.9512, 0.8633, 0.9584])
tCCC output nodes: tensor([0.9446, 0.8881, 0.9162])
tCCC output nodes: tensor([0.9438, 0.9144, 0.8680])
tCCC output nodes: tensor([0.9179, 0.9773, 0.8180])
tCCC output nodes: tensor([0.9897, 0.8679, 0.9359])
tCCC output nodes: tensor([0.9111, 0.8404, 0.8612])
tCCC output nodes: tensor([0.9186, 0.8828, 0.8794])
tCCC output nodes: tensor([0.8568, 0.8627, 0.8711])
tCCC output nodes: tensor([0.9728, 0.8583, 0.9926])
tCCC output nodes: tensor([0.9050, 0.8508, 0.8808])
tCCC output nodes: tensor([0.9494, 0.8579, 0.9172])
tCCC output nodes: tensor([0.9168, 0.8626, 0.9439])
tCCC output nodes: tensor([0.9312, 0.9105, 0.9279])
tCCC output nodes: tensor([0.9569, 0.9533, 0.9731])
tCCC output nodes: tensor([0.9720, 0.8631, 0.9547])
tCCC output nodes: tensor([0.9048, 0.9004, 0.8853])
tCCC output nodes: tensor([0.8020, 0.9165, 0.8193])
tCCC output nodes: tensor([0.8631, 0.6888, 0.7407])
tCCC output nodes: tensor([0.9691, 0.8524, 0.9133])
tCCC output nodes: tensor([1.0601, 0.9887, 1.0498])
tCCC output nodes: tensor([0.8579, 0.8250, 0.8435])
tCCC output nodes: tensor([0.9272, 0.9020, 0.9632])
tCCC output nodes: tensor([0.9260, 0.9961, 0.9149])
tCCC output nodes: tensor([0.9053, 0.9495, 0.8511])
tCCC output nodes: tensor([0.9587, 0.8994, 0.9172])
tCCC output nodes: tensor([0.8813, 0.8340, 0.8353])
tCCC output nodes: tensor([0.9439, 0.9876, 0.9654])
tCCC output nodes: tensor([1.0024, 0.9486, 0.9714])
tCCC output nodes: tensor([0.9743, 0.9688, 1.0196])
tCCC output nodes: tensor([0.9458, 0.9111, 0.9132])
tCCC output nodes: tensor([0.9793, 0.9593, 0.9945])
tCCC output nodes: tensor([0.8925, 0.8779, 0.8810])
tCCC output nodes: tensor([0.9340, 0.9004, 0.9542])
tCCC output nodes: tensor([0.8829, 0.8551, 0.8568])
tCCC output nodes: tensor([1.0052, 0.9606, 0.9523])
tCCC output nodes: tensor([0.9891, 0.9530, 0.9912])
tCCC output nodes: tensor([0.9480, 0.8631, 0.9229])
tCCC output nodes: tensor([0.9685, 0.9406, 0.9391])
tCCC output nodes: tensor([0.9921, 0.9479, 0.9719])
tCCC output nodes: tensor([0.8806, 0.8368, 0.8656])
tCCC output nodes: tensor([0.9232, 0.9256, 0.9345])
tCCC output nodes: tensor([0.9208, 0.8000, 0.9274])
tCCC output nodes: tensor([0.8799, 0.8950, 0.8745])
tCCC output nodes: tensor([0.9052, 0.8256, 0.8856])
tCCC output nodes: tensor([0.9066, 0.9053, 0.9071])
tCCC output nodes: tensor([0.8812, 0.8044, 0.8467])
tCCC output nodes: tensor([0.8895, 0.9090, 0.8906])
tCCC output nodes: tensor([0.8691, 0.7991, 0.8121])
tCCC output nodes: tensor([1.0214, 0.9018, 1.0243])
tCCC output nodes: tensor([0.9586, 0.8770, 0.9414])
tCCC output nodes: tensor([0.8956, 0.7623, 0.8528])
tCCC output nodes: tensor([0.8664, 0.7567, 0.8657])
tCCC output nodes: tensor([0.8640, 0.9784, 0.8718])
tCCC output nodes: tensor([0.9358, 0.9524, 0.8830])
tCCC output nodes: tensor([0.9117, 0.9144, 0.8658])
tCCC output nodes: tensor([0.8933, 0.7465, 0.8910])
tCCC output nodes: tensor([0.8279, 0.8425, 0.7993])
tCCC output nodes: tensor([0.8611, 0.8374, 0.8327])
tCCC output nodes: tensor([0.9556, 0.9433, 0.9262])
tCCC output nodes: tensor([0.8624, 1.0026, 0.8280])
tCCC output nodes: tensor([0.8866, 0.9868, 0.8356])
tCCC output nodes: tensor([0.8043, 0.8412, 0.7559])
tCCC output nodes: tensor([0.9298, 0.9546, 0.9191])
tCCC output nodes: tensor([0.8961, 0.7846, 0.8575])
tCCC output nodes: tensor([0.9173, 0.8238, 0.8876])
tCCC output nodes: tensor([0.8926, 1.0046, 0.8363])
tCCC output nodes: tensor([0.9351, 0.8099, 0.9266])
tCCC output nodes: tensor([0.9351, 0.9120, 0.8811])
tCCC output nodes: tensor([0.8561, 0.7496, 0.8204])
tCCC output nodes: tensor([0.8597, 0.7916, 0.8719])
tCCC output nodes: tensor([0.9604, 0.9822, 0.9674])
tCCC output nodes: tensor([0.8538, 0.9404, 0.8702])
tCCC output nodes: tensor([0.8960, 0.9325, 0.8282])
tCCC output nodes: tensor([0.9279, 0.8634, 0.9350])
tCCC output nodes: tensor([0.9276, 0.9657, 0.8980])
tCCC output nodes: tensor([0.9901, 0.9219, 0.9902])
tCCC output nodes: tensor([0.9099, 0.9393, 0.9020])
tCCC output nodes: tensor([0.9226, 0.8876, 0.9089])
tCCC output nodes: tensor([0.8022, 0.7059, 0.7262])
tCCC output nodes: tensor([0.8138, 0.8503, 0.7260])
tCCC output nodes: tensor([0.9000, 0.9050, 0.8359])
tCCC output nodes: tensor([1.0467, 0.9926, 1.0230])
tCCC output nodes: tensor([0.8788, 0.6777, 0.8456])
tCCC output nodes: tensor([0.9451, 0.8195, 0.9289])
tCCC output nodes: tensor([0.9426, 1.0053, 0.9436])
tCCC output nodes: tensor([0.8785, 0.8041, 0.8182])
tCCC output nodes: tensor([0.9323, 0.9197, 0.8869])
tCCC output nodes: tensor([0.8683, 0.7382, 0.8160])
tCCC output nodes: tensor([0.9190, 0.9195, 0.8967])
tCCC output nodes: tensor([0.9840, 0.9880, 0.9998])
tCCC output nodes: tensor([1.0229, 0.9693, 1.0549])
tCCC output nodes: tensor([0.9449, 0.8800, 0.9348])
tCCC output nodes: tensor([0.9921, 0.9410, 0.9867])
tCCC output nodes: tensor([0.8862, 0.9104, 0.8398])
tCCC output nodes: tensor([0.9378, 0.9144, 0.9191])
tCCC output nodes: tensor([0.9012, 0.5453, 0.8851])
tCCC output nodes: tensor([0.9311, 0.8942, 0.8930])
tCCC output nodes: tensor([0.9386, 0.6848, 0.9405])
tCCC output nodes: tensor([0.9086, 0.7771, 0.8952])
tCCC output nodes: tensor([0.9470, 0.9820, 0.9072])
tCCC output nodes: tensor([0.9863, 0.8703, 0.9848])
tCCC output nodes: tensor([0.8642, 0.8877, 0.8241])
tCCC output nodes: tensor([0.9118, 0.8955, 0.9130])
tCCC output nodes: tensor([0.8913, 0.5842, 0.8500])
tCCC output nodes: tensor([0.8734, 0.7271, 0.8199])
tCCC output nodes: tensor([0.9366, 0.9151, 0.8572])
tCCC output nodes: tensor([0.8683, 0.7747, 0.8161])
tCCC output nodes: tensor([0.8813, 0.8002, 0.8125])
tCCC output nodes: tensor([0.8675, 0.9427, 0.8523])
tCCC output nodes: tensor([0.8869, 0.6306, 0.7948])
tCCC output nodes: tensor([0.9898, 0.9224, 0.9851])
tCCC output nodes: tensor([0.9366, 0.7381, 0.9107])
tCCC output nodes: tensor([0.8851, 0.5196, 0.8325])
tCCC output nodes: tensor([0.8721, 0.7703, 0.8613])
tCCC output nodes: tensor([0.8548, 0.9082, 0.8388])
tCCC output nodes: tensor([0.8971, 0.9570, 0.8899])
tCCC output nodes: tensor([0.9300, 0.9031, 0.9051])
tCCC output nodes: tensor([0.8874, 0.4789, 0.9181])
tCCC output nodes: tensor([0.7950, 0.6435, 0.7644])
tCCC output nodes: tensor([0.8492, 0.6841, 0.8218])
tCCC output nodes: tensor([0.9071, 0.8270, 0.8631])
tCCC output nodes: tensor([0.8459, 0.9833, 0.8271])
tCCC output nodes: tensor([0.8980, 0.8604, 0.8111])
tCCC output nodes: tensor([0.8121, 0.7382, 0.8027])
tCCC output nodes: tensor([0.9269, 0.9127, 0.8802])
tCCC output nodes: tensor([0.8983, 0.6291, 0.8654])
tCCC output nodes: tensor([0.8878, 0.6076, 0.8608])
tCCC output nodes: tensor([0.8573, 0.9764, 0.8339])
tCCC output nodes: tensor([0.9142, 0.5997, 0.8871])
tCCC output nodes: tensor([0.9220, 0.7902, 0.8574])
tCCC output nodes: tensor([0.8500, 0.5659, 0.8250])
tCCC output nodes: tensor([0.8290, 0.7120, 0.8500])
tCCC output nodes: tensor([0.9630, 0.9508, 0.9718])
tCCC output nodes: tensor([0.8546, 0.8772, 0.8789])
tCCC output nodes: tensor([0.9251, 0.8662, 0.9172])
tCCC output nodes: tensor([0.9491, 0.7057, 0.9134])
tCCC output nodes: tensor([0.9285, 0.8910, 0.8960])
tCCC output nodes: tensor([0.9854, 0.8897, 0.9298])
tCCC output nodes: tensor([0.9267, 0.8503, 0.9058])
tCCC output nodes: tensor([0.9517, 0.8107, 0.9135])
tCCC output nodes: tensor([0.7521, 0.6121, 0.6824])
tCCC output nodes: tensor([0.7871, 0.6662, 0.7145])
tCCC output nodes: tensor([0.9060, 0.6906, 0.8376])
tCCC output nodes: tensor([1.0289, 1.0686, 1.0523])
tCCC output nodes: tensor([0.8556, 0.4675, 0.8302])
tCCC output nodes: tensor([0.9324, 0.6823, 0.9247])
tCCC output nodes: tensor([0.9104, 1.0239, 0.9173])
tCCC output nodes: tensor([0.8729, 0.6510, 0.8127])
tCCC output nodes: tensor([0.9330, 0.8299, 0.8803])
tCCC output nodes: tensor([0.8748, 0.5566, 0.8171])
tCCC output nodes: tensor([0.9527, 0.8633, 0.9348])
tCCC output nodes: tensor([1.0397, 1.0271, 1.0492])
tCCC output nodes: tensor([0.9749, 0.8595, 1.0261])
tCCC output nodes: tensor([0.9545, 0.7063, 0.9140])
tCCC output nodes: tensor([0.9910, 0.7589, 0.9736])
tCCC output nodes: tensor([0.8809, 0.8357, 0.8429])
tCCC output nodes: tensor([0.9501, 0.8440, 0.9361])
tCCC output nodes: tensor([0.8880, 0.5575, 0.8959])
tCCC output nodes: tensor([0.9482, 0.6882, 0.8913])
tCCC output nodes: tensor([0.9443, 0.6660, 0.9397])
tCCC output nodes: tensor([0.9064, 0.6411, 0.8515])
tCCC output nodes: tensor([0.8953, 1.0173, 0.8963])
tCCC output nodes: tensor([0.9947, 0.7379, 0.9854])
tCCC output nodes: tensor([0.8516, 0.7445, 0.8203])
tCCC output nodes: tensor([0.9090, 0.7920, 0.8974])
tCCC output nodes: tensor([0.8671, 0.4051, 0.8580])
tCCC output nodes: tensor([0.8547, 0.6348, 0.7792])
tCCC output nodes: tensor([0.8518, 0.8245, 0.8370])
tCCC output nodes: tensor([0.8377, 0.5202, 0.7896])
tCCC output nodes: tensor([0.8425, 0.6342, 0.7667])
tCCC output nodes: tensor([0.8575, 0.7962, 0.8548])
tCCC output nodes: tensor([0.8541, 0.8242, 0.7257])
tCCC output nodes: tensor([0.9591, 0.9017, 0.9435])
tCCC output nodes: tensor([0.9270, 0.9314, 0.9064])
tCCC output nodes: tensor([0.8647, 0.6941, 0.7387])
tCCC output nodes: tensor([0.8473, 0.8722, 0.8509])
tCCC output nodes: tensor([0.8755, 0.9741, 0.8832])
tCCC output nodes: tensor([0.9187, 0.9217, 0.9569])
tCCC output nodes: tensor([0.9104, 0.8945, 0.8843])
tCCC output nodes: tensor([0.9031, 0.7234, 0.8544])
tCCC output nodes: tensor([0.8380, 0.5803, 0.8192])
tCCC output nodes: tensor([0.8565, 0.8621, 0.8321])
tCCC output nodes: tensor([0.9397, 0.8907, 0.9114])
tCCC output nodes: tensor([0.8427, 0.9669, 0.8676])
tCCC output nodes: tensor([0.9072, 0.9029, 0.8299])
tCCC output nodes: tensor([0.7820, 0.6889, 0.7853])
tCCC output nodes: tensor([0.8820, 0.8687, 0.8221])
tCCC output nodes: tensor([0.8892, 0.7511, 0.8203])
tCCC output nodes: tensor([0.8888, 0.8638, 0.8766])
tCCC output nodes: tensor([0.8578, 0.9462, 0.8681])
tCCC output nodes: tensor([0.9320, 0.8379, 0.9424])
tCCC output nodes: tensor([0.9081, 0.8157, 0.8427])
tCCC output nodes: tensor([0.8250, 0.7567, 0.7380])
tCCC output nodes: tensor([0.8233, 0.8482, 0.7675])
tCCC output nodes: tensor([0.9278, 0.7422, 0.8860])
tCCC output nodes: tensor([0.8953, 0.8536, 0.8207])
tCCC output nodes: tensor([0.8748, 0.7656, 0.8233])
tCCC output nodes: tensor([0.9159, 0.8070, 0.8868])
tCCC output nodes: tensor([0.8728, 0.8457, 0.7581])
tCCC output nodes: tensor([0.9316, 0.9571, 0.8774])
tCCC output nodes: tensor([0.9440, 0.8920, 0.9133])
tCCC output nodes: tensor([0.8669, 0.8816, 0.8195])
tCCC output nodes: tensor([0.7490, 0.8729, 0.6806])
tCCC output nodes: tensor([0.7865, 0.6690, 0.6151])
tCCC output nodes: tensor([0.8601, 0.6651, 0.7204])
tCCC output nodes: tensor([0.9813, 1.1027, 0.9777])
tCCC output nodes: tensor([0.8598, 0.7165, 0.8069])
tCCC output nodes: tensor([0.9220, 0.8756, 0.8785])
tCCC output nodes: tensor([0.9058, 1.0422, 0.8024])
tCCC output nodes: tensor([0.8636, 0.8792, 0.7813])
tCCC output nodes: tensor([0.9193, 0.8394, 0.8393])
tCCC output nodes: tensor([0.8604, 0.7668, 0.8015])
tCCC output nodes: tensor([0.9099, 0.9388, 0.9080])
tCCC output nodes: tensor([1.0186, 0.8589, 0.9320])
tCCC output nodes: tensor([0.9861, 0.9622, 1.0346])
tCCC output nodes: tensor([0.9227, 0.8554, 0.8609])
tCCC output nodes: tensor([0.9869, 0.9109, 0.9500])
tCCC output nodes: tensor([0.9113, 0.8071, 0.8609])
tCCC output nodes: tensor([0.9214, 0.7388, 0.8383])
tCCC output nodes: tensor([0.8807, 0.7991, 0.8164])
tCCC output nodes: tensor([0.9427, 0.9353, 0.8582])
tCCC output nodes: tensor([0.9359, 0.9506, 0.9293])
tCCC output nodes: tensor([0.9012, 0.8141, 0.8703])
tCCC output nodes: tensor([0.9239, 0.9726, 0.9566])
tCCC output nodes: tensor([0.9698, 0.9005, 0.9502])
tCCC output nodes: tensor([0.8096, 0.7627, 0.7306])
tCCC output nodes: tensor([0.8637, 0.9004, 0.8284])
tCCC output nodes: tensor([0.8667, 0.7772, 0.8572])
tCCC output nodes: tensor([0.7747, 0.8167, 0.7101])
tCCC output nodes: tensor([0.8375, 0.7566, 0.7623])
tCCC output nodes: tensor([0.8300, 0.8087, 0.7489])
tCCC output nodes: tensor([0.8217, 0.7225, 0.7376])
tCCC output nodes: tensor([0.8466, 0.6487, 0.7949])
tCCC output nodes: tensor([0.8170, 0.7485, 0.7458])
tCCC output nodes: tensor([0.9361, 0.4797, 0.8539])
tCCC output nodes: tensor([0.9176, 0.9202, 0.9000])
tCCC output nodes: tensor([0.8666, 0.4286, 0.8185])
tCCC output nodes: tensor([0.8457, 0.7774, 0.8580])
tCCC output nodes: tensor([0.9234, 0.8865, 0.8971])
tCCC output nodes: tensor([0.9228, 0.8468, 0.9265])
tCCC output nodes: tensor([0.9105, 0.8489, 0.8334])
tCCC output nodes: tensor([0.8898, 0.3636, 0.9293])
tCCC output nodes: tensor([0.8403, 0.6411, 0.7860])
tCCC output nodes: tensor([0.8784, 0.6495, 0.8218])
tCCC output nodes: tensor([0.8854, 0.8664, 0.8106])
tCCC output nodes: tensor([0.9130, 0.9760, 0.9300])
tCCC output nodes: tensor([0.8439, 0.6683, 0.8076])
tCCC output nodes: tensor([0.8752, 0.7806, 0.8434])
tCCC output nodes: tensor([0.8721, 0.9092, 0.8186])
tCCC output nodes: tensor([0.9005, 0.6669, 0.8382])
tCCC output nodes: tensor([0.9019, 0.6983, 0.8238])
tCCC output nodes: tensor([0.7748, 0.8140, 0.7272])
tCCC output nodes: tensor([0.8734, 0.6252, 0.8617])
tCCC output nodes: tensor([0.8726, 0.7276, 0.7975])
tCCC output nodes: tensor([0.8116, 0.5325, 0.7820])
tCCC output nodes: tensor([0.9296, 0.7464, 0.8899])
tCCC output nodes: tensor([0.9011, 0.8508, 0.8744])
tCCC output nodes: tensor([0.9061, 0.8363, 0.8314])
tCCC output nodes: tensor([0.8809, 0.8975, 0.8461])
tCCC output nodes: tensor([0.8632, 0.7011, 0.8634])
tCCC output nodes: tensor([0.8653, 0.7231, 0.7880])
tCCC output nodes: tensor([0.9428, 0.8603, 0.8769])
tCCC output nodes: tensor([0.8786, 0.9161, 0.8655])
tCCC output nodes: tensor([0.8866, 0.8345, 0.8480])
tCCC output nodes: tensor([0.7803, 0.8596, 0.7236])
tCCC output nodes: tensor([0.7145, 0.6977, 0.6103])
tCCC output nodes: tensor([0.8817, 0.7819, 0.8043])
tCCC output nodes: tensor([1.0326, 0.9577, 0.9948])
tCCC output nodes: tensor([0.9055, 0.6063, 0.8747])
tCCC output nodes: tensor([0.9330, 0.6925, 0.8893])
tCCC output nodes: tensor([0.9185, 1.1265, 0.8984])
tCCC output nodes: tensor([0.8228, 0.6748, 0.7728])
tCCC output nodes: tensor([0.9072, 0.8524, 0.8950])
tCCC output nodes: tensor([0.8624, 0.6438, 0.8437])
tCCC output nodes: tensor([0.9217, 0.9105, 0.8587])
tCCC output nodes: tensor([0.9143, 0.6815, 0.8754])
tCCC output nodes: tensor([0.9884, 0.8402, 0.9764])
tCCC output nodes: tensor([0.9041, 0.7234, 0.8532])
tCCC output nodes: tensor([0.9570, 0.7550, 0.9554])
tCCC output nodes: tensor([0.8352, 0.7954, 0.7767])
tCCC output nodes: tensor([0.8966, 0.7957, 0.9029])
tCCC output nodes: tensor([0.8799, 0.6878, 0.8177])
tCCC output nodes: tensor([0.8804, 0.7764, 0.8500])
tCCC output nodes: tensor([0.9162, 0.7927, 0.8894])
tCCC output nodes: tensor([0.8661, 0.7307, 0.8226])
tCCC output nodes: tensor([0.9601, 1.0927, 0.9808])
tCCC output nodes: tensor([0.9731, 0.8274, 0.9307])
tCCC output nodes: tensor([0.8687, 0.6193, 0.8343])
tCCC output nodes: tensor([0.8554, 0.8810, 0.8092])
tCCC output nodes: tensor([0.8929, 0.7069, 0.8398])
tCCC output nodes: tensor([0.7758, 0.6391, 0.7482])
tCCC output nodes: tensor([0.8177, 0.6245, 0.7098])
tCCC output nodes: tensor([0.7906, 0.6554, 0.7231])
tCCC output nodes: tensor([0.8331, 0.6041, 0.7526])
tCCC output nodes: tensor([0.8839, 0.5726, 0.8363])
tCCC output nodes: tensor([0.8041, 0.6850, 0.7515])
tCCC output nodes: tensor([0.8624, 0.4141, 0.8129])
tCCC output nodes: tensor([0.8606, 0.8477, 0.8357])
tCCC output nodes: tensor([0.8069, 0.3250, 0.7637])
tCCC output nodes: tensor([0.8306, 0.6351, 0.8043])
tCCC output nodes: tensor([0.8747, 0.8392, 0.8413])
tCCC output nodes: tensor([0.9484, 0.8347, 0.9265])
tCCC output nodes: tensor([0.8854, 0.8208, 0.7956])
tCCC output nodes: tensor([0.8565, 0.3350, 0.8452])
tCCC output nodes: tensor([0.8824, 0.6770, 0.8377])
tCCC output nodes: tensor([0.8429, 0.5378, 0.8131])
tCCC output nodes: tensor([0.8987, 0.8359, 0.8506])
tCCC output nodes: tensor([0.9426, 0.9881, 0.9468])
tCCC output nodes: tensor([0.8472, 0.6907, 0.8170])
tCCC output nodes: tensor([0.8721, 0.7632, 0.8472])
tCCC output nodes: tensor([0.8753, 0.9014, 0.8322])
tCCC output nodes: tensor([0.8035, 0.5514, 0.7578])
tCCC output nodes: tensor([0.8502, 0.6175, 0.7876])
tCCC output nodes: tensor([0.8294, 0.8950, 0.7838])
tCCC output nodes: tensor([0.8723, 0.5167, 0.8464])
tCCC output nodes: tensor([0.8965, 0.6852, 0.8597])
tCCC output nodes: tensor([0.8717, 0.5943, 0.8205])
tCCC output nodes: tensor([0.9497, 0.6559, 0.9074])
tCCC output nodes: tensor([0.9382, 0.8422, 0.9468])
tCCC output nodes: tensor([0.9318, 0.8116, 0.8999])
tCCC output nodes: tensor([0.8939, 0.9115, 0.9046])
tCCC output nodes: tensor([0.8819, 0.7056, 0.8670])
tCCC output nodes: tensor([0.8925, 0.6865, 0.8278])
tCCC output nodes: tensor([0.9377, 0.8988, 0.9492])
tCCC output nodes: tensor([0.8788, 0.8837, 0.8759])
tCCC output nodes: tensor([0.8948, 0.7534, 0.8416])
tCCC output nodes: tensor([0.7406, 0.7702, 0.7204])
tCCC output nodes: tensor([0.7473, 0.8208, 0.7284])
tCCC output nodes: tensor([0.8198, 0.6973, 0.8273])
tCCC output nodes: tensor([0.9087, 0.8548, 0.8812])
tCCC output nodes: tensor([0.8873, 0.6282, 0.8548])
tCCC output nodes: tensor([0.8920, 0.6789, 0.8375])
tCCC output nodes: tensor([0.9356, 1.0657, 0.8878])
tCCC output nodes: tensor([0.7869, 0.5495, 0.7535])
tCCC output nodes: tensor([0.8991, 0.7815, 0.8899])
tCCC output nodes: tensor([0.8590, 0.5671, 0.8164])
tCCC output nodes: tensor([0.9389, 0.8743, 0.9008])
tCCC output nodes: tensor([0.9030, 0.7303, 0.8666])
tCCC output nodes: tensor([0.9974, 0.7134, 0.9988])
tCCC output nodes: tensor([0.8685, 0.6152, 0.8401])
tCCC output nodes: tensor([0.9665, 0.6530, 0.9717])
tCCC output nodes: tensor([0.7988, 0.6853, 0.7711])
tCCC output nodes: tensor([0.9816, 0.8060, 0.9932])
tCCC output nodes: tensor([0.8454, 0.5325, 0.8042])
tCCC output nodes: tensor([0.9086, 0.6499, 0.9303])
tCCC output nodes: tensor([0.8852, 0.7342, 0.8684])
tCCC output nodes: tensor([0.8934, 0.5762, 0.8525])
tCCC output nodes: tensor([0.9747, 1.0864, 1.0191])
tCCC output nodes: tensor([0.9393, 0.7053, 0.9114])
tCCC output nodes: tensor([0.9005, 0.6416, 0.8599])
tCCC output nodes: tensor([0.8505, 0.7622, 0.8155])
tCCC output nodes: tensor([0.8940, 0.4157, 0.8840])
tCCC output nodes: tensor([0.8199, 0.4968, 0.7818])
tCCC output nodes: tensor([0.8115, 0.6241, 0.7720])
tCCC output nodes: tensor([0.7381, 0.6597, 0.6943])
tCCC output nodes: tensor([0.7587, 0.5088, 0.7482])
tCCC output nodes: tensor([0.8556, 0.5953, 0.8108])
tCCC output nodes: tensor([0.7876, 0.6289, 0.7205])
tCCC output nodes: tensor([0.8312, 0.4363, 0.7670])
tCCC output nodes: tensor([0.8707, 0.8604, 0.8281])
tCCC output nodes: tensor([0.7795, 0.2487, 0.7131])
tCCC output nodes: tensor([0.8159, 0.7377, 0.7706])
tCCC output nodes: tensor([0.9122, 0.8686, 0.8937])
tCCC output nodes: tensor([0.9462, 0.8357, 0.9009])
tCCC output nodes: tensor([0.8889, 0.7745, 0.8314])
tCCC output nodes: tensor([0.8296, 0.2859, 0.8039])
tCCC output nodes: tensor([0.9190, 0.4428, 0.8478])
tCCC output nodes: tensor([0.8389, 0.5256, 0.8080])
tCCC output nodes: tensor([0.9096, 0.7813, 0.8701])
tCCC output nodes: tensor([0.8772, 0.9515, 0.8686])
tCCC output nodes: tensor([0.7858, 0.6719, 0.7256])
tCCC output nodes: tensor([0.8459, 0.7247, 0.7893])
tCCC output nodes: tensor([0.8043, 0.8531, 0.7489])
tCCC output nodes: tensor([0.8718, 0.5518, 0.8611])
tCCC output nodes: tensor([0.8296, 0.6130, 0.7396])
tCCC output nodes: tensor([0.7984, 0.8258, 0.7441])
tCCC output nodes: tensor([0.8539, 0.4723, 0.8252])
tCCC output nodes: tensor([0.8778, 0.6225, 0.8322])
tCCC output nodes: tensor([0.8234, 0.4674, 0.7657])
tCCC output nodes: tensor([0.8629, 0.6709, 0.7627])
tCCC output nodes: tensor([0.9158, 0.7761, 0.8917])
tCCC output nodes: tensor([0.8839, 0.7462, 0.8304])
tCCC output nodes: tensor([0.9112, 0.8081, 0.8916])
tCCC output nodes: tensor([0.8937, 0.6169, 0.8559])
tCCC output nodes: tensor([0.8456, 0.6255, 0.7626])
tCCC output nodes: tensor([0.9338, 0.9303, 0.9000])
tCCC output nodes: tensor([0.9037, 0.8619, 0.8675])
tCCC output nodes: tensor([0.8494, 0.7634, 0.8227])
tCCC output nodes: tensor([0.7204, 0.7363, 0.6543])
tCCC output nodes: tensor([0.6807, 0.5263, 0.5630])
tCCC output nodes: tensor([0.8081, 0.5359, 0.7345])
tCCC output nodes: tensor([0.9492, 1.0150, 0.9415])
tCCC output nodes: tensor([0.8405, 0.4826, 0.8021])
tCCC output nodes: tensor([0.9323, 0.7233, 0.9060])
tCCC output nodes: tensor([0.9167, 1.1621, 0.8880])
tCCC output nodes: tensor([0.8308, 0.6241, 0.7657])
tCCC output nodes: tensor([0.9243, 0.8151, 0.8952])
tCCC output nodes: tensor([0.8457, 0.4137, 0.7864])
tCCC output nodes: tensor([0.9298, 0.8344, 0.8739])
tCCC output nodes: tensor([0.9847, 0.7162, 0.9722])
tCCC output nodes: tensor([0.9828, 0.8761, 0.9446])
tCCC output nodes: tensor([0.8897, 0.5361, 0.8463])
tCCC output nodes: tensor([0.9477, 0.5685, 0.9344])
tCCC output nodes: tensor([0.8252, 0.6726, 0.7643])
tCCC output nodes: tensor([0.9094, 0.6996, 0.8783])
tCCC output nodes: tensor([0.8179, 0.5416, 0.7601])
tCCC output nodes: tensor([0.8907, 0.7222, 0.8565])
tCCC output nodes: tensor([0.8830, 0.7672, 0.8387])
tCCC output nodes: tensor([0.8492, 0.5251, 0.8008])
tCCC output nodes: tensor([0.9894, 1.0771, 1.0082])
tCCC output nodes: tensor([0.9330, 0.7362, 0.8943])
tCCC output nodes: tensor([0.8006, 0.5970, 0.7444])
tCCC output nodes: tensor([0.8693, 0.8310, 0.8027])
tCCC output nodes: tensor([0.8886, 0.5166, 0.8498])
tCCC output nodes: tensor([0.7546, 0.4652, 0.6782])
tCCC output nodes: tensor([0.8528, 0.6335, 0.7663])
tCCC output nodes: tensor([0.7190, 0.6730, 0.6692])
tCCC output nodes: tensor([0.7582, 0.5101, 0.7126])
tCCC output nodes: tensor([0.7534, 0.3886, 0.7323])
tCCC output nodes: tensor([0.7820, 0.4451, 0.7540])
tCCC output nodes: tensor([0.9223, 0.6299, 0.8605])
tCCC output nodes: tensor([0.8692, 0.7912, 0.8245])
tCCC output nodes: tensor([0.7680, 0.3525, 0.7281])
tCCC output nodes: tensor([0.7972, 0.6888, 0.7810])
tCCC output nodes: tensor([0.9074, 0.8261, 0.8815])
tCCC output nodes: tensor([0.9471, 0.9090, 0.9049])
tCCC output nodes: tensor([0.8551, 0.7091, 0.8040])
tCCC output nodes: tensor([0.8440, 0.3888, 0.8074])
tCCC output nodes: tensor([0.9036, 0.6039, 0.7810])
tCCC output nodes: tensor([0.8348, 0.6559, 0.8002])
tCCC output nodes: tensor([0.8918, 0.7068, 0.8159])
tCCC output nodes: tensor([0.8502, 0.8983, 0.8520])
tCCC output nodes: tensor([0.8070, 0.7086, 0.7817])
tCCC output nodes: tensor([0.8260, 0.7270, 0.7641])
tCCC output nodes: tensor([0.8486, 0.8748, 0.8182])
tCCC output nodes: tensor([0.8128, 0.4591, 0.7582])
tCCC output nodes: tensor([0.8539, 0.4608, 0.7273])
tCCC output nodes: tensor([0.7905, 0.8722, 0.7462])
tCCC output nodes: tensor([0.9173, 0.6215, 0.8503])
tCCC output nodes: tensor([0.9018, 0.7294, 0.8293])
tCCC output nodes: tensor([0.8157, 0.3285, 0.7691])
tCCC output nodes: tensor([0.8450, 0.5388, 0.7538])
tCCC output nodes: tensor([0.9182, 0.9045, 0.8733])
tCCC output nodes: tensor([0.8866, 0.7768, 0.8391])
tCCC output nodes: tensor([0.8830, 0.8862, 0.8874])
tCCC output nodes: tensor([0.8764, 0.5785, 0.8561])
tCCC output nodes: tensor([0.8979, 0.6417, 0.8575])
tCCC output nodes: tensor([0.9463, 0.9367, 0.9272])
tCCC output nodes: tensor([0.8733, 0.8991, 0.8401])
tCCC output nodes: tensor([0.8628, 0.7603, 0.7942])
tCCC output nodes: tensor([0.7255, 0.5791, 0.6930])
tCCC output nodes: tensor([0.7406, 0.6809, 0.6496])
tCCC output nodes: tensor([0.7826, 0.6150, 0.7509])
tCCC output nodes: tensor([0.9026, 1.0480, 0.8830])
tCCC output nodes: tensor([0.8118, 0.4563, 0.8093])
tCCC output nodes: tensor([0.8581, 0.6051, 0.8103])
tCCC output nodes: tensor([0.8754, 1.0550, 0.8538])
tCCC output nodes: tensor([0.7506, 0.5475, 0.7128])
tCCC output nodes: tensor([0.9289, 0.8055, 0.9231])
tCCC output nodes: tensor([0.8665, 0.5667, 0.8076])
tCCC output nodes: tensor([0.9141, 0.8156, 0.8682])
tCCC output nodes: tensor([1.0011, 0.8856, 0.9674])
tCCC output nodes: tensor([1.0113, 0.9033, 1.0239])
tCCC output nodes: tensor([0.8684, 0.6008, 0.8174])
tCCC output nodes: tensor([0.9230, 0.6107, 0.9027])
tCCC output nodes: tensor([0.8478, 0.7954, 0.8193])
tCCC output nodes: tensor([0.9481, 0.7283, 0.9139])
tCCC output nodes: tensor([0.8132, 0.2927, 0.7350])
tCCC output nodes: tensor([0.9030, 0.5400, 0.8847])
tCCC output nodes: tensor([0.9212, 0.6856, 0.8840])
tCCC output nodes: tensor([0.8744, 0.4145, 0.8370])
tCCC output nodes: tensor([0.9458, 1.1159, 0.9458])
tCCC output nodes: tensor([0.9078, 0.7103, 0.8796])
tCCC output nodes: tensor([0.8346, 0.6865, 0.7899])
tCCC output nodes: tensor([0.8777, 0.6685, 0.7938])
tCCC output nodes: tensor([0.8916, 0.4827, 0.8192])
tCCC output nodes: tensor([0.8164, 0.4462, 0.7655])
tCCC output nodes: tensor([0.8295, 0.6853, 0.7769])
tCCC output nodes: tensor([0.7971, 0.6370, 0.7259])
tCCC output nodes: tensor([0.7649, 0.4670, 0.7153])
tCCC output nodes: tensor([0.8153, 0.6433, 0.7900])
tCCC output nodes: tensor([0.8029, 0.5660, 0.7597])
tCCC output nodes: tensor([0.8608, 0.4004, 0.7909])
tCCC output nodes: tensor([0.8642, 0.8665, 0.8594])
tCCC output nodes: tensor([0.7227, 0.2696, 0.6752])
tCCC output nodes: tensor([0.7988, 0.6550, 0.7457])
tCCC output nodes: tensor([0.8612, 0.8019, 0.8683])
tCCC output nodes: tensor([0.8964, 0.7723, 0.8929])
tCCC output nodes: tensor([0.7824, 0.7417, 0.7616])
tCCC output nodes: tensor([0.8277, 0.2984, 0.7872])
tCCC output nodes: tensor([0.7415, 0.5105, 0.7095])
tCCC output nodes: tensor([0.8415, 0.5024, 0.8043])
tCCC output nodes: tensor([0.8557, 0.7983, 0.8149])
tCCC output nodes: tensor([0.9047, 0.9163, 0.8859])
tCCC output nodes: tensor([0.7664, 0.4897, 0.7446])
tCCC output nodes: tensor([0.8496, 0.7339, 0.8490])
tCCC output nodes: tensor([0.8514, 0.8823, 0.8240])
tCCC output nodes: tensor([0.7874, 0.4939, 0.7257])
tCCC output nodes: tensor([0.7708, 0.5611, 0.6859])
tCCC output nodes: tensor([0.7322, 0.7259, 0.6888])
tCCC output nodes: tensor([0.8275, 0.5120, 0.8038])
tCCC output nodes: tensor([0.8493, 0.6969, 0.7902])
tCCC output nodes: tensor([0.7815, 0.3435, 0.7165])
tCCC output nodes: tensor([0.8396, 0.6351, 0.7581])
tCCC output nodes: tensor([0.9023, 0.7511, 0.8611])
tCCC output nodes: tensor([0.8268, 0.7082, 0.8072])
tCCC output nodes: tensor([0.8753, 0.8393, 0.8775])
tCCC output nodes: tensor([0.8814, 0.5653, 0.8253])
tCCC output nodes: tensor([0.8288, 0.5145, 0.7904])
tCCC output nodes: tensor([0.9249, 0.9008, 0.9318])
tCCC output nodes: tensor([0.8570, 0.8690, 0.8377])
tCCC output nodes: tensor([0.8409, 0.8138, 0.7993])
tCCC output nodes: tensor([0.6720, 0.7327, 0.6398])
tCCC output nodes: tensor([0.7074, 0.5844, 0.6431])
tCCC output nodes: tensor([0.7566, 0.5256, 0.7410])
tCCC output nodes: tensor([0.9244, 0.9649, 0.9364])
tCCC output nodes: tensor([0.8120, 0.3776, 0.8133])
tCCC output nodes: tensor([0.8599, 0.6824, 0.8233])
tCCC output nodes: tensor([0.8865, 1.0735, 0.8322])
tCCC output nodes: tensor([0.8081, 0.5785, 0.7664])
tCCC output nodes: tensor([0.9193, 0.7956, 0.8895])
tCCC output nodes: tensor([0.8325, 0.4160, 0.7765])
tCCC output nodes: tensor([0.8927, 0.8735, 0.8654])
tCCC output nodes: tensor([0.9708, 0.6590, 0.9668])
tCCC output nodes: tensor([1.0169, 0.8668, 0.9931])
tCCC output nodes: tensor([0.8350, 0.5564, 0.8015])
tCCC output nodes: tensor([0.8970, 0.5100, 0.8921])
tCCC output nodes: tensor([0.7833, 0.6693, 0.7540])
tCCC output nodes: tensor([0.9380, 0.7197, 0.9275])
tCCC output nodes: tensor([0.8156, 0.5548, 0.7381])
tCCC output nodes: tensor([0.8988, 0.6763, 0.8929])
tCCC output nodes: tensor([0.8795, 0.6323, 0.8618])
tCCC output nodes: tensor([0.8361, 0.5532, 0.8090])
tCCC output nodes: tensor([1.0129, 1.0974, 1.0260])
tCCC output nodes: tensor([0.9156, 0.6836, 0.8709])
tCCC output nodes: tensor([0.8147, 0.4915, 0.7638])
tCCC output nodes: tensor([0.7961, 0.7659, 0.7835])
tCCC output nodes: tensor([0.8950, 0.5005, 0.8491])
tCCC output nodes: tensor([0.7311, 0.3746, 0.6786])
tCCC output nodes: tensor([0.8304, 0.6691, 0.7873])
tCCC output nodes: tensor([0.7539, 0.7292, 0.7158])
tCCC output nodes: tensor([0.6842, 0.4378, 0.6506])
tCCC output nodes: tensor([0.7765, 0.3750, 0.7377])
