/nas/student/NicolasKolbenschlag/emotion_uncertainty_bachelorarbeit/MuSe-LSTM-Attention-baseline-model/emotion_recognition/main_uncertainty.py --feature_set bert-4 --emo_dim_set valence --epochs 100 --refresh --n_seeds 2 --seed 314 --attn --rnn_bi --loss ccc
Constructing dataset and data loader ...
Constructing data from scratch ...
Traceback (most recent call last):
  File "/nas/student/NicolasKolbenschlag/emotion_uncertainty_bachelorarbeit/MuSe-LSTM-Attention-baseline-model/emotion_recognition/main_uncertainty.py", line 341, in <module>
    main(params)
  File "/nas/student/NicolasKolbenschlag/emotion_uncertainty_bachelorarbeit/MuSe-LSTM-Attention-baseline-model/emotion_recognition/main_uncertainty.py", line 163, in main
    data = utils.load_data(params, params.feature_set, params.emo_dim_set, params.normalize, params.label_preproc, params.norm_opts, params.segment_type, params.win_len, params.hop_len, save=params.cache, refresh=params.refresh, add_seg_id=params.add_seg_id, annotator=params.annotator)
  File "/nas/student/NicolasKolbenschlag/emotion_uncertainty_bachelorarbeit/MuSe-LSTM-Attention-baseline-model/emotion_recognition/utils.py", line 69, in load_data
    vid2partition, partition2vid = get_data_partition(config.PARTITION_FILE)
  File "/nas/student/NicolasKolbenschlag/emotion_uncertainty_bachelorarbeit/MuSe-LSTM-Attention-baseline-model/emotion_recognition/utils.py", line 321, in get_data_partition
    df = pd.read_csv(partition_file)
  File "/nas/student/NicolasKolbenschlag/emotion_uncertainty_bachelorarbeit/venv/lib/python3.7/site-packages/pandas/io/parsers.py", line 688, in read_csv
    return _read(filepath_or_buffer, kwds)
  File "/nas/student/NicolasKolbenschlag/emotion_uncertainty_bachelorarbeit/venv/lib/python3.7/site-packages/pandas/io/parsers.py", line 454, in _read
    parser = TextFileReader(fp_or_buf, **kwds)
  File "/nas/student/NicolasKolbenschlag/emotion_uncertainty_bachelorarbeit/venv/lib/python3.7/site-packages/pandas/io/parsers.py", line 948, in __init__
    self._make_engine(self.engine)
  File "/nas/student/NicolasKolbenschlag/emotion_uncertainty_bachelorarbeit/venv/lib/python3.7/site-packages/pandas/io/parsers.py", line 1180, in _make_engine
    self._engine = CParserWrapper(self.f, **self.options)
  File "/nas/student/NicolasKolbenschlag/emotion_uncertainty_bachelorarbeit/venv/lib/python3.7/site-packages/pandas/io/parsers.py", line 2010, in __init__
    self._reader = parsers.TextReader(src, **kwds)
  File "pandas/_libs/parsers.pyx", line 382, in pandas._libs.parsers.TextReader.__cinit__
  File "pandas/_libs/parsers.pyx", line 674, in pandas._libs.parsers.TextReader._setup_parser_source
FileNotFoundError: [Errno 2] No such file or directory: 'c1_muse_wild/partition.csv'
python3: can't open file '/nas/student/NicolasKolbenschlag/emotion_uncertainty_bachelorarbeit/MuSe-LSTM-Attention-baseline-model/emotion_recognition/main_uncertainty.py --feature_set bert-4 --emo_dim_set valence --epochs 100 --refresh --n_seeds 2 --seed 314 --attn --rnn_bi --loss ccc --ume_rolling_scaling_window 10': [Errno 2] No such file or directory
python3: can't open file '/nas/student/NicolasKolbenschlag/emotion_uncertainty_bachelorarbeit/MuSe-LSTM-Attention-baseline-model/emotion_recognition/main_uncertainty.py --feature_set bert-4 --emo_dim_set valence --epochs 100 --refresh --n_seeds 2 --seed 314 --attn --rnn_bi --loss ccc --ume_rolling_scaling_window 200': [Errno 2] No such file or directory
python3: can't open file '/nas/student/NicolasKolbenschlag/emotion_uncertainty_bachelorarbeit/MuSe-LSTM-Attention-baseline-model/emotion_recognition/main_uncertainty.py --feature_set bert-4 --emo_dim_set valence --epochs 100 --refresh --n_seeds 2 --seed 314 --attn --rnn_bi --loss ccc --ume_rolling_scaling_window 500': [Errno 2] No such file or directory
