with utils.MSELoss

/nas/student/NicolasKolbenschlag/emotion_uncertainty_bachelorarbeit/MuSe-LSTM-Attention-baseline-model/emotion_recognition/main_uncertainty.py --feature_set bert-4 --emo_dim_set valence --epochs 100 --refresh --n_seeds 2 --seed 314 --attn --rnn_bi --loss ccc --not_measure_uncertainty --predict_subjectivity
Constructing dataset and data loader ...
Constructing data from scratch ...
Found cached annotator 2 video mapping.
Constructing data from scratch ...
No label preprocessing (min -0.6726, max 1.0).
Found cached annotator 2 video mapping.
Constructing data from scratch ...
No label preprocessing (min -1.0, max 1.0).
Found cached annotator 2 video mapping.
Constructing data from scratch ...
No label preprocessing (min -0.7353, max 0.80704).
Found cached annotator 2 video mapping.
Constructing data from scratch ...
No label preprocessing (min -0.9549, max 1.0).
Found cached annotator 2 video mapping.
Constructing data from scratch ...
No label preprocessing (min -0.9706, max 0.9218999999999999).
Found cached annotator 2 video mapping.
Constructing data from scratch ...
No label preprocessing (min -0.39030000000000004, max 0.4687).
Found cached annotator 2 video mapping.
Constructing data from scratch ...
No label preprocessing (min -0.98725, max 1.0).
Found cached annotator 2 video mapping.
Constructing data from scratch ...
No label preprocessing (min -0.8137000000000001, max 1.0).
Found cached annotator 2 video mapping.
Constructing data from scratch ...
Exception for annotator 9: 9
Found cached annotator 2 video mapping.
Constructing data from scratch ...
Exception for annotator 10: 10
Found cached annotator 2 video mapping.
Constructing data from scratch ...
Exception for annotator 11: 11
Found cached annotator 2 video mapping.
Constructing data from scratch ...
Exception for annotator 12: 12
Found cached annotator 2 video mapping.
Constructing data from scratch ...
Exception for annotator 13: 13
Found cached annotator 2 video mapping.
Constructing data from scratch ...
Exception for annotator 14: 14
Found cached annotator 2 video mapping.
Constructing data from scratch ...
No label preprocessing (min -0.58476, max 1.0).
Found cached annotator 2 video mapping.
Constructing data from scratch ...
Exception for annotator 16: 16
Found cached annotator 2 video mapping.
Constructing data from scratch ...
Exception for annotator 17: 17
Samples in partitions: (3132, 62, 64)
Input feature dim: 768.
==================================================
Training model... [seed 314]
Note: target can not be optimized for 15 consecutive epochs, early stop the training process!
Seed 314 | Best [Val CCC]: 0.4527 [' 0.4527']| Loss: 0.6004 | PCC: 0.4564 ['0.4564'] | RMSE: 0.1795 ['0.1795']
In train.evaluate_with_subjectivities
full_preds_all: (86962, 2)
full_preds_emo: (86962, 1)
full_preds_sub: (86962, 1)
full_subjectivities: (86962, 1)
full_labels: (86962, 1)
-----Evaluation of subjectivity prediction-----
mse: [0.029010583]
ccc: [-0.00537791008956462]
var_label: [0.027858062]
var_pred: [0.0002650325]
-----------------------------------------------
On Test: CCC  0.5778 | PCC  0.5825 | RMSE  0.1649
==================================================
Training model... [seed 315]
Note: target can not be optimized for 15 consecutive epochs, early stop the training process!
Seed 315 | Best [Val CCC]: 0.4290 [' 0.4290']| Loss: 0.6245 | PCC: 0.4338 ['0.4338'] | RMSE: 0.1815 ['0.1815']
In train.evaluate_with_subjectivities
full_preds_all: (86962, 2)
full_preds_emo: (86962, 1)
full_preds_sub: (86962, 1)
full_subjectivities: (86962, 1)
full_labels: (86962, 1)
-----Evaluation of subjectivity prediction-----
mse: [0.02878541]
ccc: [0.0032680581980024425]
var_label: [0.027858062]
var_pred: [0.0002459181]
-----------------------------------------------
On Test: CCC  0.6139 | PCC  0.6212 | RMSE  0.1565
==================================================
On ground-truth labels:	Best	[Val CCC] for seed "314":	 0.4527
On ground-truth labels:		[Test CCC] for seed "314":	 0.5778
----------------------------------------------------------------------------------------------------
Delete model "/nas/student/NicolasKolbenschlag/emotion_uncertainty_bachelorarbeit/MuSe-LSTM-Attention-baseline-model/output/model/2021-05-23-05-40_[bert-4]_[valence]_[NOSEG]_[lstm_64_1_True]_[True_1_4]_[0.005_1024_0.0_0.0_0.0]_None_[2_314_None_None].pth".
